{"numFailedTestSuites":1,"numFailedTests":4,"numPassedTestSuites":0,"numPassedTests":56,"numPendingTestSuites":0,"numPendingTests":0,"numRuntimeErrorTestSuites":0,"numTodoTests":0,"numTotalTestSuites":1,"numTotalTests":60,"openHandles":[],"snapshot":{"added":0,"didUpdate":false,"failure":false,"filesAdded":0,"filesRemoved":0,"filesRemovedList":[],"filesUnmatched":0,"filesUpdated":0,"matched":0,"total":0,"unchecked":0,"uncheckedKeysByFile":[],"unmatched":0,"updated":0},"startTime":1778534522972,"success":false,"testResults":[{"assertionResults":[{"ancestorTitles":["AccSettings - loading"],"failureMessages":[],"fullName":"AccSettings - loading shows a loading message before data resolves","location":null,"status":"passed","title":"shows a loading message before data resolves"},{"ancestorTitles":["AccSettings - loading"],"failureMessages":[],"fullName":"AccSettings - loading removes the loading message after data is fetched","location":null,"status":"passed","title":"removes the loading message after data is fetched"},{"ancestorTitles":["AccSettings - loading"],"failureMessages":[],"fullName":"AccSettings - loading does not fetch when uid is absent","location":null,"status":"passed","title":"does not fetch when uid is absent"},{"ancestorTitles":["AccSettings - rendering"],"failureMessages":[],"fullName":"AccSettings - rendering renders the Account Settings heading","location":null,"status":"passed","title":"renders the Account Settings heading"},{"ancestorTitles":["AccSettings - rendering"],"failureMessages":[],"fullName":"AccSettings - rendering renders all four section headings","location":null,"status":"passed","title":"renders all four section headings"},{"ancestorTitles":["AccSettings - rendering"],"failureMessages":[],"fullName":"AccSettings - rendering renders the Save Changes button","location":null,"status":"passed","title":"renders the Save Changes button"},{"ancestorTitles":["AccSettings - rendering"],"failureMessages":[],"fullName":"AccSettings - rendering renders the Delete Account button","location":null,"status":"passed","title":"renders the Delete Account button"},{"ancestorTitles":["AccSettings - rendering"],"failureMessages":[],"fullName":"AccSettings - rendering renders all 7 days in the hours grid","location":null,"status":"passed","title":"renders all 7 days in the hours grid"},{"ancestorTitles":["AccSettings - rendering"],"failureMessages":[],"fullName":"AccSettings - rendering renders logo and banner upload areas","location":null,"status":"passed","title":"renders logo and banner upload areas"},{"ancestorTitles":["AccSettings - rendering"],"failureMessages":[],"fullName":"AccSettings - rendering renders a character counter for description","location":null,"status":"passed","title":"renders a character counter for description"},{"ancestorTitles":["AccSettings - data loading into fields"],"failureMessages":[],"fullName":"AccSettings - data loading into fields populates the store name field from Firestore","location":null,"status":"passed","title":"populates the store name field from Firestore"},{"ancestorTitles":["AccSettings - data loading into fields"],"failureMessages":[],"fullName":"AccSettings - data loading into fields populates the description field from Firestore","location":null,"status":"passed","title":"populates the description field from Firestore"},{"ancestorTitles":["AccSettings - data loading into fields"],"failureMessages":[],"fullName":"AccSettings - data loading into fields populates the address field from Firestore","location":null,"status":"passed","title":"populates the address field from Firestore"},{"ancestorTitles":["AccSettings - data loading into fields"],"failureMessages":[],"fullName":"AccSettings - data loading into fields populates the store phone field from Firestore","location":null,"status":"passed","title":"populates the store phone field from Firestore"},{"ancestorTitles":["AccSettings - data loading into fields"],"failureMessages":[],"fullName":"AccSettings - data loading into fields populates the full name field from Firestore","location":null,"status":"passed","title":"populates the full name field from Firestore"},{"ancestorTitles":["AccSettings - data loading into fields"],"failureMessages":[],"fullName":"AccSettings - data loading into fields populates the email field from Firestore","location":null,"status":"passed","title":"populates the email field from Firestore"},{"ancestorTitles":["AccSettings - data loading into fields"],"failureMessages":[],"fullName":"AccSettings - data loading into fields populates the personal contact field from Firestore","location":null,"status":"passed","title":"populates the personal contact field from Firestore"},{"ancestorTitles":["AccSettings - data loading into fields"],"failureMessages":[],"fullName":"AccSettings - data loading into fields shows a logo image when logoURL is set","location":null,"status":"passed","title":"shows a logo image when logoURL is set"},{"ancestorTitles":["AccSettings - data loading into fields"],"failureMessages":[],"fullName":"AccSettings - data loading into fields shows a banner image when bannerURL is set","location":null,"status":"passed","title":"shows a banner image when bannerURL is set"},{"ancestorTitles":["AccSettings - data loading into fields"],"failureMessages":["Error: Unable to find an element with the text: Click to change logo. This could be because the text is broken up by multiple elements. In this case, you can provide a function for your text matcher to make your matcher more flexible.\n\nIgnored nodes: comments, script, style\n\u001b[36m<body>\u001b[39m\n  \u001b[36m<div>\u001b[39m\n    \u001b[36m<article\u001b[39m\n      \u001b[33mclass\u001b[39m=\u001b[32m\"acc-settings\"\u001b[39m\n    \u001b[36m>\u001b[39m\n      \u001b[36m<header\u001b[39m\n        \u001b[33mclass\u001b[39m=\u001b[32m\"acc-settings__header\"\u001b[39m\n      \u001b[36m>\u001b[39m\n        \u001b[36m<h1>\u001b[39m\n          \u001b[0mAccount Settings\u001b[0m\n        \u001b[36m</h1>\u001b[39m\n        \u001b[36m<p>\u001b[39m\n          \u001b[0mManage your store details and personal information.\u001b[0m\n        \u001b[36m</p>\u001b[39m\n      \u001b[36m</header>\u001b[39m\n      \u001b[36m<section\u001b[39m\n        \u001b[33mclass\u001b[39m=\u001b[32m\"acc-card\"\u001b[39m\n      \u001b[36m>\u001b[39m\n        \u001b[36m<h2\u001b[39m\n          \u001b[33mclass\u001b[39m=\u001b[32m\"acc-card__title\"\u001b[39m\n        \u001b[36m>\u001b[39m\n          \u001b[0mStore Details\u001b[0m\n        \u001b[36m</h2>\u001b[39m\n        \u001b[36m<p\u001b[39m\n          \u001b[33mclass\u001b[39m=\u001b[32m\"acc-field\"\u001b[39m\n        \u001b[36m>\u001b[39m\n          \u001b[36m<label>\u001b[39m\n            \u001b[0mStore Name\u001b[0m\n          \u001b[36m</label>\u001b[39m\n          \u001b[36m<input\u001b[39m\n            \u001b[33mtype\u001b[39m=\u001b[32m\"text\"\u001b[39m\n            \u001b[33mvalue\u001b[39m=\u001b[32m\"Red Dragon Burgers\"\u001b[39m\n          \u001b[36m/>\u001b[39m\n        \u001b[36m</p>\u001b[39m\n        \u001b[36m<p\u001b[39m\n          \u001b[33mclass\u001b[39m=\u001b[32m\"acc-field\"\u001b[39m\n        \u001b[36m>\u001b[39m\n          \u001b[36m<label>\u001b[39m\n            \u001b[0mCategory\u001b[0m\n          \u001b[36m</label>\u001b[39m\n          \u001b[36m<select>\u001b[39m\n            \u001b[36m<option\u001b[39m\n              \u001b[33mvalue\u001b[39m=\u001b[32m\"\"\u001b[39m\n            \u001b[36m>\u001b[39m\n              \u001b[0m-- Select --\u001b[0m\n            \u001b[36m</option>\u001b[39m\n            \u001b[36m<option\u001b[39m\n              \u001b[33mvalue\u001b[39m=\u001b[32m\"Fast Food\"\u001b[39m\n            \u001b[36m>\u001b[39m\n              \u001b[0mFast Food\u001b[0m\n            \u001b[36m</option>\u001b[39m\n            \u001b[36m<option\u001b[39m\n              \u001b[33mvalue\u001b[39m=\u001b[32m\"Traditional\"\u001b[39m\n            \u001b[36m>\u001b[39m\n              \u001b[0mTraditional\u001b[0m\n            \u001b[36m</option>\u001b[39m\n            \u001b[36m<option\u001b[39m\n              \u001b[33mvalue\u001b[39m=\u001b[32m\"Halal\"\u001b[39m\n            \u001b[36m>\u001b[39m\n              \u001b[0mHalal\u001b[0m\n            \u001b[36m</option>\u001b[39m\n            \u001b[36m<option\u001b[39m\n              \u001b[33mvalue\u001b[39m=\u001b[32m\"Vegetarian\"\u001b[39m\n            \u001b[36m>\u001b[39m\n              \u001b[0mVegetarian\u001b[0m\n            \u001b[36m</option>\u001b[39m\n            \u001b[36m<option\u001b[39m\n              \u001b[33mvalue\u001b[39m=\u001b[32m\"Seafood\"\u001b[39m\n            \u001b[36m>\u001b[39m\n              \u001b[0mSeafood\u001b[0m\n            \u001b[36m</option>\u001b[39m\n            \u001b[36m<option\u001b[39m\n              \u001b[33mvalue\u001b[39m=\u001b[32m\"Desserts & Drinks\"\u001b[39m\n            \u001b[36m>\u001b[39m\n              \u001b[0mDesserts & Drinks\u001b[0m\n            \u001b[36m</option>\u001b[39m\n            \u001b[36m<option\u001b[39m\n              \u001b[33mvalue\u001b[39m=\u001b[32m\"Grills & Braai\"\u001b[39m\n            \u001b[36m>\u001b[39m\n              \u001b[0mGrills & Braai\u001b[0m\n            \u001b[36m</option>\u001b[39m\n            \u001b[36m<option\u001b[39m\n              \u001b[33mvalue\u001b[39m=\u001b[32m\"Other\"\u001b[39m\n            \u001b[36m>\u001b[39m\n              \u001b[0mOther\u001b[0m\n            \u001b[36m</option>\u001b[39m\n          \u001b[36m</select>\u001b[39m\n        \u001b[36m</p>\u001b[39m\n        \u001b[36m<p\u001b[39m\n          \u001b[33mclass\u001b[39m=\u001b[32m\"acc-field\"\u001b[39m\n        \u001b[36m>\u001b[39m\n          \u001b[36m<label>\u001b[39m\n            \u001b[0mDescription\u001b[0m\n          \u001b[36m</label>\u001b[39m\n          \u001b[36m<textarea\u001b[39m\n            \u001b[33mmaxlength\u001b[39m=\u001b[32m\"200\"\u001b[39m\n            \u001b[33mrows\u001b[39m=\u001b[32m\"3\"\u001b[39m\n          \u001b[36m>\u001b[39m\n            \u001b[0mBest burgers in town\u001b[0m\n          \u001b[36m</textarea>\u001b[39m\n          \u001b[36m<output\u001b[39m\n            \u001b[33mclass\u001b[39m=\u001b[32m\"acc-field__count\"\u001b[39m\n          \u001b[36m>\u001b[39m\n            \u001b[0m20\u001b[0m\n            \u001b[0m/200\u001b[0m\n          \u001b[36m</output>\u001b[39m\n        \u001b[36m</p>\u001b[39m\n        \u001b[36m<p\u001b[39m\n          \u001b[33mclass\u001b[39m=\u001b[32m\"acc-field\"\u001b[39m\n        \u001b[36m>\u001b[39m\n          \u001b[36m<label>\u001b[39m\n            \u001b[0mAddress\u001b[0m\n          \u001b[36m</label>\u001b[39m\n          \u001b[36m<input\u001b[39m\n            \u001b[33mtype\u001b[39m=\u001b[32m\"text\"\u001b[39m\n            \u001b[33mvalue\u001b[39m=\u001b[32m\"123 Main Street\"\u001b[39m\n          \u001b[36m/>\u001b[39m\n        \u001b[36m</p>\u001b[39m\n        \u001b[36m<p\u001b[39m\n          \u001b[33mclass\u001b[39m=\u001b[32m\"acc-field\"\u001b[39m\n        \u001b[36m>\u001b[39m\n          \u001b[36m<label>\u001b[39m\n            \u001b[0mStore Contact Number\u001b[0m\n          \u001b[36m</label>\u001b[39m\n          \u001b[36m<input\u001b[39m\n            \u001b[33mtype\u001b[39m=\u001b[32m\"tel\"\u001b[39m\n            \u001b[33mvalue\u001b[39m=\u001b[32m\"0821234567\"\u001b[39m\n          \u001b[36m/>\u001b[39m\n        \u001b[36m</p>\u001b[39m\n        \u001b[36m<section\u001b[39m\n          \u001b[33mclass\u001b[39m=\u001b[32m\"acc-field\"\u001b[39m\n        \u001b[36m>\u001b[39m\n          \u001b[36m<label>\u001b[39m\n            \u001b[0mOperating Hours\u001b[0m\n          \u001b[36m</label>\u001b[39m\n          \u001b[36m<ul\u001b[39m\n            \u001b[33mclass\u001b[39m=\u001b[32m\"hours-grid\"\u001b[39m\n          \u001b[36m>\u001b[39m\n            \u001b[36m<li\u001b[39m\n              \u001b[33mclass\u001b[39m=\u001b[32m\"hours-row\"\u001b[39m\n            \u001b[36m>\u001b[39m\n              \u001b[36m<abbr\u001b[39m\n                \u001b[33mclass\u001b[39m=\u001b[32m\"hours-day\"\u001b[39m\n                \u001b[33mtitle\u001b[39m=\u001b[32m\"Monday\"\u001b[39m\n              \u001b[36m>\u001b[39m\n                \u001b[0mMon\u001b[0m\n              \u001b[36m</abbr>\u001b[39m\n              \u001b[36m<label\u001b[39m\n                \u001b[33mclass\u001b[39m=\u001b[32m\"hours-closed\"\u001b[39m\n              \u001b[36m>\u001b[39m\n                \u001b[36m<input\u001b[39m\n                  \u001b[33mtype\u001b[39m=\u001b[32m\"checkbox\"\u001b[39m\n                \u001b[36m/>\u001b[39m\n                \u001b[0mClosed\u001b[0m\n              \u001b[36m</label>\u001b[39m\n              \u001b[36m<input\u001b[39m\n                \u001b[33mclass\u001b[39m=\u001b[32m\"hours-time\"\u001b[39m\n                \u001b[33mtype\u001b[39m=\u001b[32m\"time\"\u001b[39m\n                \u001b[33mvalue\u001b[39m=\u001b[32m\"08:00\"\u001b[39m\n              \u001b[36m/>\u001b[39m\n              \u001b[36m<span\u001b[39m\n                \u001b[33mclass\u001b[39m=\u001b[32m\"hours-sep\"\u001b[39m\n              \u001b[36m>\u001b[39m\n                \u001b[0m–\u001b[0m\n              \u001b[36m</span>\u001b[39m\n              \u001b[36m<input\u001b[39m\n                \u001b[33mclass\u001b[39m=\u001b[32m\"hours-time\"\u001b[39m\n                \u001b[33mtype\u001b[39m=\u001b[32m\"time\"\u001b[39m\n                \u001b[33mvalue\u001b[39m=\u001b[32m\"18:00\"\u001b[39m\n              \u001b[36m/>\u001b[39m\n            \u001b[36m</li>\u001b[39m\n            \u001b[36m<li\u001b[39m\n              \u001b[33mclass\u001b[39m=\u001b[32m\"hours-row\"\u001b[39m\n            \u001b[36m>\u001b[39m\n              \u001b[36m<abbr\u001b[39m\n                \u001b[33mclass\u001b[39m=\u001b[32m\"hours-day\"\u001b[39m\n                \u001b[33mtitle\u001b[39m=\u001b[32m\"Tuesday\"\u001b[39m\n              \u001b[36m>\u001b[39m\n                \u001b[0mTue\u001b[0m\n              \u001b[36m</abbr>\u001b[39m\n              \u001b[36m<label\u001b[39m\n                \u001b[33mclass\u001b[39m=\u001b[32m\"hours-closed\"\u001b[39m\n              \u001b[36m>\u001b[39m\n                \u001b[36m<input\u001b[39m\n                  \u001b[33mtype\u001b[39m=\u001b[32m\"checkbox\"\u001b[39m\n                \u001b[36m/>\u001b[39m\n                \u001b[0mClosed\u001b[0m\n              \u001b[36m</label>\u001b[39m\n              \u001b[36m<input\u001b[39m\n                \u001b[33mclass\u001b[39m=\u001b[32m\"hours-time\"\u001b[39m\n                \u001b[33mtype\u001b[39m=\u001b[32m\"time\"\u001b[39m\n                \u001b[33mvalue\u001b[39m=\u001b[32m\"08:00\"\u001b[39m\n              \u001b[36m/>\u001b[39m\n              \u001b[36m<span\u001b[39m\n                \u001b[33mclass\u001b[39m=\u001b[32m\"hours-sep\"\u001b[39m\n              \u001b[36m>\u001b[39m\n                \u001b[0m–\u001b[0m\n              \u001b[36m</span>\u001b[39m\n              \u001b[36m<input\u001b[39m\n                \u001b[33mclass\u001b[39m=\u001b[32m\"hours-time\"\u001b[39m\n                \u001b[33mtype\u001b[39m=\u001b[32m\"time\"\u001b[39m\n                \u001b[33mvalue\u001b[39m=\u001b[32m\"20:00\"\u001b[39m\n              \u001b[36m/>\u001b[39m\n            \u001b[36m</li>\u001b[39m\n            \u001b[36m<li\u001b[39m\n              \u001b[33mclass\u001b[39m=\u001b[32m\"hours-row\"\u001b[39m\n            \u001b[36m>\u001b[39m\n              \u001b[36m<abbr\u001b[39m\n                \u001b[33mclass\u001b[39m=\u001b[32m\"hours-day\"\u001b[39m\n                \u001b[33mtitle\u001b[39m=\u001b[32m\"Wednesday\"\u001b[39m\n              \u001b[36m>\u001b[39m\n                \u001b[0mWed\u001b[0m\n              \u001b[36m</abbr>\u001b[39m\n              \u001b[36m<label\u001b[39m\n                \u001b[33mclass\u001b[39m=\u001b[32m\"hours-closed\"\u001b[39m\n              \u001b[36m>\u001b[39m\n                \u001b[36m<input\u001b[39m\n                  \u001b[33mtype\u001b[39m=\u001b[32m\"checkbox\"\u001b[39m\n                \u001b[36m/>\u001b[39m\n                \u001b[0mClosed\u001b[0m\n              \u001b[36m</label>\u001b[39m\n              \u001b[36m<input\u001b[39m\n                \u001b[33mclass\u001b[39m=\u001b[32m\"hours-time\"\u001b[39m\n                \u001b[33mtype\u001b[39m=\u001b[32m\"time\"\u001b[39m\n                \u001b[33mvalue\u001b[39m=\u001b[32m\"08:00\"\u001b[39m\n              \u001b[36m/>\u001b[39m\n              \u001b[36m<span\u001b[39m\n                \u001b[33mclass\u001b[39m=\u001b[32m\"hours-sep\"\u001b[39m\n              \u001b[36m>\u001b[39m\n                \u001b[0m–\u001b[0m\n              \u001b[36m</span>\u001b[39m\n              \u001b[36m<input\u001b[39m\n                \u001b[33mclass\u001b[39m=\u001b[32m\"hours-time\"\u001b[39m\n                \u001b[33mtype\u001b[39m=\u001b[32m\"time\"\u001b[39m\n                \u001b[33mvalue\u001b[39m=\u001b[32m\"20:00\"\u001b[39m\n              \u001b[36m/>\u001b[39m\n            \u001b[36m</li>\u001b[39m\n            \u001b[36m<li\u001b[39m\n              \u001b[33mclass\u001b[39m=\u001b[32m\"hours-row\"\u001b[39m\n            \u001b[36m>\u001b[39m\n              \u001b[36m<abbr\u001b[39m\n                \u001b[33mclass\u001b[39m=\u001b[32m\"hours-day\"\u001b[39m\n                \u001b[33mtitle\u001b[39m=\u001b[32m\"Thursday\"\u001b[39m\n              \u001b[36m>\u001b[39m\n                \u001b[0mThu\u001b[0m\n              \u001b[36m</abbr>\u001b[39m\n              \u001b[36m<label\u001b[39m\n                \u001b[33mclass\u001b[39m=\u001b[32m\"hours-closed\"\u001b[39m\n              \u001b[36m>\u001b[39m\n                \u001b[36m<input\u001b[39m\n                  \u001b[33mtype\u001b[39m=\u001b[32m\"checkbox\"\u001b[39m\n                \u001b[36m/>\u001b[39m\n                \u001b[0mClosed\u001b[0m\n              \u001b[36m</label>\u001b[39m\n              \u001b[36m<input\u001b[39m\n                \u001b[33mclass\u001b[39m=\u001b[32m\"hours-time\"\u001b[39m\n                \u001b[33mtype\u001b[39m=\u001b[32m\"time\"\u001b[39m\n                \u001b[33mvalue\u001b[39m=\u001b[32m\"08:00\"\u001b[39m\n              \u001b[36m/>\u001b[39m\n              \u001b[36m<span\u001b[39m\n                \u001b[33mclass\u001b[39m=\u001b[32m\"hours-sep\"\u001b[39m\n              \u001b[36m>\u001b[39m\n                \u001b[0m–\u001b[0m\n              \u001b[36m</span>\u001b[39m\n              \u001b[36m<input\u001b[39m\n                \u001b[33mclass\u001b[39m=\u001b[32m\"hours-time\"\u001b[39m\n                \u001b[33mtype\u001b[39m=\u001b[32m\"time\"\u001b[39m\n                \u001b[33mvalue\u001b[39m=\u001b[32m\"20:00\"\u001b[39m\n              \u001b[36m/>\u001b[39m\n            \u001b[36m</li>\u001b[39m\n            \u001b[36m<li\u001b[39m\n              \u001b[33mclass\u001b[39m=\u001b[32m\"hours-row\"\u001b[39m\n            \u001b[36m>\u001b[39m\n              \u001b[36m<abbr\u001b[39m\n                \u001b[33mclass\u001b[39m=\u001b[32m\"hours-day\"\u001b[39m\n                \u001b[33mtitle\u001b[39m=\u001b[32m\"Friday\"\u001b[39m\n              \u001b[36m>\u001b[39m\n                \u001b[0mFri\u001b[0m\n              \u001b[36m</abbr>\u001b[39m\n              \u001b[36m<label\u001b[39m\n                \u001b[33mclass\u001b[39m=\u001b[32m\"hours-closed\"\u001b[39m\n              \u001b[36m>\u001b[39m\n                \u001b[36m<input\u001b[39m\n                  \u001b[33mtype\u001b[39m=\u001b[32m\"checkbox\"\u001b[39m\n                \u001b[36m/>\u001b[39m\n                \u001b[0mClosed\u001b[0m\n              \u001b[36m</label>\u001b[39m\n              \u001b[36m<input\u001b[39m\n                \u001b[33mclass\u001b[39m=\u001b[32m\"hours-time\"\u001b[39m\n                \u001b[33mtype\u001b[39m=\u001b[32m\"time\"\u001b[39m\n                \u001b[33mvalue\u001b[39m=\u001b[32m\"08:00\"\u001b[39m\n              \u001b[36m/>\u001b[39m\n              \u001b[36m<span\u001b[39m\n                \u001b[33mclass\u001b[39m=\u001b[32m\"hours-sep\"\u001b[39m\n              \u001b[36m>\u001b[39m\n                \u001b[0m–\u001b[0m\n              \u001b[36m</span>\u001b[39m\n              \u001b[36m<input\u001b[39m\n                \u001b[33mclass\u001b[39m=\u001b[32m\"hours-time\"\u001b[39m\n                \u001b[33mtype\u001b[39m=\u001b[32m\"time\"\u001b[39m\n                \u001b[33mvalue\u001b[39m=\u001b[32m\"20:00\"\u001b[39m\n              \u001b[36m/>\u001b[39m\n            \u001b[36m</li>\u001b[39m\n            \u001b[36m<li\u001b[39m\n              \u001b[33mclass\u001b[39m=\u001b[32m\"hours-row\"\u001b[39m\n            \u001b[36m>\u001b[39m\n              \u001b[36m<abbr\u001b[39m\n                \u001b[33mclass\u001b[39m=\u001b[32m\"hours-day\"\u001b[39m\n                \u001b[33mtitle\u001b[39m=\u001b[32m\"Saturday\"\u001b[39m\n              \u001b[36m>\u001b[39m\n                \u001b[0mSat\u001b[0m\n              \u001b[36m</abbr>\u001b[39m\n              \u001b[36m<label\u001b[39m\n                \u001b[33mclass\u001b[39m=\u001b[32m\"hours-closed\"\u001b[39m\n              \u001b[36m>\u001b[39m\n                \u001b[36m<input\u001b[39m\n                  \u001b[33mtype\u001b[39m=\u001b[32m\"checkbox\"\u001b[39m\n                \u001b[36m/>\u001b[39m\n                \u001b[0mClosed\u001b[0m\n              \u001b[36m</label>\u001b[39m\n              \u001b[36m<input\u001b[39m\n                \u001b[33mclass\u001b[39m=\u001b[32m\"hours-time\"\u001b[39m\n                \u001b[33mtype\u001b[39m=\u001b[32m\"time\"\u001b[39m\n                \u001b[33mvalue\u001b[39m=\u001b[32m\"08:00\"\u001b[39m\n              \u001b[36m/>\u001b[39m\n              \u001b[36m<span\u001b[39m\n                \u001b[33mclass\u001b[39m=\u001b[32m\"hours-sep\"\u001b[39m\n              \u001b[36m>\u001b[39m\n                \u001b[0m–\u001b[0m\n              \u001b[36m</span>\u001b[39m\n              \u001b[36m<input\u001b[39m\n                \u001b[33mclass\u001b[39m=\u001b[32m\"hours-time\"\u001b[39m\n                \u001b[33mtype\u001b[39m=\u001b[32m\"time\"\u001b[39m\n                \u001b[33mvalue\u001b[39m=\u001b[32m\"20:00\"\u001b[39m\n              \u001b[36m/>\u001b[39m\n            \u001b[36m</li>\u001b[39m\n            \u001b[36m<li\u001b[39m\n              \u001b[33mclass\u001b[39m=\u001b[32m\"hours-row\"\u001b[39m\n            \u001b[36m>\u001b[39m\n              \u001b[36m<abbr\u001b[39m\n                \u001b[33mclass\u001b[39m=\u001b[32m\"hours-day\"\u001b[39m\n                \u001b[33mtitle\u001b[39m=\u001b[32m\"Sunday\"\u001b[39m\n              \u001b[36m>\u001b[39m\n                \u001b[0mSun\u001b[0m\n              \u001b[36m</abbr>\u001b[39m\n              \u001b[36m<label\u001b[39m\n                \u001b[33mclass\u001b[39m=\u001b[32m\"hours-closed\"\u001b[39m\n              \u001b[36m>\u001b[39m\n                \u001b[36m<input\u001b[39m\n                  \u001b[33mtype\u001b[39m=\u001b[32m\"checkbox\"\u001b[39m\n                \u001b[36m/>\u001b[39m\n                \u001b[0mClosed\u001b[0m\n              \u001b[36m</label>\u001b[39m\n              \u001b[36m<input\u001b[39m\n                \u001b[33mclass\u001b[39m=\u001b[32m\"hours-time\"\u001b[39m\n                \u001b[33mtype\u001b[39m=\u001b[32m\"time\"\u001b[39m\n                \u001b[33mvalue\u001b[39m=\u001b[32m\"08:00\"\u001b[39m\n              \u001b[36m/>\u001b[39m\n              \u001b[36m<span\u001b[39m\n                \u001b[33mclass\u001b[39m=\u001b[32m\"hours-sep\"\u001b[39m\n              \u001b[36m>\u001b[39m\n                \u001b[0m–\u001b[0m\n              \u001b[36m</span>\u001b[39m\n              \u001b[36m<input\u001b[39m\n                \u001b[33mclass\u001b[39m=\u001b[32m\"hours-time\"\u001b[39m\n                \u001b[33mtype\u001b[39m=\u001b[32m\"time\"\u001b[39m\n                \u001b[33mvalue\u001b[39m=\u001b[32m\"20:00\"\u001b[39m\n              \u001b[36m/>\u001b[39m\n            \u001b[36m</li>\u001b[39m\n          \u001b[36m</ul>\u001b[39m\n        \u001b[36m</section>\u001b[39m\n        \u001b[36m<section\u001b[39m\n          \u001b[33mclass\u001b[39m=\u001b[32m\"acc-images\"\u001b[39m\n        \u001b[36m>\u001b[39m\n          \u001b[36m<p\u001b[39m\n            \u001b[33mclass\u001b[39m=\u001b[32m\"acc-field\"\u001b[39m\n          \u001b[36m>\u001b[39m\n            \u001b[36m<label>\u001b[39m\n              \u001b[0mStore Logo\u001b[0m\n            \u001b[36m</label>\u001b[39m\n            \u001b[36m<label\u001b[39m\n              \u001b[33mclass\u001b[39m=\u001b[32m\"upload-box upload-box--logo\"\u001b[39m\n            \u001b[36m>\u001b[39m\n              \u001b[36m<img\u001b[39m\n                \u001b[33malt\u001b[39m=\u001b[32m\"Logo\"\u001b[39m\n                \u001b[33mclass\u001b[39m=\u001b[32m\"upload-preview\"\u001b[39m\n                \u001b[33msrc\u001b[39m=\u001b[32m\"https://example.com/logo.jpg\"\u001b[39m\n              \u001b[36m/>\u001b[39m\n              \u001b[36m<input\u001b[39m\n                \u001b[33maccept\u001b[39m=\u001b[32m\"image/*\"\u001b[39m\n                \u001b[33mhidden\u001b[39m=\u001b[32m\"\"\u001b[39m\n                \u001b[33mtype\u001b[39m=\u001b[32m\"file\"\u001b[39m\n              \u001b[36m/>\u001b[39m\n            \u001b[36m</label>\u001b[39m\n          \u001b[36m</p>\u001b[39m\n          \u001b[36m<p\u001b[39m\n            \u001b[33mclass\u001b[39m=\u001b[32m\"acc-field\"\u001b[39m\n          \u001b[36m>\u001b[39m\n            \u001b[36m<label>\u001b[39m\n              \u001b[0mStore Banner\u001b[0m\n            \u001b[36m</label>\u001b[39m\n            \u001b[36m<label\u001b[39m\n              \u001b[33mclass\u001b[39m=\u001b[32m\"upload-box upload-box--banner\"\u001b[39m\n            \u001b[36m>\u001b[39m\n              \u001b[36m<img\u001b[39m\n                \u001b[33malt\u001b[39m=\u001b[32m\"Banner\"\u001b[39m\n                \u001b[33mclass\u001b[39m=\u001b[32m\"upload-preview\"\u001b[39m\n                \u001b[33msrc\u001b[39m=\u001b[32m\"https://example.com/banner.jpg\"\u001b[39m\n              \u001b[36m/>\u001b[39m\n              \u001b[36m<input\u001b[39m\n                \u001b[33maccept\u001b[39m=\u001b[32m\"image/*\"\u001b[39m\n                \u001b[33mhidden\u001b[39m=\u001b[32m\"\"\u001b[39m\n                \u001b[33mtype\u001b[39m=\u001b[32m\"file\"\u001b[39m\n              \u001b[36m/>\u001b[39m\n            \u001b[36m</label>\u001b[39m\n          \u001b[36m</p>\u001b[39m\n        \u001b[36m</section>\u001b[39m\n      \u001b[36m</section>\u001b[39m\n      \u001b[36m<section\u001b[39m\n        \u001b[33mclass\u001b[39m=\u001b[32m\"acc-card\"\u001b[39m\n      \u001b[36m>\u001b[39m\n        \u001b[36m<h2\u001b[39m\n          \u001b[33mclass\u001b[39m=\u001b[32m\"acc-card__title\"\u001b[39m\n        \u001b[36m>\u001b[39m\n          \u001b[0mPersonal Details\u001b[0m\n        \u001b[36m</h2>\u001b[39m\n        \u001b[36m<p\u001b[39m\n          \u001b[33mclass\u001b[39m=\u001b[32m\"acc-field\"\u001b[39m\n        \u001b[36m>\u001b[39m\n          \u001b[36m<label>\u001b[39m\n            \u001b[0mFull Name\u001b[0m\n          \u001b[36m</label>\u001b[39m\n          \u001b[36m<input\u001b[39m\n            \u001b[33mplaceholder\u001b[39m=\u001b[32m\"Your full name\"\u001b[39m\n            \u001b[33mtype\u001b[39m=\u001b[32m\"text\"\u001b[39m\n            \u001b[33mvalue\u001b[39m=\u001b[32m\"Nicolene Smith\"\u001b[39m\n          \u001b[36m/>\u001b[39m\n        \u001b[36m</p>\u001b[39m\n        \u001b[36m<p\u001b[39m\n          \u001b[33mclass\u001b[39m=\u001b[32m\"acc-field\"\u001b[39m\n        \u001b[36m>\u001b[39m\n          \u001b[36m<label>\u001b[39m\n            \u001b[0mEmail Address\u001b[0m\n          \u001b[36m</label>\u001b[39m\n          \u001b[36m<input\u001b[39m\n            \u001b[33mplaceholder\u001b[39m=\u001b[32m\"your@email.com\"\u001b[39m\n            \u001b[33mtype\u001b[39m=\u001b[32m\"email\"\u001b[39m\n            \u001b[33mvalue\u001b[39m=\u001b[32m\"nico@email.com\"\u001b[39m\n          \u001b[36m/>\u001b[39m\n        \u001b[36m</p>\u001b[39m\n        \u001b[36m<p\u001b[39m\n          \u001b[33mclass\u001b[39m=\u001b[32m\"acc-field\"\u001b[39m\n        \u001b[36m>\u001b[39m\n          \u001b[36m<label>\u001b[39m\n            \u001b[0mPersonal Contact Number\u001b[0m\n          \u001b[36m</label>\u001b[39m\n          \u001b[36m<input\u001b[39m\n            \u001b[33mplaceholder\u001b[39m=\u001b[32m\"e.g. 083 123 4567\"\u001b[39m\n            \u001b[33mtype\u001b[39m=\u001b[32m\"tel\"\u001b[39m\n            \u001b[33mvalue\u001b[39m=\u001b[32m\"0831112222\"\u001b[39m\n          \u001b[36m/>\u001b[39m\n        \u001b[36m</p>\u001b[39m\n        \u001b[36m<h3\u001b[39m\n          \u001b[33mclass\u001b[39m=\u001b[32m\"acc-divider\"\u001b[39m\n        \u001b[36m>\u001b[39m\n          \u001b[0mChange Password\u001b[0m\n        \u001b[36m</h3>\u001b[39m\n        \u001b[36m<p\u001b[39m\n          \u001b[33mclass\u001b[39m=\u001b[32m\"acc-field\"\u001b[39m\n        \u001b[36m>\u001b[39m\n          \u001b[36m<label>\u001b[39m\n            \u001b[0mCurrent Password\u001b[0m\n          \u001b[36m</label>\u001b[39m\n          \u001b[36m<input\u001b[39m\n            \u001b[33mplaceholder\u001b[39m=\u001b[32m\"Enter current password\"\u001b[39m\n            \u001b[33mtype\u001b[39m=\u001b[32m\"password\"\u001b[39m\n            \u001b[33mvalue\u001b[39m=\u001b[32m\"\"\u001b[39m\n          \u001b[36m/>\u001b[39m\n        \u001b[36m</p>\u001b[39m\n        \u001b[36m<section\u001b[39m\n          \u001b[33mclass\u001b[39m=\u001b[32m\"acc-row\"\u001b[39m\n        \u001b[36m>\u001b[39m\n          \u001b[36m<p\u001b[39m\n            \u001b[33mclass\u001b[39m=\u001b[32m\"acc-field\"\u001b[39m\n          \u001b[36m>\u001b[39m\n            \u001b[36m<label>\u001b[39m\n              \u001b[0mNew Password\u001b[0m\n            \u001b[36m</label>\u001b[39m\n            \u001b[36m<input\u001b[39m\n              \u001b[33mplaceholder\u001b[39m=\u001b[32m\"New password\"\u001b[39m\n              \u001b[33mtype\u001b[39m=\u001b[32m\"password\"\u001b[39m\n              \u001b[33mvalue\u001b[39m=\u001b[32m\"\"\u001b[39m\n            \u001b[36m/>\u001b[39m\n          \u001b[36m</p>\u001b[39m\n          \u001b[36m<p\u001b[39m\n            \u001b[33mclass\u001b[39m=\u001b[32m\"acc-field\"\u001b[39m\n          \u001b[36m>\u001b[39m\n            \u001b[36m<label>\u001b[39m\n              \u001b[0mConfirm Password\u001b[0m\n            \u001b[36m</label>\u001b[39m\n            \u001b[36m<input\u001b[39m\n              \u001b[33mplaceholder\u001b[39m=\u001b[32m\"Repeat new password\"\u001b[39m\n              \u001b[33mtype\u001b[39m=\u001b[32m\"password\"\u001b[39m\n              \u001b[33mvalue\u001b[39m=\u001b[32m\"\"\u001b[39m\n            \u001b[36m/>\u001b[39m\n          \u001b[36m</p>\u001b[39m\n        \u001b[36m</section>\u001b[39m\n      \u001b[36m</section>\u001b[39m\n      \u001b[36m<section\u001b[39m\n        \u001b[33mclass\u001b[39m=\u001b[32m\"acc-card acc-card--muted\"\u001b[39m\n      \u001b[36m>\u001b[39m\n        \u001b[36m<h2\u001b[39m\n          \u001b[33mclass\u001b[39m=\u001b[32m\"acc-card__title acc-card__title--muted\"\u001b[39m\n        \u001b[36m>\u001b[39m\n          \u001b[0mPlatform Access\u001b[0m\n        \u001b[36m</h2>\u001b[39m\n        \u001b[36m<p\u001b[39m\n          \u001b[33mclass\u001b[39m=\u001b[32m\"admin-app__hint\"\u001b[39m\n        \u001b[36m>\u001b[39m\n          \u001b[0mWant to help manage the platform? You can request elevated access here.\u001b[0m\n        \u001b[36m</p>\u001b[39m\n        \u001b[36m<p\u001b[39m\n          \u001b[33mclass\u001b[39m=\u001b[32m\"acc-field\"\u001b[39m\n        \u001b[36m>\u001b[39m\n          \u001b[36m<label>\u001b[39m\n            \u001b[0mReason for applying\u001b[0m\n          \u001b[36m</label>\u001b[39m\n          \u001b[36m<textarea\u001b[39m\n            \u001b[33mplaceholder\u001b[39m=\u001b[32m\"Briefly describe why you'd like admin access...\"\u001b[39m\n            \u001b[33mrows\u001b[39m=\u001b[32m\"3\"\u001b[39m\n          \u001b[36m/>\u001b[39m\n        \u001b[36m</p>\u001b[39m\n        \u001b[36m<button\u001b[39m\n          \u001b[33mclass\u001b[39m=\u001b[32m\"btn btn--ghost\"\u001b[39m\n          \u001b[33mdisabled\u001b[39m=\u001b[32m\"\"\u001b[39m\n        \u001b[36m>\u001b[39m\n          \u001b[0mSubmit Application\u001b[0m\n        \u001b[36m</button>\u001b[39m\n      \u001b[36m</section>\u001b[39m\n      \u001b[36m<section\u001b[39m\n        \u001b[33mclass\u001b[39m=\u001b[32m\"acc-card acc-card--danger\"\u001b[39m\n      \u001b[36m>\u001b[39m\n        \u001b[36m<h2\u001b[39m\n          \u001b[33mclass\u001b[39m=\u001b[32m\"acc-card__title acc-card__title--danger\"\u001b[39m\n        \u001b[36m>\u001b[39m\n          \u001b[0mDanger Zone\u001b[0m\n        \u001b[36m</h2>\u001b[39m\n        \u001b[36m<p\u001b[39m\n          \u001b[33mclass\u001b[39m=\u001b[32m\"danger-hint\"\u001b[39m\n        \u001b[36m>\u001b[39m\n          \u001b[0mDeleting your account is permanent and cannot be undone.\u001b[0m\n        \u001b[36m</p>\u001b[39m\n        \u001b[36m<button\u001b[39m\n          \u001b[33mclass\u001b[39m=\u001b[32m\"btn btn--danger-ghost\"\u001b[39m\n        \u001b[36m>\u001b[39m\n          \u001b[0mDelete Account\u001b[0m\n        \u001b[36m</button>\u001b[39m\n      \u001b[36m</section>\u001b[39m\n      \u001b[36m<footer\u001b[39m\n        \u001b[33mclass\u001b[39m=\u001b[32m\"acc-settings__footer\"\u001b[39m\n      \u001b[36m>\u001b[39m\n        \u001b[36m<button\u001b[39m\n          \u001b[33mclass\u001b[39m=\u001b[32m\"btn btn--primary\"\u001b[39m\n        \u001b[36m>\u001b[39m\n          \u001b[0mSave Changes\u001b[0m\n        \u001b[36m</button>\u001b[39m\n      \u001b[36m</footer>\u001b[39m\n    \u001b[36m</article>\u001b[39m\n  \u001b[36m</div>\u001b[39m\n\u001b[36m</body>\u001b[39m\n    at waitForWrapper (C:\\Users\\coura\\Downloads\\FOOD-ORDERING-PLATFORM\\node_modules\\@testing-library\\dom\\dist\\wait-for.js:163:27)\n    at C:\\Users\\coura\\Downloads\\FOOD-ORDERING-PLATFORM\\node_modules\\@testing-library\\dom\\dist\\query-helpers.js:86:33\n    at Object.findByText (C:\\Users\\coura\\Downloads\\FOOD-ORDERING-PLATFORM\\src\\components\\Vendor\\tests\\AccSettings.test.jsx:200:25)\n    at Promise.then.completed (C:\\Users\\coura\\Downloads\\FOOD-ORDERING-PLATFORM\\node_modules\\react-scripts\\node_modules\\jest-circus\\build\\utils.js:391:28)\n    at new Promise (<anonymous>)\n    at callAsyncCircusFn (C:\\Users\\coura\\Downloads\\FOOD-ORDERING-PLATFORM\\node_modules\\react-scripts\\node_modules\\jest-circus\\build\\utils.js:316:10)\n    at _callCircusTest (C:\\Users\\coura\\Downloads\\FOOD-ORDERING-PLATFORM\\node_modules\\react-scripts\\node_modules\\jest-circus\\build\\run.js:218:40)\n    at _runTest (C:\\Users\\coura\\Downloads\\FOOD-ORDERING-PLATFORM\\node_modules\\react-scripts\\node_modules\\jest-circus\\build\\run.js:155:3)\n    at _runTestsForDescribeBlock (C:\\Users\\coura\\Downloads\\FOOD-ORDERING-PLATFORM\\node_modules\\react-scripts\\node_modules\\jest-circus\\build\\run.js:66:9)\n    at _runTestsForDescribeBlock (C:\\Users\\coura\\Downloads\\FOOD-ORDERING-PLATFORM\\node_modules\\react-scripts\\node_modules\\jest-circus\\build\\run.js:60:9)\n    at run (C:\\Users\\coura\\Downloads\\FOOD-ORDERING-PLATFORM\\node_modules\\react-scripts\\node_modules\\jest-circus\\build\\run.js:25:3)\n    at runAndTransformResultsToJestFormat (C:\\Users\\coura\\Downloads\\FOOD-ORDERING-PLATFORM\\node_modules\\react-scripts\\node_modules\\jest-circus\\build\\legacy-code-todo-rewrite\\jestAdapterInit.js:170:21)\n    at jestAdapter (C:\\Users\\coura\\Downloads\\FOOD-ORDERING-PLATFORM\\node_modules\\react-scripts\\node_modules\\jest-circus\\build\\legacy-code-todo-rewrite\\jestAdapter.js:82:19)\n    at runTestInternal (C:\\Users\\coura\\Downloads\\FOOD-ORDERING-PLATFORM\\node_modules\\react-scripts\\node_modules\\jest-runner\\build\\runTest.js:389:16)\n    at runTest (C:\\Users\\coura\\Downloads\\FOOD-ORDERING-PLATFORM\\node_modules\\react-scripts\\node_modules\\jest-runner\\build\\runTest.js:475:34)\n    at TestRunner.runTests (C:\\Users\\coura\\Downloads\\FOOD-ORDERING-PLATFORM\\node_modules\\react-scripts\\node_modules\\jest-runner\\build\\index.js:101:12)\n    at TestScheduler.scheduleTests (C:\\Users\\coura\\Downloads\\FOOD-ORDERING-PLATFORM\\node_modules\\react-scripts\\node_modules\\@jest\\core\\build\\TestScheduler.js:333:13)\n    at runJest (C:\\Users\\coura\\Downloads\\FOOD-ORDERING-PLATFORM\\node_modules\\react-scripts\\node_modules\\@jest\\core\\build\\runJest.js:404:19)\n    at _run10000 (C:\\Users\\coura\\Downloads\\FOOD-ORDERING-PLATFORM\\node_modules\\react-scripts\\node_modules\\@jest\\core\\build\\cli\\index.js:320:7)\n    at runCLI (C:\\Users\\coura\\Downloads\\FOOD-ORDERING-PLATFORM\\node_modules\\react-scripts\\node_modules\\@jest\\core\\build\\cli\\index.js:173:3)\n    at Object.run (C:\\Users\\coura\\Downloads\\FOOD-ORDERING-PLATFORM\\node_modules\\react-scripts\\node_modules\\jest-cli\\build\\cli\\index.js:155:37)"],"fullName":"AccSettings - data loading into fields shows logo upload placeholder when no logoURL exists","location":null,"status":"failed","title":"shows logo upload placeholder when no logoURL exists"},{"ancestorTitles":["AccSettings - data loading into fields"],"failureMessages":["Error: Unable to find an element with the text: Click to change banner. This could be because the text is broken up by multiple elements. In this case, you can provide a function for your text matcher to make your matcher more flexible.\n\nIgnored nodes: comments, script, style\n\u001b[36m<body>\u001b[39m\n  \u001b[36m<div>\u001b[39m\n    \u001b[36m<article\u001b[39m\n      \u001b[33mclass\u001b[39m=\u001b[32m\"acc-settings\"\u001b[39m\n    \u001b[36m>\u001b[39m\n      \u001b[36m<header\u001b[39m\n        \u001b[33mclass\u001b[39m=\u001b[32m\"acc-settings__header\"\u001b[39m\n      \u001b[36m>\u001b[39m\n        \u001b[36m<h1>\u001b[39m\n          \u001b[0mAccount Settings\u001b[0m\n        \u001b[36m</h1>\u001b[39m\n        \u001b[36m<p>\u001b[39m\n          \u001b[0mManage your store details and personal information.\u001b[0m\n        \u001b[36m</p>\u001b[39m\n      \u001b[36m</header>\u001b[39m\n      \u001b[36m<section\u001b[39m\n        \u001b[33mclass\u001b[39m=\u001b[32m\"acc-card\"\u001b[39m\n      \u001b[36m>\u001b[39m\n        \u001b[36m<h2\u001b[39m\n          \u001b[33mclass\u001b[39m=\u001b[32m\"acc-card__title\"\u001b[39m\n        \u001b[36m>\u001b[39m\n          \u001b[0mStore Details\u001b[0m\n        \u001b[36m</h2>\u001b[39m\n        \u001b[36m<p\u001b[39m\n          \u001b[33mclass\u001b[39m=\u001b[32m\"acc-field\"\u001b[39m\n        \u001b[36m>\u001b[39m\n          \u001b[36m<label>\u001b[39m\n            \u001b[0mStore Name\u001b[0m\n          \u001b[36m</label>\u001b[39m\n          \u001b[36m<input\u001b[39m\n            \u001b[33mtype\u001b[39m=\u001b[32m\"text\"\u001b[39m\n            \u001b[33mvalue\u001b[39m=\u001b[32m\"Red Dragon Burgers\"\u001b[39m\n          \u001b[36m/>\u001b[39m\n        \u001b[36m</p>\u001b[39m\n        \u001b[36m<p\u001b[39m\n          \u001b[33mclass\u001b[39m=\u001b[32m\"acc-field\"\u001b[39m\n        \u001b[36m>\u001b[39m\n          \u001b[36m<label>\u001b[39m\n            \u001b[0mCategory\u001b[0m\n          \u001b[36m</label>\u001b[39m\n          \u001b[36m<select>\u001b[39m\n            \u001b[36m<option\u001b[39m\n              \u001b[33mvalue\u001b[39m=\u001b[32m\"\"\u001b[39m\n            \u001b[36m>\u001b[39m\n              \u001b[0m-- Select --\u001b[0m\n            \u001b[36m</option>\u001b[39m\n            \u001b[36m<option\u001b[39m\n              \u001b[33mvalue\u001b[39m=\u001b[32m\"Fast Food\"\u001b[39m\n            \u001b[36m>\u001b[39m\n              \u001b[0mFast Food\u001b[0m\n            \u001b[36m</option>\u001b[39m\n            \u001b[36m<option\u001b[39m\n              \u001b[33mvalue\u001b[39m=\u001b[32m\"Traditional\"\u001b[39m\n            \u001b[36m>\u001b[39m\n              \u001b[0mTraditional\u001b[0m\n            \u001b[36m</option>\u001b[39m\n            \u001b[36m<option\u001b[39m\n              \u001b[33mvalue\u001b[39m=\u001b[32m\"Halal\"\u001b[39m\n            \u001b[36m>\u001b[39m\n              \u001b[0mHalal\u001b[0m\n            \u001b[36m</option>\u001b[39m\n            \u001b[36m<option\u001b[39m\n              \u001b[33mvalue\u001b[39m=\u001b[32m\"Vegetarian\"\u001b[39m\n            \u001b[36m>\u001b[39m\n              \u001b[0mVegetarian\u001b[0m\n            \u001b[36m</option>\u001b[39m\n            \u001b[36m<option\u001b[39m\n              \u001b[33mvalue\u001b[39m=\u001b[32m\"Seafood\"\u001b[39m\n            \u001b[36m>\u001b[39m\n              \u001b[0mSeafood\u001b[0m\n            \u001b[36m</option>\u001b[39m\n            \u001b[36m<option\u001b[39m\n              \u001b[33mvalue\u001b[39m=\u001b[32m\"Desserts & Drinks\"\u001b[39m\n            \u001b[36m>\u001b[39m\n              \u001b[0mDesserts & Drinks\u001b[0m\n            \u001b[36m</option>\u001b[39m\n            \u001b[36m<option\u001b[39m\n              \u001b[33mvalue\u001b[39m=\u001b[32m\"Grills & Braai\"\u001b[39m\n            \u001b[36m>\u001b[39m\n              \u001b[0mGrills & Braai\u001b[0m\n            \u001b[36m</option>\u001b[39m\n            \u001b[36m<option\u001b[39m\n              \u001b[33mvalue\u001b[39m=\u001b[32m\"Other\"\u001b[39m\n            \u001b[36m>\u001b[39m\n              \u001b[0mOther\u001b[0m\n            \u001b[36m</option>\u001b[39m\n          \u001b[36m</select>\u001b[39m\n        \u001b[36m</p>\u001b[39m\n        \u001b[36m<p\u001b[39m\n          \u001b[33mclass\u001b[39m=\u001b[32m\"acc-field\"\u001b[39m\n        \u001b[36m>\u001b[39m\n          \u001b[36m<label>\u001b[39m\n            \u001b[0mDescription\u001b[0m\n          \u001b[36m</label>\u001b[39m\n          \u001b[36m<textarea\u001b[39m\n            \u001b[33mmaxlength\u001b[39m=\u001b[32m\"200\"\u001b[39m\n            \u001b[33mrows\u001b[39m=\u001b[32m\"3\"\u001b[39m\n          \u001b[36m>\u001b[39m\n            \u001b[0mBest burgers in town\u001b[0m\n          \u001b[36m</textarea>\u001b[39m\n          \u001b[36m<output\u001b[39m\n            \u001b[33mclass\u001b[39m=\u001b[32m\"acc-field__count\"\u001b[39m\n          \u001b[36m>\u001b[39m\n            \u001b[0m20\u001b[0m\n            \u001b[0m/200\u001b[0m\n          \u001b[36m</output>\u001b[39m\n        \u001b[36m</p>\u001b[39m\n        \u001b[36m<p\u001b[39m\n          \u001b[33mclass\u001b[39m=\u001b[32m\"acc-field\"\u001b[39m\n        \u001b[36m>\u001b[39m\n          \u001b[36m<label>\u001b[39m\n            \u001b[0mAddress\u001b[0m\n          \u001b[36m</label>\u001b[39m\n          \u001b[36m<input\u001b[39m\n            \u001b[33mtype\u001b[39m=\u001b[32m\"text\"\u001b[39m\n            \u001b[33mvalue\u001b[39m=\u001b[32m\"123 Main Street\"\u001b[39m\n          \u001b[36m/>\u001b[39m\n        \u001b[36m</p>\u001b[39m\n        \u001b[36m<p\u001b[39m\n          \u001b[33mclass\u001b[39m=\u001b[32m\"acc-field\"\u001b[39m\n        \u001b[36m>\u001b[39m\n          \u001b[36m<label>\u001b[39m\n            \u001b[0mStore Contact Number\u001b[0m\n          \u001b[36m</label>\u001b[39m\n          \u001b[36m<input\u001b[39m\n            \u001b[33mtype\u001b[39m=\u001b[32m\"tel\"\u001b[39m\n            \u001b[33mvalue\u001b[39m=\u001b[32m\"0821234567\"\u001b[39m\n          \u001b[36m/>\u001b[39m\n        \u001b[36m</p>\u001b[39m\n        \u001b[36m<section\u001b[39m\n          \u001b[33mclass\u001b[39m=\u001b[32m\"acc-field\"\u001b[39m\n        \u001b[36m>\u001b[39m\n          \u001b[36m<label>\u001b[39m\n            \u001b[0mOperating Hours\u001b[0m\n          \u001b[36m</label>\u001b[39m\n          \u001b[36m<ul\u001b[39m\n            \u001b[33mclass\u001b[39m=\u001b[32m\"hours-grid\"\u001b[39m\n          \u001b[36m>\u001b[39m\n            \u001b[36m<li\u001b[39m\n              \u001b[33mclass\u001b[39m=\u001b[32m\"hours-row\"\u001b[39m\n            \u001b[36m>\u001b[39m\n              \u001b[36m<abbr\u001b[39m\n                \u001b[33mclass\u001b[39m=\u001b[32m\"hours-day\"\u001b[39m\n                \u001b[33mtitle\u001b[39m=\u001b[32m\"Monday\"\u001b[39m\n              \u001b[36m>\u001b[39m\n                \u001b[0mMon\u001b[0m\n              \u001b[36m</abbr>\u001b[39m\n              \u001b[36m<label\u001b[39m\n                \u001b[33mclass\u001b[39m=\u001b[32m\"hours-closed\"\u001b[39m\n              \u001b[36m>\u001b[39m\n                \u001b[36m<input\u001b[39m\n                  \u001b[33mtype\u001b[39m=\u001b[32m\"checkbox\"\u001b[39m\n                \u001b[36m/>\u001b[39m\n                \u001b[0mClosed\u001b[0m\n              \u001b[36m</label>\u001b[39m\n              \u001b[36m<input\u001b[39m\n                \u001b[33mclass\u001b[39m=\u001b[32m\"hours-time\"\u001b[39m\n                \u001b[33mtype\u001b[39m=\u001b[32m\"time\"\u001b[39m\n                \u001b[33mvalue\u001b[39m=\u001b[32m\"08:00\"\u001b[39m\n              \u001b[36m/>\u001b[39m\n              \u001b[36m<span\u001b[39m\n                \u001b[33mclass\u001b[39m=\u001b[32m\"hours-sep\"\u001b[39m\n              \u001b[36m>\u001b[39m\n                \u001b[0m–\u001b[0m\n              \u001b[36m</span>\u001b[39m\n              \u001b[36m<input\u001b[39m\n                \u001b[33mclass\u001b[39m=\u001b[32m\"hours-time\"\u001b[39m\n                \u001b[33mtype\u001b[39m=\u001b[32m\"time\"\u001b[39m\n                \u001b[33mvalue\u001b[39m=\u001b[32m\"18:00\"\u001b[39m\n              \u001b[36m/>\u001b[39m\n            \u001b[36m</li>\u001b[39m\n            \u001b[36m<li\u001b[39m\n              \u001b[33mclass\u001b[39m=\u001b[32m\"hours-row\"\u001b[39m\n            \u001b[36m>\u001b[39m\n              \u001b[36m<abbr\u001b[39m\n                \u001b[33mclass\u001b[39m=\u001b[32m\"hours-day\"\u001b[39m\n                \u001b[33mtitle\u001b[39m=\u001b[32m\"Tuesday\"\u001b[39m\n              \u001b[36m>\u001b[39m\n                \u001b[0mTue\u001b[0m\n              \u001b[36m</abbr>\u001b[39m\n              \u001b[36m<label\u001b[39m\n                \u001b[33mclass\u001b[39m=\u001b[32m\"hours-closed\"\u001b[39m\n              \u001b[36m>\u001b[39m\n                \u001b[36m<input\u001b[39m\n                  \u001b[33mtype\u001b[39m=\u001b[32m\"checkbox\"\u001b[39m\n                \u001b[36m/>\u001b[39m\n                \u001b[0mClosed\u001b[0m\n              \u001b[36m</label>\u001b[39m\n              \u001b[36m<input\u001b[39m\n                \u001b[33mclass\u001b[39m=\u001b[32m\"hours-time\"\u001b[39m\n                \u001b[33mtype\u001b[39m=\u001b[32m\"time\"\u001b[39m\n                \u001b[33mvalue\u001b[39m=\u001b[32m\"08:00\"\u001b[39m\n              \u001b[36m/>\u001b[39m\n              \u001b[36m<span\u001b[39m\n                \u001b[33mclass\u001b[39m=\u001b[32m\"hours-sep\"\u001b[39m\n              \u001b[36m>\u001b[39m\n                \u001b[0m–\u001b[0m\n              \u001b[36m</span>\u001b[39m\n              \u001b[36m<input\u001b[39m\n                \u001b[33mclass\u001b[39m=\u001b[32m\"hours-time\"\u001b[39m\n                \u001b[33mtype\u001b[39m=\u001b[32m\"time\"\u001b[39m\n                \u001b[33mvalue\u001b[39m=\u001b[32m\"20:00\"\u001b[39m\n              \u001b[36m/>\u001b[39m\n            \u001b[36m</li>\u001b[39m\n            \u001b[36m<li\u001b[39m\n              \u001b[33mclass\u001b[39m=\u001b[32m\"hours-row\"\u001b[39m\n            \u001b[36m>\u001b[39m\n              \u001b[36m<abbr\u001b[39m\n                \u001b[33mclass\u001b[39m=\u001b[32m\"hours-day\"\u001b[39m\n                \u001b[33mtitle\u001b[39m=\u001b[32m\"Wednesday\"\u001b[39m\n              \u001b[36m>\u001b[39m\n                \u001b[0mWed\u001b[0m\n              \u001b[36m</abbr>\u001b[39m\n              \u001b[36m<label\u001b[39m\n                \u001b[33mclass\u001b[39m=\u001b[32m\"hours-closed\"\u001b[39m\n              \u001b[36m>\u001b[39m\n                \u001b[36m<input\u001b[39m\n                  \u001b[33mtype\u001b[39m=\u001b[32m\"checkbox\"\u001b[39m\n                \u001b[36m/>\u001b[39m\n                \u001b[0mClosed\u001b[0m\n              \u001b[36m</label>\u001b[39m\n              \u001b[36m<input\u001b[39m\n                \u001b[33mclass\u001b[39m=\u001b[32m\"hours-time\"\u001b[39m\n                \u001b[33mtype\u001b[39m=\u001b[32m\"time\"\u001b[39m\n                \u001b[33mvalue\u001b[39m=\u001b[32m\"08:00\"\u001b[39m\n              \u001b[36m/>\u001b[39m\n              \u001b[36m<span\u001b[39m\n                \u001b[33mclass\u001b[39m=\u001b[32m\"hours-sep\"\u001b[39m\n              \u001b[36m>\u001b[39m\n                \u001b[0m–\u001b[0m\n              \u001b[36m</span>\u001b[39m\n              \u001b[36m<input\u001b[39m\n                \u001b[33mclass\u001b[39m=\u001b[32m\"hours-time\"\u001b[39m\n                \u001b[33mtype\u001b[39m=\u001b[32m\"time\"\u001b[39m\n                \u001b[33mvalue\u001b[39m=\u001b[32m\"20:00\"\u001b[39m\n              \u001b[36m/>\u001b[39m\n            \u001b[36m</li>\u001b[39m\n            \u001b[36m<li\u001b[39m\n              \u001b[33mclass\u001b[39m=\u001b[32m\"hours-row\"\u001b[39m\n            \u001b[36m>\u001b[39m\n              \u001b[36m<abbr\u001b[39m\n                \u001b[33mclass\u001b[39m=\u001b[32m\"hours-day\"\u001b[39m\n                \u001b[33mtitle\u001b[39m=\u001b[32m\"Thursday\"\u001b[39m\n              \u001b[36m>\u001b[39m\n                \u001b[0mThu\u001b[0m\n              \u001b[36m</abbr>\u001b[39m\n              \u001b[36m<label\u001b[39m\n                \u001b[33mclass\u001b[39m=\u001b[32m\"hours-closed\"\u001b[39m\n              \u001b[36m>\u001b[39m\n                \u001b[36m<input\u001b[39m\n                  \u001b[33mtype\u001b[39m=\u001b[32m\"checkbox\"\u001b[39m\n                \u001b[36m/>\u001b[39m\n                \u001b[0mClosed\u001b[0m\n              \u001b[36m</label>\u001b[39m\n              \u001b[36m<input\u001b[39m\n                \u001b[33mclass\u001b[39m=\u001b[32m\"hours-time\"\u001b[39m\n                \u001b[33mtype\u001b[39m=\u001b[32m\"time\"\u001b[39m\n                \u001b[33mvalue\u001b[39m=\u001b[32m\"08:00\"\u001b[39m\n              \u001b[36m/>\u001b[39m\n              \u001b[36m<span\u001b[39m\n                \u001b[33mclass\u001b[39m=\u001b[32m\"hours-sep\"\u001b[39m\n              \u001b[36m>\u001b[39m\n                \u001b[0m–\u001b[0m\n              \u001b[36m</span>\u001b[39m\n              \u001b[36m<input\u001b[39m\n                \u001b[33mclass\u001b[39m=\u001b[32m\"hours-time\"\u001b[39m\n                \u001b[33mtype\u001b[39m=\u001b[32m\"time\"\u001b[39m\n                \u001b[33mvalue\u001b[39m=\u001b[32m\"20:00\"\u001b[39m\n              \u001b[36m/>\u001b[39m\n            \u001b[36m</li>\u001b[39m\n            \u001b[36m<li\u001b[39m\n              \u001b[33mclass\u001b[39m=\u001b[32m\"hours-row\"\u001b[39m\n            \u001b[36m>\u001b[39m\n              \u001b[36m<abbr\u001b[39m\n                \u001b[33mclass\u001b[39m=\u001b[32m\"hours-day\"\u001b[39m\n                \u001b[33mtitle\u001b[39m=\u001b[32m\"Friday\"\u001b[39m\n              \u001b[36m>\u001b[39m\n                \u001b[0mFri\u001b[0m\n              \u001b[36m</abbr>\u001b[39m\n              \u001b[36m<label\u001b[39m\n                \u001b[33mclass\u001b[39m=\u001b[32m\"hours-closed\"\u001b[39m\n              \u001b[36m>\u001b[39m\n                \u001b[36m<input\u001b[39m\n                  \u001b[33mtype\u001b[39m=\u001b[32m\"checkbox\"\u001b[39m\n                \u001b[36m/>\u001b[39m\n                \u001b[0mClosed\u001b[0m\n              \u001b[36m</label>\u001b[39m\n              \u001b[36m<input\u001b[39m\n                \u001b[33mclass\u001b[39m=\u001b[32m\"hours-time\"\u001b[39m\n                \u001b[33mtype\u001b[39m=\u001b[32m\"time\"\u001b[39m\n                \u001b[33mvalue\u001b[39m=\u001b[32m\"08:00\"\u001b[39m\n              \u001b[36m/>\u001b[39m\n              \u001b[36m<span\u001b[39m\n                \u001b[33mclass\u001b[39m=\u001b[32m\"hours-sep\"\u001b[39m\n              \u001b[36m>\u001b[39m\n                \u001b[0m–\u001b[0m\n              \u001b[36m</span>\u001b[39m\n              \u001b[36m<input\u001b[39m\n                \u001b[33mclass\u001b[39m=\u001b[32m\"hours-time\"\u001b[39m\n                \u001b[33mtype\u001b[39m=\u001b[32m\"time\"\u001b[39m\n                \u001b[33mvalue\u001b[39m=\u001b[32m\"20:00\"\u001b[39m\n              \u001b[36m/>\u001b[39m\n            \u001b[36m</li>\u001b[39m\n            \u001b[36m<li\u001b[39m\n              \u001b[33mclass\u001b[39m=\u001b[32m\"hours-row\"\u001b[39m\n            \u001b[36m>\u001b[39m\n              \u001b[36m<abbr\u001b[39m\n                \u001b[33mclass\u001b[39m=\u001b[32m\"hours-day\"\u001b[39m\n                \u001b[33mtitle\u001b[39m=\u001b[32m\"Saturday\"\u001b[39m\n              \u001b[36m>\u001b[39m\n                \u001b[0mSat\u001b[0m\n              \u001b[36m</abbr>\u001b[39m\n              \u001b[36m<label\u001b[39m\n                \u001b[33mclass\u001b[39m=\u001b[32m\"hours-closed\"\u001b[39m\n              \u001b[36m>\u001b[39m\n                \u001b[36m<input\u001b[39m\n                  \u001b[33mtype\u001b[39m=\u001b[32m\"checkbox\"\u001b[39m\n                \u001b[36m/>\u001b[39m\n                \u001b[0mClosed\u001b[0m\n              \u001b[36m</label>\u001b[39m\n              \u001b[36m<input\u001b[39m\n                \u001b[33mclass\u001b[39m=\u001b[32m\"hours-time\"\u001b[39m\n                \u001b[33mtype\u001b[39m=\u001b[32m\"time\"\u001b[39m\n                \u001b[33mvalue\u001b[39m=\u001b[32m\"08:00\"\u001b[39m\n              \u001b[36m/>\u001b[39m\n              \u001b[36m<span\u001b[39m\n                \u001b[33mclass\u001b[39m=\u001b[32m\"hours-sep\"\u001b[39m\n              \u001b[36m>\u001b[39m\n                \u001b[0m–\u001b[0m\n              \u001b[36m</span>\u001b[39m\n              \u001b[36m<input\u001b[39m\n                \u001b[33mclass\u001b[39m=\u001b[32m\"hours-time\"\u001b[39m\n                \u001b[33mtype\u001b[39m=\u001b[32m\"time\"\u001b[39m\n                \u001b[33mvalue\u001b[39m=\u001b[32m\"20:00\"\u001b[39m\n              \u001b[36m/>\u001b[39m\n            \u001b[36m</li>\u001b[39m\n            \u001b[36m<li\u001b[39m\n              \u001b[33mclass\u001b[39m=\u001b[32m\"hours-row\"\u001b[39m\n            \u001b[36m>\u001b[39m\n              \u001b[36m<abbr\u001b[39m\n                \u001b[33mclass\u001b[39m=\u001b[32m\"hours-day\"\u001b[39m\n                \u001b[33mtitle\u001b[39m=\u001b[32m\"Sunday\"\u001b[39m\n              \u001b[36m>\u001b[39m\n                \u001b[0mSun\u001b[0m\n              \u001b[36m</abbr>\u001b[39m\n              \u001b[36m<label\u001b[39m\n                \u001b[33mclass\u001b[39m=\u001b[32m\"hours-closed\"\u001b[39m\n              \u001b[36m>\u001b[39m\n                \u001b[36m<input\u001b[39m\n                  \u001b[33mtype\u001b[39m=\u001b[32m\"checkbox\"\u001b[39m\n                \u001b[36m/>\u001b[39m\n                \u001b[0mClosed\u001b[0m\n              \u001b[36m</label>\u001b[39m\n              \u001b[36m<input\u001b[39m\n                \u001b[33mclass\u001b[39m=\u001b[32m\"hours-time\"\u001b[39m\n                \u001b[33mtype\u001b[39m=\u001b[32m\"time\"\u001b[39m\n                \u001b[33mvalue\u001b[39m=\u001b[32m\"08:00\"\u001b[39m\n              \u001b[36m/>\u001b[39m\n              \u001b[36m<span\u001b[39m\n                \u001b[33mclass\u001b[39m=\u001b[32m\"hours-sep\"\u001b[39m\n              \u001b[36m>\u001b[39m\n                \u001b[0m–\u001b[0m\n              \u001b[36m</span>\u001b[39m\n              \u001b[36m<input\u001b[39m\n                \u001b[33mclass\u001b[39m=\u001b[32m\"hours-time\"\u001b[39m\n                \u001b[33mtype\u001b[39m=\u001b[32m\"time\"\u001b[39m\n                \u001b[33mvalue\u001b[39m=\u001b[32m\"20:00\"\u001b[39m\n              \u001b[36m/>\u001b[39m\n            \u001b[36m</li>\u001b[39m\n          \u001b[36m</ul>\u001b[39m\n        \u001b[36m</section>\u001b[39m\n        \u001b[36m<section\u001b[39m\n          \u001b[33mclass\u001b[39m=\u001b[32m\"acc-images\"\u001b[39m\n        \u001b[36m>\u001b[39m\n          \u001b[36m<p\u001b[39m\n            \u001b[33mclass\u001b[39m=\u001b[32m\"acc-field\"\u001b[39m\n          \u001b[36m>\u001b[39m\n            \u001b[36m<label>\u001b[39m\n              \u001b[0mStore Logo\u001b[0m\n            \u001b[36m</label>\u001b[39m\n            \u001b[36m<label\u001b[39m\n              \u001b[33mclass\u001b[39m=\u001b[32m\"upload-box upload-box--logo\"\u001b[39m\n            \u001b[36m>\u001b[39m\n              \u001b[36m<img\u001b[39m\n                \u001b[33malt\u001b[39m=\u001b[32m\"Logo\"\u001b[39m\n                \u001b[33mclass\u001b[39m=\u001b[32m\"upload-preview\"\u001b[39m\n                \u001b[33msrc\u001b[39m=\u001b[32m\"https://example.com/logo.jpg\"\u001b[39m\n              \u001b[36m/>\u001b[39m\n              \u001b[36m<input\u001b[39m\n                \u001b[33maccept\u001b[39m=\u001b[32m\"image/*\"\u001b[39m\n                \u001b[33mhidden\u001b[39m=\u001b[32m\"\"\u001b[39m\n                \u001b[33mtype\u001b[39m=\u001b[32m\"file\"\u001b[39m\n              \u001b[36m/>\u001b[39m\n            \u001b[36m</label>\u001b[39m\n          \u001b[36m</p>\u001b[39m\n          \u001b[36m<p\u001b[39m\n            \u001b[33mclass\u001b[39m=\u001b[32m\"acc-field\"\u001b[39m\n          \u001b[36m>\u001b[39m\n            \u001b[36m<label>\u001b[39m\n              \u001b[0mStore Banner\u001b[0m\n            \u001b[36m</label>\u001b[39m\n            \u001b[36m<label\u001b[39m\n              \u001b[33mclass\u001b[39m=\u001b[32m\"upload-box upload-box--banner\"\u001b[39m\n            \u001b[36m>\u001b[39m\n              \u001b[36m<img\u001b[39m\n                \u001b[33malt\u001b[39m=\u001b[32m\"Banner\"\u001b[39m\n                \u001b[33mclass\u001b[39m=\u001b[32m\"upload-preview\"\u001b[39m\n                \u001b[33msrc\u001b[39m=\u001b[32m\"https://example.com/banner.jpg\"\u001b[39m\n              \u001b[36m/>\u001b[39m\n              \u001b[36m<input\u001b[39m\n                \u001b[33maccept\u001b[39m=\u001b[32m\"image/*\"\u001b[39m\n                \u001b[33mhidden\u001b[39m=\u001b[32m\"\"\u001b[39m\n                \u001b[33mtype\u001b[39m=\u001b[32m\"file\"\u001b[39m\n              \u001b[36m/>\u001b[39m\n            \u001b[36m</label>\u001b[39m\n          \u001b[36m</p>\u001b[39m\n        \u001b[36m</section>\u001b[39m\n      \u001b[36m</section>\u001b[39m\n      \u001b[36m<section\u001b[39m\n        \u001b[33mclass\u001b[39m=\u001b[32m\"acc-card\"\u001b[39m\n      \u001b[36m>\u001b[39m\n        \u001b[36m<h2\u001b[39m\n          \u001b[33mclass\u001b[39m=\u001b[32m\"acc-card__title\"\u001b[39m\n        \u001b[36m>\u001b[39m\n          \u001b[0mPersonal Details\u001b[0m\n        \u001b[36m</h2>\u001b[39m\n        \u001b[36m<p\u001b[39m\n          \u001b[33mclass\u001b[39m=\u001b[32m\"acc-field\"\u001b[39m\n        \u001b[36m>\u001b[39m\n          \u001b[36m<label>\u001b[39m\n            \u001b[0mFull Name\u001b[0m\n          \u001b[36m</label>\u001b[39m\n          \u001b[36m<input\u001b[39m\n            \u001b[33mplaceholder\u001b[39m=\u001b[32m\"Your full name\"\u001b[39m\n            \u001b[33mtype\u001b[39m=\u001b[32m\"text\"\u001b[39m\n            \u001b[33mvalue\u001b[39m=\u001b[32m\"Nicolene Smith\"\u001b[39m\n          \u001b[36m/>\u001b[39m\n        \u001b[36m</p>\u001b[39m\n        \u001b[36m<p\u001b[39m\n          \u001b[33mclass\u001b[39m=\u001b[32m\"acc-field\"\u001b[39m\n        \u001b[36m>\u001b[39m\n          \u001b[36m<label>\u001b[39m\n            \u001b[0mEmail Address\u001b[0m\n          \u001b[36m</label>\u001b[39m\n          \u001b[36m<input\u001b[39m\n            \u001b[33mplaceholder\u001b[39m=\u001b[32m\"your@email.com\"\u001b[39m\n            \u001b[33mtype\u001b[39m=\u001b[32m\"email\"\u001b[39m\n            \u001b[33mvalue\u001b[39m=\u001b[32m\"nico@email.com\"\u001b[39m\n          \u001b[36m/>\u001b[39m\n        \u001b[36m</p>\u001b[39m\n        \u001b[36m<p\u001b[39m\n          \u001b[33mclass\u001b[39m=\u001b[32m\"acc-field\"\u001b[39m\n        \u001b[36m>\u001b[39m\n          \u001b[36m<label>\u001b[39m\n            \u001b[0mPersonal Contact Number\u001b[0m\n          \u001b[36m</label>\u001b[39m\n          \u001b[36m<input\u001b[39m\n            \u001b[33mplaceholder\u001b[39m=\u001b[32m\"e.g. 083 123 4567\"\u001b[39m\n            \u001b[33mtype\u001b[39m=\u001b[32m\"tel\"\u001b[39m\n            \u001b[33mvalue\u001b[39m=\u001b[32m\"0831112222\"\u001b[39m\n          \u001b[36m/>\u001b[39m\n        \u001b[36m</p>\u001b[39m\n        \u001b[36m<h3\u001b[39m\n          \u001b[33mclass\u001b[39m=\u001b[32m\"acc-divider\"\u001b[39m\n        \u001b[36m>\u001b[39m\n          \u001b[0mChange Password\u001b[0m\n        \u001b[36m</h3>\u001b[39m\n        \u001b[36m<p\u001b[39m\n          \u001b[33mclass\u001b[39m=\u001b[32m\"acc-field\"\u001b[39m\n        \u001b[36m>\u001b[39m\n          \u001b[36m<label>\u001b[39m\n            \u001b[0mCurrent Password\u001b[0m\n          \u001b[36m</label>\u001b[39m\n          \u001b[36m<input\u001b[39m\n            \u001b[33mplaceholder\u001b[39m=\u001b[32m\"Enter current password\"\u001b[39m\n            \u001b[33mtype\u001b[39m=\u001b[32m\"password\"\u001b[39m\n            \u001b[33mvalue\u001b[39m=\u001b[32m\"\"\u001b[39m\n          \u001b[36m/>\u001b[39m\n        \u001b[36m</p>\u001b[39m\n        \u001b[36m<section\u001b[39m\n          \u001b[33mclass\u001b[39m=\u001b[32m\"acc-row\"\u001b[39m\n        \u001b[36m>\u001b[39m\n          \u001b[36m<p\u001b[39m\n            \u001b[33mclass\u001b[39m=\u001b[32m\"acc-field\"\u001b[39m\n          \u001b[36m>\u001b[39m\n            \u001b[36m<label>\u001b[39m\n              \u001b[0mNew Password\u001b[0m\n            \u001b[36m</label>\u001b[39m\n            \u001b[36m<input\u001b[39m\n              \u001b[33mplaceholder\u001b[39m=\u001b[32m\"New password\"\u001b[39m\n              \u001b[33mtype\u001b[39m=\u001b[32m\"password\"\u001b[39m\n              \u001b[33mvalue\u001b[39m=\u001b[32m\"\"\u001b[39m\n            \u001b[36m/>\u001b[39m\n          \u001b[36m</p>\u001b[39m\n          \u001b[36m<p\u001b[39m\n            \u001b[33mclass\u001b[39m=\u001b[32m\"acc-field\"\u001b[39m\n          \u001b[36m>\u001b[39m\n            \u001b[36m<label>\u001b[39m\n              \u001b[0mConfirm Password\u001b[0m\n            \u001b[36m</label>\u001b[39m\n            \u001b[36m<input\u001b[39m\n              \u001b[33mplaceholder\u001b[39m=\u001b[32m\"Repeat new password\"\u001b[39m\n              \u001b[33mtype\u001b[39m=\u001b[32m\"password\"\u001b[39m\n              \u001b[33mvalue\u001b[39m=\u001b[32m\"\"\u001b[39m\n            \u001b[36m/>\u001b[39m\n          \u001b[36m</p>\u001b[39m\n        \u001b[36m</section>\u001b[39m\n      \u001b[36m</section>\u001b[39m\n      \u001b[36m<section\u001b[39m\n        \u001b[33mclass\u001b[39m=\u001b[32m\"acc-card acc-card--muted\"\u001b[39m\n      \u001b[36m>\u001b[39m\n        \u001b[36m<h2\u001b[39m\n          \u001b[33mclass\u001b[39m=\u001b[32m\"acc-card__title acc-card__title--muted\"\u001b[39m\n        \u001b[36m>\u001b[39m\n          \u001b[0mPlatform Access\u001b[0m\n        \u001b[36m</h2>\u001b[39m\n        \u001b[36m<p\u001b[39m\n          \u001b[33mclass\u001b[39m=\u001b[32m\"admin-app__hint\"\u001b[39m\n        \u001b[36m>\u001b[39m\n          \u001b[0mWant to help manage the platform? You can request elevated access here.\u001b[0m\n        \u001b[36m</p>\u001b[39m\n        \u001b[36m<p\u001b[39m\n          \u001b[33mclass\u001b[39m=\u001b[32m\"acc-field\"\u001b[39m\n        \u001b[36m>\u001b[39m\n          \u001b[36m<label>\u001b[39m\n            \u001b[0mReason for applying\u001b[0m\n          \u001b[36m</label>\u001b[39m\n          \u001b[36m<textarea\u001b[39m\n            \u001b[33mplaceholder\u001b[39m=\u001b[32m\"Briefly describe why you'd like admin access...\"\u001b[39m\n            \u001b[33mrows\u001b[39m=\u001b[32m\"3\"\u001b[39m\n          \u001b[36m/>\u001b[39m\n        \u001b[36m</p>\u001b[39m\n        \u001b[36m<button\u001b[39m\n          \u001b[33mclass\u001b[39m=\u001b[32m\"btn btn--ghost\"\u001b[39m\n          \u001b[33mdisabled\u001b[39m=\u001b[32m\"\"\u001b[39m\n        \u001b[36m>\u001b[39m\n          \u001b[0mSubmit Application\u001b[0m\n        \u001b[36m</button>\u001b[39m\n      \u001b[36m</section>\u001b[39m\n      \u001b[36m<section\u001b[39m\n        \u001b[33mclass\u001b[39m=\u001b[32m\"acc-card acc-card--danger\"\u001b[39m\n      \u001b[36m>\u001b[39m\n        \u001b[36m<h2\u001b[39m\n          \u001b[33mclass\u001b[39m=\u001b[32m\"acc-card__title acc-card__title--danger\"\u001b[39m\n        \u001b[36m>\u001b[39m\n          \u001b[0mDanger Zone\u001b[0m\n        \u001b[36m</h2>\u001b[39m\n        \u001b[36m<p\u001b[39m\n          \u001b[33mclass\u001b[39m=\u001b[32m\"danger-hint\"\u001b[39m\n        \u001b[36m>\u001b[39m\n          \u001b[0mDeleting your account is permanent and cannot be undone.\u001b[0m\n        \u001b[36m</p>\u001b[39m\n        \u001b[36m<button\u001b[39m\n          \u001b[33mclass\u001b[39m=\u001b[32m\"btn btn--danger-ghost\"\u001b[39m\n        \u001b[36m>\u001b[39m\n          \u001b[0mDelete Account\u001b[0m\n        \u001b[36m</button>\u001b[39m\n      \u001b[36m</section>\u001b[39m\n      \u001b[36m<footer\u001b[39m\n        \u001b[33mclass\u001b[39m=\u001b[32m\"acc-settings__footer\"\u001b[39m\n      \u001b[36m>\u001b[39m\n        \u001b[36m<button\u001b[39m\n          \u001b[33mclass\u001b[39m=\u001b[32m\"btn btn--primary\"\u001b[39m\n        \u001b[36m>\u001b[39m\n          \u001b[0mSave Changes\u001b[0m\n        \u001b[36m</button>\u001b[39m\n      \u001b[36m</footer>\u001b[39m\n    \u001b[36m</article>\u001b[39m\n  \u001b[36m</div>\u001b[39m\n\u001b[36m</body>\u001b[39m\n    at waitForWrapper (C:\\Users\\coura\\Downloads\\FOOD-ORDERING-PLATFORM\\node_modules\\@testing-library\\dom\\dist\\wait-for.js:163:27)\n    at C:\\Users\\coura\\Downloads\\FOOD-ORDERING-PLATFORM\\node_modules\\@testing-library\\dom\\dist\\query-helpers.js:86:33\n    at Object.findByText (C:\\Users\\coura\\Downloads\\FOOD-ORDERING-PLATFORM\\src\\components\\Vendor\\tests\\AccSettings.test.jsx:210:25)\n    at Promise.then.completed (C:\\Users\\coura\\Downloads\\FOOD-ORDERING-PLATFORM\\node_modules\\react-scripts\\node_modules\\jest-circus\\build\\utils.js:391:28)\n    at new Promise (<anonymous>)\n    at callAsyncCircusFn (C:\\Users\\coura\\Downloads\\FOOD-ORDERING-PLATFORM\\node_modules\\react-scripts\\node_modules\\jest-circus\\build\\utils.js:316:10)\n    at _callCircusTest (C:\\Users\\coura\\Downloads\\FOOD-ORDERING-PLATFORM\\node_modules\\react-scripts\\node_modules\\jest-circus\\build\\run.js:218:40)\n    at _runTest (C:\\Users\\coura\\Downloads\\FOOD-ORDERING-PLATFORM\\node_modules\\react-scripts\\node_modules\\jest-circus\\build\\run.js:155:3)\n    at _runTestsForDescribeBlock (C:\\Users\\coura\\Downloads\\FOOD-ORDERING-PLATFORM\\node_modules\\react-scripts\\node_modules\\jest-circus\\build\\run.js:66:9)\n    at _runTestsForDescribeBlock (C:\\Users\\coura\\Downloads\\FOOD-ORDERING-PLATFORM\\node_modules\\react-scripts\\node_modules\\jest-circus\\build\\run.js:60:9)\n    at run (C:\\Users\\coura\\Downloads\\FOOD-ORDERING-PLATFORM\\node_modules\\react-scripts\\node_modules\\jest-circus\\build\\run.js:25:3)\n    at runAndTransformResultsToJestFormat (C:\\Users\\coura\\Downloads\\FOOD-ORDERING-PLATFORM\\node_modules\\react-scripts\\node_modules\\jest-circus\\build\\legacy-code-todo-rewrite\\jestAdapterInit.js:170:21)\n    at jestAdapter (C:\\Users\\coura\\Downloads\\FOOD-ORDERING-PLATFORM\\node_modules\\react-scripts\\node_modules\\jest-circus\\build\\legacy-code-todo-rewrite\\jestAdapter.js:82:19)\n    at runTestInternal (C:\\Users\\coura\\Downloads\\FOOD-ORDERING-PLATFORM\\node_modules\\react-scripts\\node_modules\\jest-runner\\build\\runTest.js:389:16)\n    at runTest (C:\\Users\\coura\\Downloads\\FOOD-ORDERING-PLATFORM\\node_modules\\react-scripts\\node_modules\\jest-runner\\build\\runTest.js:475:34)\n    at TestRunner.runTests (C:\\Users\\coura\\Downloads\\FOOD-ORDERING-PLATFORM\\node_modules\\react-scripts\\node_modules\\jest-runner\\build\\index.js:101:12)\n    at TestScheduler.scheduleTests (C:\\Users\\coura\\Downloads\\FOOD-ORDERING-PLATFORM\\node_modules\\react-scripts\\node_modules\\@jest\\core\\build\\TestScheduler.js:333:13)\n    at runJest (C:\\Users\\coura\\Downloads\\FOOD-ORDERING-PLATFORM\\node_modules\\react-scripts\\node_modules\\@jest\\core\\build\\runJest.js:404:19)\n    at _run10000 (C:\\Users\\coura\\Downloads\\FOOD-ORDERING-PLATFORM\\node_modules\\react-scripts\\node_modules\\@jest\\core\\build\\cli\\index.js:320:7)\n    at runCLI (C:\\Users\\coura\\Downloads\\FOOD-ORDERING-PLATFORM\\node_modules\\react-scripts\\node_modules\\@jest\\core\\build\\cli\\index.js:173:3)\n    at Object.run (C:\\Users\\coura\\Downloads\\FOOD-ORDERING-PLATFORM\\node_modules\\react-scripts\\node_modules\\jest-cli\\build\\cli\\index.js:155:37)"],"fullName":"AccSettings - data loading into fields shows banner upload placeholder when no bannerURL exists","location":null,"status":"failed","title":"shows banner upload placeholder when no bannerURL exists"},{"ancestorTitles":["AccSettings - data loading into fields"],"failureMessages":[],"fullName":"AccSettings - data loading into fields renders gracefully when vendor document does not exist","location":null,"status":"passed","title":"renders gracefully when vendor document does not exist"},{"ancestorTitles":["AccSettings - data loading into fields"],"failureMessages":[],"fullName":"AccSettings - data loading into fields renders gracefully when user document does not exist","location":null,"status":"passed","title":"renders gracefully when user document does not exist"},{"ancestorTitles":["AccSettings - store form editing"],"failureMessages":[],"fullName":"AccSettings - store form editing updates the store name input","location":null,"status":"passed","title":"updates the store name input"},{"ancestorTitles":["AccSettings - store form editing"],"failureMessages":[],"fullName":"AccSettings - store form editing updates the description textarea","location":null,"status":"passed","title":"updates the description textarea"},{"ancestorTitles":["AccSettings - store form editing"],"failureMessages":[],"fullName":"AccSettings - store form editing updates the character counter when description changes","location":null,"status":"passed","title":"updates the character counter when description changes"},{"ancestorTitles":["AccSettings - store form editing"],"failureMessages":[],"fullName":"AccSettings - store form editing updates the address input","location":null,"status":"passed","title":"updates the address input"},{"ancestorTitles":["AccSettings - store form editing"],"failureMessages":[],"fullName":"AccSettings - store form editing updates the store phone input","location":null,"status":"passed","title":"updates the store phone input"},{"ancestorTitles":["AccSettings - store form editing"],"failureMessages":[],"fullName":"AccSettings - store form editing updates the category select","location":null,"status":"passed","title":"updates the category select"},{"ancestorTitles":["AccSettings - personal details editing"],"failureMessages":[],"fullName":"AccSettings - personal details editing updates the full name input","location":null,"status":"passed","title":"updates the full name input"},{"ancestorTitles":["AccSettings - personal details editing"],"failureMessages":[],"fullName":"AccSettings - personal details editing updates the email input","location":null,"status":"passed","title":"updates the email input"},{"ancestorTitles":["AccSettings - personal details editing"],"failureMessages":[],"fullName":"AccSettings - personal details editing updates the personal contact input","location":null,"status":"passed","title":"updates the personal contact input"},{"ancestorTitles":["AccSettings - personal details editing"],"failureMessages":[],"fullName":"AccSettings - personal details editing updates the current password field","location":null,"status":"passed","title":"updates the current password field"},{"ancestorTitles":["AccSettings - personal details editing"],"failureMessages":[],"fullName":"AccSettings - personal details editing updates the new password field","location":null,"status":"passed","title":"updates the new password field"},{"ancestorTitles":["AccSettings - personal details editing"],"failureMessages":[],"fullName":"AccSettings - personal details editing updates the confirm password field","location":null,"status":"passed","title":"updates the confirm password field"},{"ancestorTitles":["AccSettings - hours grid"],"failureMessages":[],"fullName":"AccSettings - hours grid hides time inputs when a day is toggled to closed","location":null,"status":"passed","title":"hides time inputs when a day is toggled to closed"},{"ancestorTitles":["AccSettings - hours grid"],"failureMessages":[],"fullName":"AccSettings - hours grid shows time inputs again when a closed day is re-opened","location":null,"status":"passed","title":"shows time inputs again when a closed day is re-opened"},{"ancestorTitles":["AccSettings - image upload"],"failureMessages":[],"fullName":"AccSettings - image upload shows a logo preview after a file is uploaded","location":null,"status":"passed","title":"shows a logo preview after a file is uploaded"},{"ancestorTitles":["AccSettings - image upload"],"failureMessages":[],"fullName":"AccSettings - image upload shows a banner preview after a file is uploaded","location":null,"status":"passed","title":"shows a banner preview after a file is uploaded"},{"ancestorTitles":["AccSettings - save changes"],"failureMessages":[],"fullName":"AccSettings - save changes calls onStoreUpdate when Save Changes is clicked","location":null,"status":"passed","title":"calls onStoreUpdate when Save Changes is clicked"},{"ancestorTitles":["AccSettings - save changes"],"failureMessages":[],"fullName":"AccSettings - save changes passes the current store form values to onStoreUpdate","location":null,"status":"passed","title":"passes the current store form values to onStoreUpdate"},{"ancestorTitles":["AccSettings - save changes"],"failureMessages":[],"fullName":"AccSettings - save changes shows a success toast after saving","location":null,"status":"passed","title":"shows a success toast after saving"},{"ancestorTitles":["AccSettings - save changes"],"failureMessages":[],"fullName":"AccSettings - save changes hides the toast after 3 seconds","location":null,"status":"passed","title":"hides the toast after 3 seconds"},{"ancestorTitles":["AccSettings - save changes"],"failureMessages":[],"fullName":"AccSettings - save changes passes updated store name to onStoreUpdate after editing","location":null,"status":"passed","title":"passes updated store name to onStoreUpdate after editing"},{"ancestorTitles":["AccSettings - Platform Access (admin application)"],"failureMessages":[],"fullName":"AccSettings - Platform Access (admin application) renders the admin application textarea and button","location":null,"status":"passed","title":"renders the admin application textarea and button"},{"ancestorTitles":["AccSettings - Platform Access (admin application)"],"failureMessages":[],"fullName":"AccSettings - Platform Access (admin application) Submit Application button is disabled when textarea is empty","location":null,"status":"passed","title":"Submit Application button is disabled when textarea is empty"},{"ancestorTitles":["AccSettings - Platform Access (admin application)"],"failureMessages":[],"fullName":"AccSettings - Platform Access (admin application) Submit Application button becomes enabled after typing a message","location":null,"status":"passed","title":"Submit Application button becomes enabled after typing a message"},{"ancestorTitles":["AccSettings - Platform Access (admin application)"],"failureMessages":[],"fullName":"AccSettings - Platform Access (admin application) calls setDoc with correct data when application is submitted","location":null,"status":"passed","title":"calls setDoc with correct data when application is submitted"},{"ancestorTitles":["AccSettings - Platform Access (admin application)"],"failureMessages":[],"fullName":"AccSettings - Platform Access (admin application) shows the submitted state after a successful application","location":null,"status":"passed","title":"shows the submitted state after a successful application"},{"ancestorTitles":["AccSettings - Platform Access (admin application)"],"failureMessages":["Error: Unable to find an element with the text: /application has been submitted/i. This could be because the text is broken up by multiple elements. In this case, you can provide a function for your text matcher to make your matcher more flexible.\n\nIgnored nodes: comments, script, style\n\u001b[36m<body>\u001b[39m\n  \u001b[36m<div>\u001b[39m\n    \u001b[36m<article\u001b[39m\n      \u001b[33mclass\u001b[39m=\u001b[32m\"acc-settings\"\u001b[39m\n    \u001b[36m>\u001b[39m\n      \u001b[36m<header\u001b[39m\n        \u001b[33mclass\u001b[39m=\u001b[32m\"acc-settings__header\"\u001b[39m\n      \u001b[36m>\u001b[39m\n        \u001b[36m<h1>\u001b[39m\n          \u001b[0mAccount Settings\u001b[0m\n        \u001b[36m</h1>\u001b[39m\n        \u001b[36m<p>\u001b[39m\n          \u001b[0mManage your store details and personal information.\u001b[0m\n        \u001b[36m</p>\u001b[39m\n      \u001b[36m</header>\u001b[39m\n      \u001b[36m<section\u001b[39m\n        \u001b[33mclass\u001b[39m=\u001b[32m\"acc-card\"\u001b[39m\n      \u001b[36m>\u001b[39m\n        \u001b[36m<h2\u001b[39m\n          \u001b[33mclass\u001b[39m=\u001b[32m\"acc-card__title\"\u001b[39m\n        \u001b[36m>\u001b[39m\n          \u001b[0mStore Details\u001b[0m\n        \u001b[36m</h2>\u001b[39m\n        \u001b[36m<p\u001b[39m\n          \u001b[33mclass\u001b[39m=\u001b[32m\"acc-field\"\u001b[39m\n        \u001b[36m>\u001b[39m\n          \u001b[36m<label>\u001b[39m\n            \u001b[0mStore Name\u001b[0m\n          \u001b[36m</label>\u001b[39m\n          \u001b[36m<input\u001b[39m\n            \u001b[33mtype\u001b[39m=\u001b[32m\"text\"\u001b[39m\n            \u001b[33mvalue\u001b[39m=\u001b[32m\"Red Dragon Burgers\"\u001b[39m\n          \u001b[36m/>\u001b[39m\n        \u001b[36m</p>\u001b[39m\n        \u001b[36m<p\u001b[39m\n          \u001b[33mclass\u001b[39m=\u001b[32m\"acc-field\"\u001b[39m\n        \u001b[36m>\u001b[39m\n          \u001b[36m<label>\u001b[39m\n            \u001b[0mCategory\u001b[0m\n          \u001b[36m</label>\u001b[39m\n          \u001b[36m<select>\u001b[39m\n            \u001b[36m<option\u001b[39m\n              \u001b[33mvalue\u001b[39m=\u001b[32m\"\"\u001b[39m\n            \u001b[36m>\u001b[39m\n              \u001b[0m-- Select --\u001b[0m\n            \u001b[36m</option>\u001b[39m\n            \u001b[36m<option\u001b[39m\n              \u001b[33mvalue\u001b[39m=\u001b[32m\"Fast Food\"\u001b[39m\n            \u001b[36m>\u001b[39m\n              \u001b[0mFast Food\u001b[0m\n            \u001b[36m</option>\u001b[39m\n            \u001b[36m<option\u001b[39m\n              \u001b[33mvalue\u001b[39m=\u001b[32m\"Traditional\"\u001b[39m\n            \u001b[36m>\u001b[39m\n              \u001b[0mTraditional\u001b[0m\n            \u001b[36m</option>\u001b[39m\n            \u001b[36m<option\u001b[39m\n              \u001b[33mvalue\u001b[39m=\u001b[32m\"Halal\"\u001b[39m\n            \u001b[36m>\u001b[39m\n              \u001b[0mHalal\u001b[0m\n            \u001b[36m</option>\u001b[39m\n            \u001b[36m<option\u001b[
[...]
               \u001b[0mClosed\u001b[0m\n                    \u001b[36m</label>\u001b[39m\n                    \u001b[36m<input\u001b[39m\n                      \u001b[33mclass\u001b[39m=\u001b[32m\"hours-time\"\u001b[39m\n                      \u001b[33mtype\u001b[39m=\u001b[32m\"time\"\u001b[39m\n                      \u001b[33mvalue\u001b[39m=\u001b[32m\"08:00\"\u001b[39m\n                    \u001b[36m/>\u001b[39m\n                    \u001b[36m<span\u001b[39m\n                      \u001b[33mclass\u001b[39m=\u001b[32m\"hours-sep\"\u001b[39m\n                    \u001b[36m>\u001b[39m\n                      \u001b[0m–\u001b[0m\n                    \u001b[36m</span>\u001b[39m\n                    \u001b[36m<input\u001b[39m\n                      \u001b[33mclass\u001b[39m=\u001b[32m\"hours-time\"\u001b[39m\n                      \u001b[33mtype\u001b[39m=\u001b[32m\"time\"\u001b[39m\n                      \u001b[33mvalue\u001b[39m=\u001b[32m\"20:00\"\u001b[39m\n                    \u001b[36m/>\u001b[39m\n                  \u001b[36m</li>\u001b[39m\n                  \u001b[36m<li\u001b[39m\n                    \u001b[33mclass\u001b[39m=\u001b[32m\"hours-row\"\u001b[39m\n                  \u001b[36m>\u001b[39m\n                    \u001b[36m<abbr\u001b[39m\n                      \u001b[33mclass\u001b[39m=\u001b[32m\"hours-day\"\u001b[39m\n                      \u001b[33mtitle\u001b[39m=\u001b[32m\"Friday\"\u001b[39m\n                    \u001b[36m>\u001b[39m\n                      \u001b[0mFri\u001b[0m\n                    \u001b[36m</abbr>\u001b[39m\n                    \u001b[36m<label\u001b[39m\n                      \u001b[33mclass\u001b[39m=\u001b[32m\"hours-closed\"\u001b[39m\n                    \u001b[36m>\u001b[39m\n                      \u001b[36m<input\u001b[39m\n                        \u001b[33mtype\u001b[39m=\u001b[32m\"checkbox\"\u001b[39m\n                      \u001b[36m/>\u001b[39m\n                      \u001b[0mClosed\u001b[0m\n                    \u001b[36m</label>\u001b[39m\n                    \u001b[36m<input\u001b[39m\n                      \u001b[33mclass\u001b[39m=\u001b[32m\"hours-time\"\u001b[39m\n                      \u001b[33mtype\u001b[39m=\u001b[32m\"time\"\u001b[39m\n                      \u001b[33mvalue\u001b[39m=\u001b[32m\"08:00\"\u001b[39m\n                    \u001b[36m/>\u001b[39m\n                    \u001b[36m<span\u001b[39m\n                      \u001b[33mclass\u001b[39m=\u001b[32m\"hours-sep\"\u001b[39m\n                    \u001b[36m>\u001b[39m\n                      \u001b[0m–\u001b[0m\n                    \u001b[36m</span>\u001b[39m\n                    \u001b[36m<input\u001b[39m\n                      \u001b[33mclass\u001b[39m=\u001b[32m\"hours-time\"\u001b[39m\n                      \u001b[33mtype\u001b[39m=\u001b[32m\"time\"\u001b[39m\n                      \u001b[33mvalue\u001b[39m=\u001b[32m\"20:00\"\u001b[39m\n                    \u001b[36m/>\u001b[39m\n                  \u001b[36m</li>\u001b[39m\n                  \u001b[36m<li\u001b[39m\n                    \u001b[33mclass\u001b[39m=\u001b[32m\"hours-row\"\u001b[39m\n                  \u001b[36m>\u001b[39m\n                    \u001b[36m<abbr\u001b[39m\n                      \u001b[33mclass\u001b[39m=\u001b[32m\"hours-day\"\u001b[39m\n                      \u001b[33mtitle\u001b[39m=\u001b[32m\"Saturday\"\u001b[39m\n                    \u001b[36m>\u001b[39m\n                      \u001b[0mSat\u001b[0m\n                    \u001b[36m</abbr>\u001b[39m\n                    \u001b[36m<label\u001b[39m\n                      \u001b[33mclass\u001b[39m=\u001b[32m\"hours-closed\"\u001b[39m\n                    \u001b[36m>\u001b[39m\n                      \u001b[36m<input\u001b[39m\n                        \u001b[33mtype\u001b[39m=\u001b[32m\"checkbox\"\u001b[39m\n                      \u001b[36m/>\u001b[39m\n                      \u001b[0mClosed\u001b[0m\n                    \u001b[36m</label>\u001b[39m\n                    \u001b[36m<input\u001b[39m\n                      \u001b[33mclass\u001b[39m=\u001b[32m\"hours-time\"\u001b[39m\n                      \u001b[33mtype\u001b[39m=\u001b[32m\"time\"\u001b[39m\n                      \u001b[33mvalue\u001b[39m=\u001b[32m\"08:00\"\u001b[39m\n                    \u001b[36m/>\u001b[39m\n                    \u001b[36m<span\u001b[39m\n                      \u001b[33mclass\u001b[39m=\u001b[32m\"hours-sep\"\u001b[39m\n                    \u001b[36m>\u001b[39m\n                      \u001b[0m–\u001b[0m\n                    \u001b[36m</span>\u001b[39m\n                    \u001b[36m<input\u001b[39m\n                      \u001b[33mclass\u001b[39m=\u001b[32m\"hours-time\"\u001b[39m\n                      \u001b[33mtype\u001b[39m=\u001b[32m\"time\"\u001b[39m\n                      \u001b[33mvalue\u001b[39m=\u001b[32m\"20:00\"\u001b[39m\n                    \u001b[36m/>\u001b[39m\n                  \u001b[36m</li>\u001b[39m\n                  \u001b[36m<li\u001b[39m\n                    \u001b[33mclass\u001b[39m=\u001b[32m\"hours-row\"\u001b[39m\n                  \u001b[36m>\u001b[39m\n                    \u001b[36m<abbr\u001b[39m\n                      \u001b[33mclass\u001b[39m=\u001b[32m\"hours-day\"\u001b[39m\n                      \u001b[33mtitle\u001b[39m=\u001b[32m\"Sunday\"\u001b[39m\n                    \u001b[36m>\u001b[39m\n                      \u001b[0mSun\u001b[0m\n                    \u001b[36m</abbr>\u001b[39m\n                    \u001b[36m<label\u001b[39m\n                      \u001b[33mclass\u001b[39m=\u001b[32m\"hours-closed\"\u001b[39m\n                    \u001b[36m>\u001b[39m\n                      \u001b[36m<input\u001b[39m\n                        \u001b[33mtype\u001b[39m=\u001b[32m\"checkbox\"\u001b[39m\n                      \u001b[36m/>\u001b[39m\n                      \u001b[0mClosed\u001b[0m\n                    \u001b[36m</label>\u001b[39m\n                    \u001b[36m<input\u001b[39m\n                      \u001b[33mclass\u001b[39m=\u001b[32m\"hours-time\"\u001b[39m\n                      \u001b[33mtype\u001b[39m=\u001b[32m\"time\"\u001b[39m\n                      \u001b[33mvalue\u001b[39m=\u001b[32m\"08:00\"\u001b[39m\n                    \u001b[36m/>\u001b[39m\n                    \u001b[36m<span\u001b[39m\n                      \u001b[33mclass\u001b[39m=\u001b[32m\"hours-sep\"\u001b[39m\n                    \u001b[36m>\u001b[39m\n                      \u001b[0m–\u001b[0m\n                    \u001b[36m</span>\u001b[39m\n                    \u001b[36m<input\u001b[39m\n                      \u001b[33mclass\u001b[39m=\u001b[32m\"hours-time\"\u001b[39m\n                      \u001b[33mtype\u001b[39m=\u001b[32m\"time\"\u001b[39m\n                      \u001b[33mvalue\u001b[39m=\u001b[32m\"20:00\"\u001b[39m\n                    \u001b[36m/>\u001b[39m\n                  \u001b[36m</li>\u001b[39m\n                \u001b[36m</ul>\u001b[39m\n              \u001b[36m</section>\u001b[39m\n              \u001b[36m<section\u001b[39m\n                \u001b[33mclass\u001b[39m=\u001b[32m\"acc-images\"\u001b[39m\n              \u001b[36m>\u001b[39m\n                \u001b[36m<p\u001b[39m\n                  \u001b[33mclass\u001b[39m=\u001b[32m\"acc-field\"\u001b[39m\n                \u001b[36m>\u001b[39m\n                  \u001b[36m<label>\u001b[39m\n                    \u001b[0mStore Logo\u001b[0m\n                  \u001b[36m</label>\u001b[39m\n                  \u001b[36m<label\u001b[39m\n                    \u001b[33mclass\u001b[39m=\u001b[32m\"upload-box upload-box--logo\"\u001b[39m\n                  \u001b[36m>\u001b[39m\n                    \u001b[36m<img\u001b[39m\n                      \u001b[33malt\u001b[39m=\u001b[32m\"Logo\"\u001b[39m\n                      \u001b[33mclass\u001b[39m=\u001b[32m\"upload-preview\"\u001b[39m\n                      \u001b[33msrc\u001b[39m=\u001b[32m\"https://example.com/logo.jpg\"\u001b[39m\n                    \u001b[36m/>\u001b[39m\n                    \u001b[36m<input\u001b[39m\n                      \u001b[33maccept\u001b[39m=\u001b[32m\"image/*\"\u001b[39m\n                      \u001b[33mhidden\u001b[39m=\u001b[32m\"\"\u001b[39m\n                      \u001b[33mtype\u001b[39m=\u001b[32m\"file\"\u001b[39m\n                    \u001b[36m/>\u001b[39m\n                  \u001b[36m</label>\u001b[39m\n                \u001b[36m</p>\u001b[39m\n                \u001b[36m<p\u001b[39m\n                  \u001b[33mclass\u001b[39m=\u001b[32m\"acc-field\"\u001b[39m\n                \u001b[36m>\u001b[39m\n                  \u001b[36m<label>\u001b[39m\n                    \u001b[0mStore Banner\u001b[0m\n                  \u001b[36m</label>\u001b[39m\n                  \u001b[36m<label\u001b[39m\n                    \u001b[33mclass\u001b[39m=\u001b[32m\"upload-box upload-box--banner\"\u001b[39m\n                  \u001b[36m>\u001b[39m\n                    \u001b[36m<img\u001b[39m\n                      \u001b[33malt\u001b[39m=\u001b[32m\"Banner\"\u001b[39m\n                      \u001b[33mclass\u001b[39m=\u001b[32m\"upload-preview\"\u001b[39m\n                      \u001b[33msrc\u001b[39m=\u001b[32m\"https://example.com/banner.jpg\"\u001b[39m\n                    \u001b[36m/>\u001b[39m\n                    \u001b[36m<input\u001b[39m\n                      \u001b[33maccept\u001b[39m=\u001b[32m\"image/*\"\u001b[39m\n                      \u001b[33mhidden\u001b[39m=\u001b[32m\"\"\u001b[39m\n                      \u001b[33mtype\u001b[39m=\u001b[32m\"file\"\u001b[39m\n                    \u001b[36m/>\u001b[39m\n                  \u001b[36m</label>\u001b[39m\n                \u001b[36m</p>\u001b[39m\n              \u001b[36m</section>\u001b[39m\n            \u001b[36m</section>\u001b[39m\n            \u001b[36m<section\u001b[39m\n              \u001b[33mclass\u001b[39m=\u001b[32m\"acc-card\"\u001b[39m\n            \u001b[36m>\u001b[39m\n              \u001b[36m<h2\u001b[39m\n                \u001b[33mclass\u001b[39m=\u001b[32m\"acc-card__title\"\u001b[39m\n              \u001b[36m>\u001b[39m\n                \u001b[0mPersonal Details\u001b[0m\n              \u001b[36m</h2>\u001b[39m\n              \u001b[36m<p\u001b[39m\n                \u001b[33mclass\u001b[39m=\u001b[32m\"acc-field\"\u001b[39m\n              \u001b[36m>\u001b[39m\n                \u001b[36m<label>\u001b[39m\n                  \u001b[0mFull Name\u001b[0m\n                \u001b[36m</label>\u001b[39m\n                \u001b[36m<input\u001b[39m\n                  \u001b[33mplaceholder\u001b[39m=\u001b[32m\"Your full name\"\u001b[39m\n                  \u001b[33mtype\u001b[39m=\u001b[32m\"text\"\u001b[39m\n                  \u001b[33mvalue\u001b[39m=\u001b[32m\"Nicolene Smith\"\u001b[39m\n                \u001b[36m/>\u001b[39m\n              \u001b[36m</p>\u001b[39m\n              \u001b[36m<p\u001b[39m\n                \u001b[33mclass\u001b[39m=\u001b[32m\"acc-field\"\u001b[39m\n              \u001b[36m>\u001b[39m\n                \u001b[36m<label>\u001b[39m\n                  \u001b[0mEmail Address\u001b[0m\n                \u001b[36m</label>\u001b[39m\n                \u001b[36m<input\u001b[39m\n                  \u001b[33mplaceholder\u001b[39m=\u001b[32m\"your@email.com\"\u001b[39m\n                  \u001b[33mtype\u001b[39m=\u001b[32m\"email\"\u001b[39m\n                  \u001b[33mvalue\u001b[39m=\u001b[32m\"nico@email.com\"\u001b[39m\n                \u001b[36m/>\u001b[39m\n              \u001b[36m</p>\u001b[39m\n              \u001b[36m<p\u001b[39m\n                \u001b[33mclass\u001b[39m=\u001b[32m\"acc-field\"\u001b[39m\n              \u001b[36m>\u001b[39m\n                \u001b[36m<label>\u001b[39m\n                  \u001b[0mPersonal Contact Number\u001b[0m\n                \u001b[36m</label>\u001b[39m\n                \u001b[36m<input\u001b[39m\n                  \u001b[33mplaceholder\u001b[39m=\u001b[32m\"e.g. 083 123 4567\"\u001b[39m\n                  \u001b[33mtype\u001b[39m=\u001b[32m\"tel\"\u001b[39m\n                  \u001b[33mvalue\u001b[39m=\u001b[32m\"0831112222\"\u001b[39m\n                \u001b[36m/>\u001b[39m\n              \u001b[36m</p>\u001b[39m\n              \u001b[36m<h3\u001b[39m\n                \u001b[33mclass\u001b[39m=\u001b[32m\"acc-divider\"\u001b[39m\n              \u001b[36m>\u001b[39m\n                \u001b[0mChange Password\u001b[0m\n              \u001b[36m</h3>\u001b[39m\n              \u001b[36m<p\u001b[39m\n                \u001b[33mclass\u001b[39m=\u001b[32m\"acc-field\"\u001b[39m\n              \u001b[36m>\u001b[39m\n                \u001b[36m<label>\u001b[39m\n                  \u001b[0mCurrent Password\u001b[0m\n                \u001b[36m</label>\u001b[39m\n                \u001b[36m<input\u001b[39m\n                  \u001b[33mplaceholder\u001b[39m=\u001b[32m\"Enter current password\"\u001b[39m\n                  \u001b[33mtype\u001b[39m=\u001b[32m\"password\"\u001b[39m\n                  \u001b[33mvalue\u001b[39m=\u001b[32m\"\"\u001b[39m\n                \u001b[36m/>\u001b[39m\n              \u001b[36m</p>\u001b[39m\n              \u001b[36m<section\u001b[39m\n                \u001b[33mclass\u001b[39m=\u001b[32m\"acc-row\"\u001b[39m\n              \u001b[36m>\u001b[39m\n                \u001b[36m<p\u001b[39m\n                  \u001b[33mclass\u001b[39m=\u001b[32m\"acc-field\"\u001b[39m\n                \u001b[36m>\u001b[39m\n                  \u001b[36m<label>\u001b[39m\n                    \u001b[0mNew Password\u001b[0m\n                  \u001b[36m</label>\u001b[39m\n                  \u001b[36m<input\u001b[39m\n                    \u001b[33mplaceholder\u001b[39m=\u001b[32m\"New password\"\u001b[39m\n                    \u001b[33mtype\u001b[39m=\u001b[32m\"password\"\u001b[39m\n                    \u001b[33mvalue\u001b[39m=\u001b[32m\"\"\u001b[39m\n                  \u001b[36m/>\u001b[39m\n                \u001b[36m</p>\u001b[39m\n                \u001b[36m<p\u001b[39m\n                  \u001b[33mclass\u001b[39m=\u001b[32m\"acc-field\"\u001b[39m\n                \u001b[36m>\u001b[39m\n                  \u001b[36m<label>\u001b[39m\n                    \u001b[0mConfirm Password\u001b[0m\n                  \u001b[36m</label>\u001b[39m\n                  \u001b[36m<input\u001b[39m\n                    \u001b[33mplaceholder\u001b[39m=\u001b[32m\"Repeat new password\"\u001b[39m\n                    \u001b[33mtype\u001b[39m=\u001b[32m\"password\"\u001b[39m\n                    \u001b[33mvalue\u001b[39m=\u001b[32m\"\"\u001b[39m\n                  \u001b[36m/>\u001b[39m\n                \u001b[36m</p>\u001b[39m\n              \u001b[36m</section>\u001b[39m\n            \u001b[36m</section>\u001b[39m\n            \u001b[36m<section\u001b[39m\n              \u001b[33mclass\u001b[39m=\u001b[32m\"acc-card acc-card--muted\"\u001b[39m\n            \u001b[36m>\u001b[39m\n              \u001b[36m<h2\u001b[39m\n                \u001b[33mclass\u001b[39m=\u001b[32m\"acc-card__title acc-card__title--muted\"\u001b[39m\n              \u001b[36m>\u001b[39m\n                \u001b[0mPlatform Access\u001b[0m\n              \u001b[36m</h2>\u001b[39m\n              \u001b[36m<p\u001b[39m\n                \u001b[33mclass\u001b[39m=\u001b[32m\"admin-app__hint\"\u001b[39m\n              \u001b[36m>\u001b[39m\n                \u001b[0mWant to help manage the platform? You can request elevated access here.\u001b[0m\n              \u001b[36m</p>\u001b[39m\n              \u001b[36m<p\u001b[39m\n                \u001b[33mclass\u001b[39m=\u001b[32m\"acc-field\"\u001b[39m\n              \u001b[36m>\u001b[39m\n                \u001b[36m<label>\u001b[39m\n                  \u001b[0mReason for applying\u001b[0m\n                \u001b[36m</label>\u001b[39m\n                \u001b[36m<textarea\u001b[39m\n                  \u001b[33mplaceholder\u001b[39m=\u001b[32m\"Briefly describe why you'd like admin access...\"\u001b[39m\n                  \u001b[33mrows\u001b[39m=\u001b[32m\"3\"\u001b[39m\n                \u001b[36m/>\u001b[39m\n              \u001b[36m</p>\u001b[39m\n              \u001b[36m<button\u001b[39m\n                \u001b[33mclass\u001b[39m=\u001b[32m\"btn btn--ghost\"\u001b[39m\n                \u001b[33mdisabled\u001b[39m=\u001b[32m\"\"\u001b[39m\n              \u001b[36m>\u001b[39m\n                \u001b[0mSubmit Application\u001b[0m\n              \u001b[36m</button>\u001b[39m\n            \u001b[36m</section>\u001b[39m\n            \u001b[36m<section\u001b[39m\n              \u001b[33mclass\u001b[39m=\u001b[32m\"acc-card acc-card--danger\"\u001b[39m\n            \u001b[36m>\u001b[39m\n              \u001b[36m<h2\u001b[39m\n                \u001b[33mclass\u001b[39m=\u001b[32m\"acc-card__title acc-card__title--danger\"\u001b[39m\n              \u001b[36m>\u001b[39m\n                \u001b[0mDanger Zone\u001b[0m\n              \u001b[36m</h2>\u001b[39m\n              \u001b[36m<p\u001b[39m\n                \u001b[33mclass\u001b[39m=\u001b[32m\"danger-hint\"\u001b[39m\n              \u001b[36m>\u001b[39m\n                \u001b[0mDeleting your account is permanent and cannot be undone.\u001b[0m\n              \u001b[36m</p>\u001b[39m\n              \u001b[36m<button\u001b[39m\n                \u001b[33mclass\u001b[39m=\u001b[32m\"btn btn--danger-ghost\"\u001b[39m\n              \u001b[36m>\u001b[39m\n                \u001b[0mDelete Account\u001b[0m\n              \u001b[36m</button>\u001b[39m\n            \u001b[36m</section>\u001b[39m\n            \u001b[36m<footer\u001b[39m\n              \u001b[33mclass\u001b[39m=\u001b[32m\"acc-settings__footer\"\u001b[39m\n            \u001b[36m>\u001b[39m\n              \u001b[36m<button\u001b[39m\n                \u001b[33mclass\u001b[39m=\u001b[32m\"btn btn--primary\"\u001b[39m\n              \u001b[36m>\u001b[39m\n                \u001b[0mSave Changes\u001b[0m\n              \u001b[36m</button>\u001b[39m\n            \u001b[36m</footer>\u001b[39m\n          \u001b[36m</article>\u001b[39m\n        \u001b[36m</div>\u001b[39m\n      \u001b[36m</body>\u001b[39m\n    \u001b[36m</html>\u001b[39m\n\u001b[2m\u001b[22m\n\u001b[2m    \u001b[0m \u001b[90m 575 |\u001b[39m\u001b[22m\n\u001b[2m     \u001b[90m 576 |\u001b[39m     \u001b[36mawait\u001b[39m waitFor(() \u001b[33m=>\u001b[39m\u001b[22m\n\u001b[2m    \u001b[31m\u001b[1m>\u001b[22m\u001b[2m\u001b[39m\u001b[90m 577 |\u001b[39m       expect(consoleSpy)\u001b[33m.\u001b[39mtoHaveBeenCalledWith(\u001b[22m\n\u001b[2m     \u001b[90m     |\u001b[39m                          \u001b[31m\u001b[1m^\u001b[22m\u001b[2m\u001b[39m\u001b[22m\n\u001b[2m     \u001b[90m 578 |\u001b[39m         \u001b[32m'Failed to fetch vendor data:'\u001b[39m\u001b[33m,\u001b[39m\u001b[22m\n\u001b[2m     \u001b[90m 579 |\u001b[39m         expect\u001b[33m.\u001b[39many(\u001b[33mError\u001b[39m)\u001b[22m\n\u001b[2m     \u001b[90m 580 |\u001b[39m       )\u001b[0m\u001b[22m\n\u001b[2m\u001b[22m\n\u001b[2m      \u001b[2mat toHaveBeenCalledWith (\u001b[22m\u001b[2m\u001b[0m\u001b[36msrc/components/Vendor/tests/AccSettings.test.jsx\u001b[39m\u001b[0m\u001b[2m:577:26)\u001b[22m\u001b[2m\u001b[22m\n\u001b[2m      \u001b[2mat runWithExpensiveErrorDiagnosticsDisabled (\u001b[22m\u001b[2mnode_modules/@testing-library/dom/dist/config.js\u001b[2m:47:12)\u001b[22m\u001b[2m\u001b[22m\n\u001b[2m      \u001b[2mat checkCallback (\u001b[22m\u001b[2mnode_modules/@testing-library/dom/dist/wait-for.js\u001b[2m:124:77)\u001b[22m\u001b[2m\u001b[22m\n\u001b[2m      \u001b[2mat checkRealTimersCallback (\u001b[22m\u001b[2mnode_modules/@testing-library/dom/dist/wait-for.js\u001b[2m:118:16)\u001b[22m\u001b[2m\u001b[22m\n\u001b[2m      \u001b[2mat Timeout.task [as _onTimeout] (\u001b[22m\u001b[2mnode_modules/react-scripts/node_modules/jsdom/lib/jsdom/browser/Window.js\u001b[2m:516:19)\u001b[22m\u001b[2m\u001b[22m\n","name":"C:\\Users\\coura\\Downloads\\FOOD-ORDERING-PLATFORM\\src\\components\\Vendor\\tests\\AccSettings.test.jsx","startTime":1778534524625,"status":"failed","summary":""}],"wasInterrupted":false}