{"C:\\Users\\coura\\Downloads\\FOOD-ORDERING-PLATFORM\\src\\App.js": {"path":"C:\\Users\\coura\\Downloads\\FOOD-ORDERING-PLATFORM\\src\\App.js","statementMap":{"0":{"start":{"line":23,"column":27},"end":{"line":23,"column":82}},"1":{"start":{"line":25,"column":38},"end":{"line":30,"column":4}},"2":{"start":{"line":26,"column":19},"end":{"line":26,"column":62}},"3":{"start":{"line":27,"column":17},"end":{"line":27,"column":35}},"4":{"start":{"line":28,"column":4},"end":{"line":28,"column":26}},"5":{"start":{"line":28,"column":14},"end":{"line":28,"column":26}},"6":{"start":{"line":29,"column":4},"end":{"line":29,"column":19}},"7":{"start":{"line":32,"column":40},"end":{"line":32,"column":54}},"8":{"start":{"line":33,"column":42},"end":{"line":33,"column":56}},"9":{"start":{"line":34,"column":36},"end":{"line":34,"column":50}},"10":{"start":{"line":35,"column":34},"end":{"line":35,"column":61}},"11":{"start":{"line":36,"column":30},"end":{"line":36,"column":42}},"12":{"start":{"line":38,"column":22},"end":{"line":46,"column":3}},"13":{"start":{"line":39,"column":4},"end":{"line":45,"column":7}},"14":{"start":{"line":40,"column":23},"end":{"line":40,"column":55}},"15":{"start":{"line":40,"column":38},"end":{"line":40,"column":54}},"16":{"start":{"line":41,"column":6},"end":{"line":43,"column":7}},"17":{"start":{"line":42,"column":8},"end":{"line":42,"column":78}},"18":{"start":{"line":42,"column":29},"end":{"line":42,"column":76}},"19":{"start":{"line":44,"column":6},"end":{"line":44,"column":86}},"20":{"start":{"line":48,"column":24},"end":{"line":48,"column":61}},"21":{"start":{"line":48,"column":30},"end":{"line":48,"column":61}},"22":{"start":{"line":48,"column":55},"end":{"line":48,"column":60}},"23":{"start":{"line":51,"column":4},"end":{"line":55,"column":34}},"24":{"start":{"line":58,"column":4},"end":{"line":64,"column":28}},"25":{"start":{"line":66,"column":29},"end":{"line":89,"column":8}},"26":{"start":{"line":67,"column":4},"end":{"line":75,"column":5}},"27":{"start":{"line":73,"column":6},"end":{"line":73,"column":34}},"28":{"start":{"line":74,"column":6},"end":{"line":74,"column":13}},"29":{"start":{"line":77,"column":4},"end":{"line":88,"column":5}},"30":{"start":{"line":78,"column":6},"end":{"line":78,"column":39}},"31":{"start":{"line":79,"column":11},"end":{"line":88,"column":5}},"32":{"start":{"line":80,"column":18},"end":{"line":80,"column":38}},"33":{"start":{"line":81,"column":6},"end":{"line":81,"column":24}},"34":{"start":{"line":82,"column":6},"end":{"line":82,"column":24}},"35":{"start":{"line":83,"column":24},"end":{"line":83,"column":61}},"36":{"start":{"line":84,"column":6},"end":{"line":84,"column":25}},"37":{"start":{"line":85,"column":6},"end":{"line":85,"column":77}},"38":{"start":{"line":87,"column":6},"end":{"line":87,"column":29}},"39":{"start":{"line":91,"column":2},"end":{"line":142,"column":45}},"40":{"start":{"line":93,"column":4},"end":{"line":93,"column":33}},"41":{"start":{"line":93,"column":26},"end":{"line":93,"column":33}},"42":{"start":{"line":95,"column":24},"end":{"line":140,"column":6}},"43":{"start":{"line":96,"column":6},"end":{"line":138,"column":7}},"44":{"start":{"line":97,"column":25},"end":{"line":97,"column":65}},"45":{"start":{"line":98,"column":8},"end":{"line":137,"column":9}},"46":{"start":{"line":99,"column":27},"end":{"line":99,"column":42}},"47":{"start":{"line":101,"column":10},"end":{"line":125,"column":11}},"48":{"start":{"line":102,"column":31},"end":{"line":102,"column":73}},"49":{"start":{"line":103,"column":12},"end":{"line":124,"column":13}},"50":{"start":{"line":104,"column":25},"end":{"line":104,"column":42}},"51":{"start":{"line":105,"column":14},"end":{"line":105,"column":111}},"52":{"start":{"line":105,"column":47},"end":{"line":105,"column":81}},"53":{"start":{"line":105,"column":82},"end":{"line":105,"column":101}},"54":{"start":{"line":105,"column":102},"end":{"line":105,"column":109}},"55":{"start":{"line":106,"column":14},"end":{"line":111,"column":15}},"56":{"start":{"line":107,"column":16},"end":{"line":107,"column":39}},"57":{"start":{"line":108,"column":16},"end":{"line":108,"column":45}},"58":{"start":{"line":109,"column":16},"end":{"line":109,"column":35}},"59":{"start":{"line":110,"column":16},"end":{"line":110,"column":23}},"60":{"start":{"line":112,"column":14},"end":{"line":112,"column":108}},"61":{"start":{"line":112,"column":46},"end":{"line":112,"column":78}},"62":{"start":{"line":112,"column":79},"end":{"line":112,"column":98}},"63":{"start":{"line":112,"column":99},"end":{"line":112,"column":106}},"64":{"start":{"line":114,"column":14},"end":{"line":114,"column":37}},"65":{"start":{"line":115,"column":14},"end":{"line":115,"column":48}},"66":{"start":{"line":116,"column":14},"end":{"line":116,"column":33}},"67":{"start":{"line":117,"column":14},"end":{"line":117,"column":21}},"68":{"start":{"line":120,"column":14},"end":{"line":120,"column":37}},"69":{"start":{"line":121,"column":14},"end":{"line":121,"column":43}},"70":{"start":{"line":122,"column":14},"end":{"line":122,"column":33}},"71":{"start":{"line":123,"column":14},"end":{"line":123,"column":21}},"72":{"start":{"line":127,"column":10},"end":{"line":134,"column":11}},"73":{"start":{"line":128,"column":30},"end":{"line":128,"column":71}},"74":{"start":{"line":129,"column":12},"end":{"line":133,"column":13}},"75":{"start":{"line":130,"column":25},"end":{"line":130,"column":48}},"76":{"start":{"line":131,"column":14},"end":{"line":131,"column":103}},"77":{"start":{"line":131,"column":40},"end":{"line":131,"column":73}},"78":{"start":{"line":131,"column":74},"end":{"line":131,"column":93}},"79":{"start":{"line":131,"column":94},"end":{"line":131,"column":101}},"80":{"start":{"line":132,"column":14},"end":{"line":132,"column":103}},"81":{"start":{"line":132,"column":40},"end":{"line":132,"column":71}},"82":{"start":{"line":132,"column":74},"end":{"line":132,"column":93}},"83":{"start":{"line":132,"column":94},"end":{"line":132,"column":101}},"84":{"start":{"line":136,"column":10},"end":{"line":136,"column":41}},"85":{"start":{"line":139,"column":6},"end":{"line":139,"column":25}},"86":{"start":{"line":141,"column":4},"end":{"line":141,"column":31}},"87":{"start":{"line":141,"column":17},"end":{"line":141,"column":30}},"88":{"start":{"line":144,"column":24},"end":{"line":154,"column":3}},"89":{"start":{"line":145,"column":4},"end":{"line":153,"column":11}},"90":{"start":{"line":149,"column":57},"end":{"line":149,"column":79}},"91":{"start":{"line":156,"column":36},"end":{"line":177,"column":3}},"92":{"start":{"line":157,"column":4},"end":{"line":176,"column":11}},"93":{"start":{"line":172,"column":57},"end":{"line":172,"column":79}},"94":{"start":{"line":179,"column":21},"end":{"line":259,"column":3}},"95":{"start":{"line":180,"column":4},"end":{"line":186,"column":5}},"96":{"start":{"line":181,"column":6},"end":{"line":185,"column":8}},"97":{"start":{"line":188,"column":4},"end":{"line":258,"column":5}},"98":{"start":{"line":190,"column":8},"end":{"line":190,"column":57}},"99":{"start":{"line":192,"column":8},"end":{"line":192,"column":33}},"100":{"start":{"line":194,"column":8},"end":{"line":194,"column":26}},"101":{"start":{"line":196,"column":8},"end":{"line":196,"column":94}},"102":{"start":{"line":198,"column":8},"end":{"line":198,"column":79}},"103":{"start":{"line":200,"column":8},"end":{"line":200,"column":86}},"104":{"start":{"line":202,"column":8},"end":{"line":207,"column":7}},"105":{"start":{"line":209,"column":8},"end":{"line":215,"column":10}},"106":{"start":{"line":212,"column":26},"end":{"line":212,"column":48}},"107":{"start":{"line":217,"column":8},"end":{"line":223,"column":10}},"108":{"start":{"line":220,"column":30},"end":{"line":220,"column":61}},"109":{"start":{"line":221,"column":28},"end":{"line":221,"column":50}},"110":{"start":{"line":225,"column":8},"end":{"line":225,"column":86}},"111":{"start":{"line":225,"column":59},"end":{"line":225,"column":81}},"112":{"start":{"line":227,"column":8},"end":{"line":227,"column":64}},"113":{"start":{"line":229,"column":8},"end":{"line":229,"column":71}},"114":{"start":{"line":231,"column":8},"end":{"line":231,"column":43}},"115":{"start":{"line":233,"column":8},"end":{"line":236,"column":10}},"116":{"start":{"line":238,"column":8},"end":{"line":242,"column":10}},"117":{"start":{"line":244,"column":8},"end":{"line":247,"column":10}},"118":{"start":{"line":249,"column":8},"end":{"line":253,"column":10}},"119":{"start":{"line":257,"column":8},"end":{"line":257,"column":61}},"120":{"start":{"line":261,"column":26},"end":{"line":269,"column":3}},"121":{"start":{"line":271,"column":2},"end":{"line":273,"column":3}},"122":{"start":{"line":272,"column":4},"end":{"line":272,"column":31}},"123":{"start":{"line":275,"column":2},"end":{"line":304,"column":4}},"124":{"start":{"line":307,"column":22},"end":{"line":314,"column":1}}},"fnMap":{"0":{"name":"App","decl":{"start":{"line":22,"column":9},"end":{"line":22,"column":12}},"loc":{"start":{"line":22,"column":15},"end":{"line":305,"column":1}},"line":22},"1":{"name":"(anonymous_1)","decl":{"start":{"line":25,"column":47},"end":{"line":25,"column":48}},"loc":{"start":{"line":25,"column":53},"end":{"line":30,"column":3}},"line":25},"2":{"name":"(anonymous_2)","decl":{"start":{"line":38,"column":22},"end":{"line":38,"column":23}},"loc":{"start":{"line":38,"column":38},"end":{"line":46,"column":3}},"line":38},"3":{"name":"(anonymous_3)","decl":{"start":{"line":39,"column":14},"end":{"line":39,"column":15}},"loc":{"start":{"line":39,"column":22},"end":{"line":45,"column":5}},"line":39},"4":{"name":"(anonymous_4)","decl":{"start":{"line":40,"column":33},"end":{"line":40,"column":34}},"loc":{"start":{"line":40,"column":38},"end":{"line":40,"column":54}},"line":40},"5":{"name":"(anonymous_5)","decl":{"start":{"line":42,"column":24},"end":{"line":42,"column":25}},"loc":{"start":{"line":42,"column":29},"end":{"line":42,"column":76}},"line":42},"6":{"name":"(anonymous_6)","decl":{"start":{"line":48,"column":24},"end":{"line":48,"column":25}},"loc":{"start":{"line":48,"column":30},"end":{"line":48,"column":61}},"line":48},"7":{"name":"(anonymous_7)","decl":{"start":{"line":48,"column":45},"end":{"line":48,"column":46}},"loc":{"start":{"line":48,"column":55},"end":{"line":48,"column":60}},"line":48},"8":{"name":"(anonymous_8)","decl":{"start":{"line":66,"column":41},"end":{"line":66,"column":42}},"loc":{"start":{"line":66,"column":65},"end":{"line":89,"column":3}},"line":66},"9":{"name":"(anonymous_9)","decl":{"start":{"line":91,"column":12},"end":{"line":91,"column":13}},"loc":{"start":{"line":91,"column":18},"end":{"line":142,"column":3}},"line":91},"10":{"name":"(anonymous_10)","decl":{"start":{"line":95,"column":49},"end":{"line":95,"column":50}},"loc":{"start":{"line":95,"column":65},"end":{"line":140,"column":5}},"line":95},"11":{"name":"(anonymous_11)","decl":{"start":{"line":141,"column":11},"end":{"line":141,"column":12}},"loc":{"start":{"line":141,"column":17},"end":{"line":141,"column":30}},"line":141},"12":{"name":"(anonymous_12)","decl":{"start":{"line":144,"column":24},"end":{"line":144,"column":25}},"loc":{"start":{"line":145,"column":4},"end":{"line":153,"column":11}},"line":145},"13":{"name":"(anonymous_13)","decl":{"start":{"line":149,"column":51},"end":{"line":149,"column":52}},"loc":{"start":{"line":149,"column":57},"end":{"line":149,"column":79}},"line":149},"14":{"name":"(anonymous_14)","decl":{"start":{"line":156,"column":36},"end":{"line":156,"column":37}},"loc":{"start":{"line":157,"column":4},"end":{"line":176,"column":11}},"line":157},"15":{"name":"(anonymous_15)","decl":{"start":{"line":172,"column":51},"end":{"line":172,"column":52}},"loc":{"start":{"line":172,"column":57},"end":{"line":172,"column":79}},"line":172},"16":{"name":"(anonymous_16)","decl":{"start":{"line":179,"column":21},"end":{"line":179,"column":22}},"loc":{"start":{"line":179,"column":27},"end":{"line":259,"column":3}},"line":179},"17":{"name":"(anonymous_17)","decl":{"start":{"line":212,"column":20},"end":{"line":212,"column":21}},"loc":{"start":{"line":212,"column":26},"end":{"line":212,"column":48}},"line":212},"18":{"name":"(anonymous_18)","decl":{"start":{"line":220,"column":24},"end":{"line":220,"column":25}},"loc":{"start":{"line":220,"column":30},"end":{"line":220,"column":61}},"line":220},"19":{"name":"(anonymous_19)","decl":{"start":{"line":221,"column":22},"end":{"line":221,"column":23}},"loc":{"start":{"line":221,"column":28},"end":{"line":221,"column":50}},"line":221},"20":{"name":"(anonymous_20)","decl":{"start":{"line":225,"column":53},"end":{"line":225,"column":54}},"loc":{"start":{"line":225,"column":59},"end":{"line":225,"column":81}},"line":225}},"branchMap":{"0":{"loc":{"start":{"line":28,"column":4},"end":{"line":28,"column":26}},"type":"if","locations":[{"start":{"line":28,"column":4},"end":{"line":28,"column":26}},{"start":{},"end":{}}],"line":28},"1":{"loc":{"start":{"line":41,"column":6},"end":{"line":43,"column":7}},"type":"if","locations":[{"start":{"line":41,"column":6},"end":{"line":43,"column":7}},{"start":{},"end":{}}],"line":41},"2":{"loc":{"start":{"line":42,"column":29},"end":{"line":42,"column":76}},"type":"cond-expr","locations":[{"start":{"line":42,"column":48},"end":{"line":42,"column":72}},{"start":{"line":42,"column":75},"end":{"line":42,"column":76}}],"line":42},"3":{"loc":{"start":{"line":51,"column":4},"end":{"line":55,"column":34}},"type":"binary-expr","locations":[{"start":{"line":51,"column":4},"end":{"line":51,"column":26}},{"start":{"line":52,"column":4},"end":{"line":52,"column":27}},{"start":{"line":53,"column":4},"end":{"line":53,"column":41}},{"start":{"line":54,"column":4},"end":{"line":54,"column":35}},{"start":{"line":55,"column":4},"end":{"line":55,"column":34}}],"line":51},"4":{"loc":{"start":{"line":58,"column":4},"end":{"line":64,"column":28}},"type":"binary-expr","locations":[{"start":{"line":58,"column":4},"end":{"line":58,"column":17}},{"start":{"line":59,"column":4},"end":{"line":59,"column":37}},{"start":{"line":60,"column":4},"end":{"line":60,"column":32}},{"start":{"line":61,"column":4},"end":{"line":61,"column":36}},{"start":{"line":62,"column":4},"end":{"line":62,"column":44}},{"start":{"line":63,"column":4},"end":{"line":63,"column":36}},{"start":{"line":64,"column":4},"end":{"line":64,"column":28}}],"line":58},"5":{"loc":{"start":{"line":67,"column":4},"end":{"line":75,"column":5}},"type":"if","locations":[{"start":{"line":67,"column":4},"end":{"line":75,"column":5}},{"start":{},"end":{}}],"line":67},"6":{"loc":{"start":{"line":68,"column":6},"end":{"line":71,"column":40}},"type":"binary-expr","locations":[{"start":{"line":68,"column":6},"end":{"line":68,"column":39}},{"start":{"line":69,"column":6},"end":{"line":69,"column":41}},{"start":{"line":70,"column":6},"end":{"line":70,"column":38}},{"start":{"line":71,"column":6},"end":{"line":71,"column":40}}],"line":68},"7":{"loc":{"start":{"line":77,"column":4},"end":{"line":88,"column":5}},"type":"if","locations":[{"start":{"line":77,"column":4},"end":{"line":88,"column":5}},{"start":{"line":79,"column":11},"end":{"line":88,"column":5}}],"line":77},"8":{"loc":{"start":{"line":79,"column":11},"end":{"line":88,"column":5}},"type":"if","locations":[{"start":{"line":79,"column":11},"end":{"line":88,"column":5}},{"start":{"line":86,"column":11},"end":{"line":88,"column":5}}],"line":79},"9":{"loc":{"start":{"line":85,"column":20},"end":{"line":85,"column":75}},"type":"cond-expr","locations":[{"start":{"line":85,"column":41},"end":{"line":85,"column":59}},{"start":{"line":85,"column":62},"end":{"line":85,"column":75}}],"line":85},"10":{"loc":{"start":{"line":93,"column":4},"end":{"line":93,"column":33}},"type":"if","locations":[{"start":{"line":93,"column":4},"end":{"line":93,"column":33}},{"start":{},"end":{}}],"line":93},"11":{"loc":{"start":{"line":96,"column":6},"end":{"line":138,"column":7}},"type":"if","locations":[{"start":{"line":96,"column":6},"end":{"line":138,"column":7}},{"start":{},"end":{}}],"line":96},"12":{"loc":{"start":{"line":98,"column":8},"end":{"line":137,"column":9}},"type":"if","locations":[{"start":{"line":98,"column":8},"end":{"line":137,"column":9}},{"start":{},"end":{}}],"line":98},"13":{"loc":{"start":{"line":101,"column":10},"end":{"line":125,"column":11}},"type":"if","locations":[{"start":{"line":101,"column":10},"end":{"line":125,"column":11}},{"start":{},"end":{}}],"line":101},"14":{"loc":{"start":{"line":103,"column":12},"end":{"line":124,"column":13}},"type":"if","locations":[{"start":{"line":103,"column":12},"end":{"line":124,"column":13}},{"start":{"line":118,"column":19},"end":{"line":124,"column":13}}],"line":103},"15":{"loc":{"start":{"line":105,"column":14},"end":{"line":105,"column":111}},"type":"if","locations":[{"start":{"line":105,"column":14},"end":{"line":105,"column":111}},{"start":{},"end":{}}],"line":105},"16":{"loc":{"start":{"line":106,"column":14},"end":{"line":111,"column":15}},"type":"if","locations":[{"start":{"line":106,"column":14},"end":{"line":111,"column":15}},{"start":{},"end":{}}],"line":106},"17":{"loc":{"start":{"line":106,"column":18},"end":{"line":106,"column":66}},"type":"binary-expr","locations":[{"start":{"line":106,"column":18},"end":{"line":106,"column":42}},{"start":{"line":106,"column":46},"end":{"line":106,"column":66}}],"line":106},"18":{"loc":{"start":{"line":112,"column":14},"end":{"line":112,"column":108}},"type":"if","locations":[{"start":{"line":112,"column":14},"end":{"line":112,"column":108}},{"start":{},"end":{}}],"line":112},"19":{"loc":{"start":{"line":127,"column":10},"end":{"line":134,"column":11}},"type":"if","locations":[{"start":{"line":127,"column":10},"end":{"line":134,"column":11}},{"start":{},"end":{}}],"line":127},"20":{"loc":{"start":{"line":129,"column":12},"end":{"line":133,"column":13}},"type":"if","locations":[{"start":{"line":129,"column":12},"end":{"line":133,"column":13}},{"start":{},"end":{}}],"line":129},"21":{"loc":{"start":{"line":131,"column":14},"end":{"line":131,"column":103}},"type":"if","locations":[{"start":{"line":131,"column":14},"end":{"line":131,"column":103}},{"start":{},"end":{}}],"line":131},"22":{"loc":{"start":{"line":132,"column":14},"end":{"line":132,"column":103}},"type":"if","locations":[{"start":{"line":132,"column":14},"end":{"line":132,"column":103}},{"start":{},"end":{}}],"line":132},"23":{"loc":{"start":{"line":144,"column":41},"end":{"line":144,"column":63}},"type":"default-arg","locations":[{"start":{"line":144,"column":54},"end":{"line":144,"column":63}}],"line":144},"24":{"loc":{"start":{"line":144,"column":65},"end":{"line":144,"column":88}},"type":"default-arg","locations":[{"start":{"line":144,"column":79},"end":{"line":144,"column":88}}],"line":144},"25":{"loc":{"start":{"line":180,"column":4},"end":{"line":186,"column":5}},"type":"if","locations":[{"start":{"line":180,"column":4},"end":{"line":186,"column":5}},{"start":{},"end":{}}],"line":180},"26":{"loc":{"start":{"line":188,"column":4},"end":{"line":258,"column":5}},"type":"switch","locations":[{"start":{"line":189,"column":6},"end":{"line":190,"column":57}},{"start":{"line":191,"column":6},"end":{"line":192,"column":33}},{"start":{"line":193,"column":6},"end":{"line":194,"column":26}},{"start":{"line":195,"column":6},"end":{"line":196,"column":94}},{"start":{"line":197,"column":6},"end":{"line":198,"column":79}},{"start":{"line":199,"column":6},"end":{"line":200,"column":86}},{"start":{"line":201,"column":6},"end":{"line":207,"column":7}},{"start":{"line":208,"column":6},"end":{"line":215,"column":10}},{"start":{"line":216,"column":6},"end":{"line":223,"column":10}},{"start":{"line":224,"column":6},"end":{"line":225,"column":86}},{"start":{"line":226,"column":6},"end":{"line":227,"column":64}},{"start":{"line":228,"column":6},"end":{"line":229,"column":71}},{"start":{"line":230,"column":6},"end":{"line":231,"column":43}},{"start":{"line":232,"column":6},"end":{"line":236,"column":10}},{"start":{"line":237,"column":6},"end":{"line":242,"column":10}},{"start":{"line":243,"column":6},"end":{"line":247,"column":10}},{"start":{"line":248,"column":6},"end":{"line":253,"column":10}},{"start":{"line":254,"column":6},"end":{"line":254,"column":19}},{"start":{"line":255,"column":6},"end":{"line":255,"column":20}},{"start":{"line":256,"column":6},"end":{"line":257,"column":61}}],"line":188},"27":{"loc":{"start":{"line":271,"column":2},"end":{"line":273,"column":3}},"type":"if","locations":[{"start":{"line":271,"column":2},"end":{"line":273,"column":3}},{"start":{},"end":{}}],"line":271},"28":{"loc":{"start":{"line":277,"column":7},"end":{"line":277,"column":68}},"type":"binary-expr","locations":[{"start":{"line":277,"column":7},"end":{"line":277,"column":24}},{"start":{"line":277,"column":28},"end":{"line":277,"column":68}}],"line":277},"29":{"loc":{"start":{"line":279,"column":9},"end":{"line":286,"column":9}},"type":"binary-expr","locations":[{"start":{"line":279,"column":9},"end":{"line":279,"column":26}},{"start":{"line":280,"column":10},"end":{"line":285,"column":12}}],"line":279},"30":{"loc":{"start":{"line":289,"column":24},"end":{"line":289,"column":82}},"type":"cond-expr","locations":[{"start":{"line":289,"column":45},"end":{"line":289,"column":75}},{"start":{"line":289,"column":79},"end":{"line":289,"column":82}}],"line":289},"31":{"loc":{"start":{"line":289,"column":45},"end":{"line":289,"column":75}},"type":"cond-expr","locations":[{"start":{"line":289,"column":59},"end":{"line":289,"column":66}},{"start":{"line":289,"column":69},"end":{"line":289,"column":75}}],"line":289},"32":{"loc":{"start":{"line":291,"column":24},"end":{"line":291,"column":56}},"type":"cond-expr","locations":[{"start":{"line":291,"column":44},"end":{"line":291,"column":50}},{"start":{"line":291,"column":53},"end":{"line":291,"column":56}}],"line":291},"33":{"loc":{"start":{"line":292,"column":21},"end":{"line":292,"column":48}},"type":"cond-expr","locations":[{"start":{"line":292,"column":36},"end":{"line":292,"column":39}},{"start":{"line":292,"column":42},"end":{"line":292,"column":48}}],"line":292},"34":{"loc":{"start":{"line":296,"column":24},"end":{"line":296,"column":59}},"type":"cond-expr","locations":[{"start":{"line":296,"column":39},"end":{"line":296,"column":48}},{"start":{"line":296,"column":50},"end":{"line":296,"column":59}}],"line":296}},"s":{"0":0,"1":0,"2":0,"3":0,"4":0,"5":0,"6":0,"7":0,"8":0,"9":0,"10":0,"11":0,"12":0,"13":0,"14":0,"15":0,"16":0,"17":0,"18":0,"19":0,"20":0,"21":0,"22":0,"23":0,"24":0,"25":0,"26":0,"27":0,"28":0,"29":0,"30":0,"31":0,"32":0,"33":0,"34":0,"35":0,"36":0,"37":0,"38":0,"39":0,"40":0,"41":0,"42":0,"43":0,"44":0,"45":0,"46":0,"47":0,"48":0,"49":0,"50":0,"51":0,"52":0,"53":0,"54":0,"55":0,"56":0,"57":0,"58":0,"59":0,"60":0,"61":0,"62":0,"63":0,"64":0,"65":0,"66":0,"67":0,"68":0,"69":0,"70":0,"71":0,"72":0,"73":0,"74":0,"75":0,"76":0,"77":0,"78":0,"79":0,"80":0,"81":0,"82":0,"83":0,"84":0,"85":0,"86":0,"87":0,"88":0,"89":0,"90":0,"91":0,"92":0,"93":0,"94":0,"95":0,"96":0,"97":0,"98":0,"99":0,"100":0,"101":0,"102":0,"103":0,"104":0,"105":0,"106":0,"107":0,"108":0,"109":0,"110":0,"111":0,"112":0,"113":0,"114":0,"115":0,"116":0,"117":0,"118":0,"119":0,"120":0,"121":0,"122":0,"123":0,"124":0},"f":{"0":0,"1":0,"2":0,"3":0,"4":0,"5":0,"6":0,"7":0,"8":0,"9":0,"10":0,"11":0,"12":0,"13":0,"14":0,"15":0,"16":0,"17":0,"18":0,"19":0,"20":0},"b":{"0":[0,0],"1":[0,0],"2":[0,0],"3":[0,0,0,0,0],"4":[0,0,0,0,0,0,0],"5":[0,0],"6":[0,0,0,0],"7":[0,0],"8":[0,0],"9":[0,0],"10":[0,0],"11":[0,0],"12":[0,0],"13":[0,0],"14":[0,0],"15":[0,0],"16":[0,0],"17":[0,0],"18":[0,0],"19":[0,0],"20":[0,0],"21":[0,0],"22":[0,0],"23":[0],"24":[0],"25":[0,0],"26":[0,0,0,0,0,0,0,0,0,0,0,0,0,0,0,0,0,0,0,0],"27":[0,0],"28":[0,0],"29":[0,0],"30":[0,0],"31":[0,0],"32":[0,0],"33":[0,0],"34":[0,0]}}
,"C:\\Users\\coura\\Downloads\\FOOD-ORDERING-PLATFORM\\src\\index.js": {"path":"C:\\Users\\coura\\Downloads\\FOOD-ORDERING-PLATFORM\\src\\index.js","statementMap":{"0":{"start":{"line":13,"column":13},"end":{"line":13,"column":65}},"1":{"start":{"line":14,"column":0},"end":{"line":28,"column":2}},"2":{"start":{"line":30,"column":0},"end":{"line":30,"column":18}}},"fnMap":{},"branchMap":{},"s":{"0":0,"1":0,"2":0},"f":{},"b":{}}
,"C:\\Users\\coura\\Downloads\\FOOD-ORDERING-PLATFORM\\src\\reportWebVitals.js": {"path":"C:\\Users\\coura\\Downloads\\FOOD-ORDERING-PLATFORM\\src\\reportWebVitals.js","statementMap":{"0":{"start":{"line":1,"column":24},"end":{"line":11,"column":1}},"1":{"start":{"line":2,"column":2},"end":{"line":10,"column":3}},"2":{"start":{"line":3,"column":4},"end":{"line":9,"column":7}},"3":{"start":{"line":4,"column":6},"end":{"line":4,"column":26}},"4":{"start":{"line":5,"column":6},"end":{"line":5,"column":26}},"5":{"start":{"line":6,"column":6},"end":{"line":6,"column":26}},"6":{"start":{"line":7,"column":6},"end":{"line":7,"column":26}},"7":{"start":{"line":8,"column":6},"end":{"line":8,"column":27}}},"fnMap":{"0":{"name":"(anonymous_0)","decl":{"start":{"line":1,"column":24},"end":{"line":1,"column":25}},"loc":{"start":{"line":1,"column":39},"end":{"line":11,"column":1}},"line":1},"1":{"name":"(anonymous_1)","decl":{"start":{"line":3,"column":30},"end":{"line":3,"column":31}},"loc":{"start":{"line":3,"column":79},"end":{"line":9,"column":5}},"line":3}},"branchMap":{"0":{"loc":{"start":{"line":2,"column":2},"end":{"line":10,"column":3}},"type":"if","locations":[{"start":{"line":2,"column":2},"end":{"line":10,"column":3}},{"start":{},"end":{}}],"line":2},"1":{"loc":{"start":{"line":2,"column":6},"end":{"line":2,"column":52}},"type":"binary-expr","locations":[{"start":{"line":2,"column":6},"end":{"line":2,"column":17}},{"start":{"line":2,"column":21},"end":{"line":2,"column":52}}],"line":2}},"s":{"0":0,"1":0,"2":0,"3":0,"4":0,"5":0,"6":0,"7":0},"f":{"0":0,"1":0},"b":{"0":[0,0],"1":[0,0]}}
,"C:\\Users\\coura\\Downloads\\FOOD-ORDERING-PLATFORM\\src\\Assets\\assets.js": {"path":"C:\\Users\\coura\\Downloads\\FOOD-ORDERING-PLATFORM\\src\\Assets\\assets.js","statementMap":{"0":{"start":{"line":9,"column":20},"end":{"line":18,"column":1}}},"fnMap":{},"branchMap":{},"s":{"0":0},"f":{},"b":{}}
,"C:\\Users\\coura\\Downloads\\FOOD-ORDERING-PLATFORM\\src\\Context\\AuthContext.jsx": {"path":"C:\\Users\\coura\\Downloads\\FOOD-ORDERING-PLATFORM\\src\\Context\\AuthContext.jsx","statementMap":{"0":{"start":{"line":6,"column":20},"end":{"line":6,"column":35}},"1":{"start":{"line":8,"column":28},"end":{"line":38,"column":1}},"2":{"start":{"line":9,"column":40},"end":{"line":9,"column":54}},"3":{"start":{"line":10,"column":26},"end":{"line":10,"column":40}},"4":{"start":{"line":11,"column":32},"end":{"line":11,"column":46}},"5":{"start":{"line":13,"column":2},"end":{"line":31,"column":9}},"6":{"start":{"line":14,"column":24},"end":{"line":28,"column":6}},"7":{"start":{"line":15,"column":6},"end":{"line":26,"column":7}},"8":{"start":{"line":17,"column":24},"end":{"line":17,"column":64}},"9":{"start":{"line":18,"column":8},"end":{"line":20,"column":9}},"10":{"start":{"line":19,"column":10},"end":{"line":19,"column":39}},"11":{"start":{"line":21,"column":8},"end":{"line":21,"column":29}},"12":{"start":{"line":24,"column":8},"end":{"line":24,"column":29}},"13":{"start":{"line":25,"column":8},"end":{"line":25,"column":22}},"14":{"start":{"line":27,"column":6},"end":{"line":27,"column":24}},"15":{"start":{"line":30,"column":4},"end":{"line":30,"column":23}},"16":{"start":{"line":33,"column":2},"end":{"line":37,"column":4}},"17":{"start":{"line":40,"column":23},"end":{"line":40,"column":52}},"18":{"start":{"line":40,"column":29},"end":{"line":40,"column":52}}},"fnMap":{"0":{"name":"(anonymous_0)","decl":{"start":{"line":8,"column":28},"end":{"line":8,"column":29}},"loc":{"start":{"line":8,"column":46},"end":{"line":38,"column":1}},"line":8},"1":{"name":"(anonymous_1)","decl":{"start":{"line":13,"column":12},"end":{"line":13,"column":13}},"loc":{"start":{"line":13,"column":18},"end":{"line":31,"column":3}},"line":13},"2":{"name":"(anonymous_2)","decl":{"start":{"line":14,"column":49},"end":{"line":14,"column":50}},"loc":{"start":{"line":14,"column":65},"end":{"line":28,"column":5}},"line":14},"3":{"name":"(anonymous_3)","decl":{"start":{"line":40,"column":23},"end":{"line":40,"column":24}},"loc":{"start":{"line":40,"column":29},"end":{"line":40,"column":52}},"line":40}},"branchMap":{"0":{"loc":{"start":{"line":15,"column":6},"end":{"line":26,"column":7}},"type":"if","locations":[{"start":{"line":15,"column":6},"end":{"line":26,"column":7}},{"start":{"line":22,"column":13},"end":{"line":26,"column":7}}],"line":15},"1":{"loc":{"start":{"line":18,"column":8},"end":{"line":20,"column":9}},"type":"if","locations":[{"start":{"line":18,"column":8},"end":{"line":20,"column":9}},{"start":{},"end":{}}],"line":18},"2":{"loc":{"start":{"line":35,"column":7},"end":{"line":35,"column":27}},"type":"binary-expr","locations":[{"start":{"line":35,"column":7},"end":{"line":35,"column":15}},{"start":{"line":35,"column":19},"end":{"line":35,"column":27}}],"line":35}},"s":{"0":0,"1":0,"2":0,"3":0,"4":0,"5":0,"6":0,"7":0,"8":0,"9":0,"10":0,"11":0,"12":0,"13":0,"14":0,"15":0,"16":0,"17":0,"18":0},"f":{"0":0,"1":0,"2":0,"3":0},"b":{"0":[0,0],"1":[0,0],"2":[0,0]}}
,"C:\\Users\\coura\\Downloads\\FOOD-ORDERING-PLATFORM\\src\\Context\\dashboard.jsx": {"path":"C:\\Users\\coura\\Downloads\\FOOD-ORDERING-PLATFORM\\src\\Context\\dashboard.jsx","statementMap":{},"fnMap":{},"branchMap":{},"s":{},"f":{},"b":{}}
,"C:\\Users\\coura\\Downloads\\FOOD-ORDERING-PLATFORM\\src\\Firebase\\firebaseConfig.js": {"path":"C:\\Users\\coura\\Downloads\\FOOD-ORDERING-PLATFORM\\src\\Firebase\\firebaseConfig.js","statementMap":{"0":{"start":{"line":5,"column":23},"end":{"line":13,"column":1}},"1":{"start":{"line":15,"column":12},"end":{"line":15,"column":41}},"2":{"start":{"line":16,"column":20},"end":{"line":16,"column":32}},"3":{"start":{"line":17,"column":18},"end":{"line":17,"column":35}}},"fnMap":{},"branchMap":{},"s":{"0":0,"1":0,"2":0,"3":0},"f":{},"b":{}}
,"C:\\Users\\coura\\Downloads\\FOOD-ORDERING-PLATFORM\\src\\Routes\\ProtectedRoute.jsx": {"path":"C:\\Users\\coura\\Downloads\\FOOD-ORDERING-PLATFORM\\src\\Routes\\ProtectedRoute.jsx","statementMap":{"0":{"start":{"line":4,"column":23},"end":{"line":19,"column":1}},"1":{"start":{"line":5,"column":32},"end":{"line":5,"column":41}},"2":{"start":{"line":8,"column":2},"end":{"line":10,"column":3}},"3":{"start":{"line":9,"column":4},"end":{"line":9,"column":36}},"4":{"start":{"line":13,"column":2},"end":{"line":15,"column":3}},"5":{"start":{"line":14,"column":4},"end":{"line":14,"column":36}},"6":{"start":{"line":18,"column":2},"end":{"line":18,"column":18}}},"fnMap":{"0":{"name":"(anonymous_0)","decl":{"start":{"line":4,"column":23},"end":{"line":4,"column":24}},"loc":{"start":{"line":4,"column":54},"end":{"line":19,"column":1}},"line":4}},"branchMap":{"0":{"loc":{"start":{"line":8,"column":2},"end":{"line":10,"column":3}},"type":"if","locations":[{"start":{"line":8,"column":2},"end":{"line":10,"column":3}},{"start":{},"end":{}}],"line":8},"1":{"loc":{"start":{"line":13,"column":2},"end":{"line":15,"column":3}},"type":"if","locations":[{"start":{"line":13,"column":2},"end":{"line":15,"column":3}},{"start":{},"end":{}}],"line":13},"2":{"loc":{"start":{"line":13,"column":6},"end":{"line":13,"column":41}},"type":"binary-expr","locations":[{"start":{"line":13,"column":6},"end":{"line":13,"column":17}},{"start":{"line":13,"column":21},"end":{"line":13,"column":41}}],"line":13}},"s":{"0":0,"1":0,"2":0,"3":0,"4":0,"5":0,"6":0},"f":{"0":0},"b":{"0":[0,0],"1":[0,0],"2":[0,0]}}
,"C:\\Users\\coura\\Downloads\\FOOD-ORDERING-PLATFORM\\src\\Services\\App.js": {"path":"C:\\Users\\coura\\Downloads\\FOOD-ORDERING-PLATFORM\\src\\Services\\App.js","statementMap":{},"fnMap":{},"branchMap":{},"s":{},"f":{},"b":{}}
,"C:\\Users\\coura\\Downloads\\FOOD-ORDERING-PLATFORM\\src\\Services\\AuthContext.js": {"path":"C:\\Users\\coura\\Downloads\\FOOD-ORDERING-PLATFORM\\src\\Services\\AuthContext.js","statementMap":{"0":{"start":{"line":6,"column":20},"end":{"line":6,"column":39}},"1":{"start":{"line":9,"column":40},"end":{"line":9,"column":54}},"2":{"start":{"line":10,"column":34},"end":{"line":10,"column":48}},"3":{"start":{"line":11,"column":26},"end":{"line":11,"column":40}},"4":{"start":{"line":12,"column":40},"end":{"line":12,"column":54}},"5":{"start":{"line":14,"column":2},"end":{"line":33,"column":9}},"6":{"start":{"line":15,"column":24},"end":{"line":30,"column":6}},"7":{"start":{"line":16,"column":6},"end":{"line":28,"column":7}},"8":{"start":{"line":17,"column":25},"end":{"line":17,"column":65}},"9":{"start":{"line":18,"column":8},"end":{"line":22,"column":9}},"10":{"start":{"line":19,"column":23},"end":{"line":19,"column":38}},"11":{"start":{"line":20,"column":10},"end":{"line":20,"column":29}},"12":{"start":{"line":21,"column":10},"end":{"line":21,"column":60}},"13":{"start":{"line":21,"column":38},"end":{"line":21,"column":60}},"14":{"start":{"line":23,"column":8},"end":{"line":23,"column":29}},"15":{"start":{"line":25,"column":8},"end":{"line":25,"column":29}},"16":{"start":{"line":26,"column":8},"end":{"line":26,"column":26}},"17":{"start":{"line":27,"column":8},"end":{"line":27,"column":22}},"18":{"start":{"line":29,"column":6},"end":{"line":29,"column":28}},"19":{"start":{"line":32,"column":4},"end":{"line":32,"column":31}},"20":{"start":{"line":32,"column":17},"end":{"line":32,"column":30}},"21":{"start":{"line":35,"column":2},"end":{"line":39,"column":4}},"22":{"start":{"line":43,"column":2},"end":{"line":43,"column":33}}},"fnMap":{"0":{"name":"AuthProvider","decl":{"start":{"line":8,"column":16},"end":{"line":8,"column":28}},"loc":{"start":{"line":8,"column":43},"end":{"line":40,"column":1}},"line":8},"1":{"name":"(anonymous_1)","decl":{"start":{"line":14,"column":12},"end":{"line":14,"column":13}},"loc":{"start":{"line":14,"column":18},"end":{"line":33,"column":3}},"line":14},"2":{"name":"(anonymous_2)","decl":{"start":{"line":15,"column":49},"end":{"line":15,"column":50}},"loc":{"start":{"line":15,"column":65},"end":{"line":30,"column":5}},"line":15},"3":{"name":"(anonymous_3)","decl":{"start":{"line":32,"column":11},"end":{"line":32,"column":12}},"loc":{"start":{"line":32,"column":17},"end":{"line":32,"column":30}},"line":32},"4":{"name":"useAuth","decl":{"start":{"line":42,"column":16},"end":{"line":42,"column":23}},"loc":{"start":{"line":42,"column":26},"end":{"line":44,"column":1}},"line":42}},"branchMap":{"0":{"loc":{"start":{"line":16,"column":6},"end":{"line":28,"column":7}},"type":"if","locations":[{"start":{"line":16,"column":6},"end":{"line":28,"column":7}},{"start":{"line":24,"column":13},"end":{"line":28,"column":7}}],"line":16},"1":{"loc":{"start":{"line":18,"column":8},"end":{"line":22,"column":9}},"type":"if","locations":[{"start":{"line":18,"column":8},"end":{"line":22,"column":9}},{"start":{},"end":{}}],"line":18},"2":{"loc":{"start":{"line":21,"column":10},"end":{"line":21,"column":60}},"type":"if","locations":[{"start":{"line":21,"column":10},"end":{"line":21,"column":60}},{"start":{},"end":{}}],"line":21}},"s":{"0":0,"1":0,"2":0,"3":0,"4":0,"5":0,"6":0,"7":0,"8":0,"9":0,"10":0,"11":0,"12":0,"13":0,"14":0,"15":0,"16":0,"17":0,"18":0,"19":0,"20":0,"21":0,"22":0},"f":{"0":0,"1":0,"2":0,"3":0,"4":0},"b":{"0":[0,0],"1":[0,0],"2":[0,0]}}
,"C:\\Users\\coura\\Downloads\\FOOD-ORDERING-PLATFORM\\src\\Services\\Login-backend.jsx": {"path":"C:\\Users\\coura\\Downloads\\FOOD-ORDERING-PLATFORM\\src\\Services\\Login-backend.jsx","statementMap":{"0":{"start":{"line":11,"column":24},"end":{"line":159,"column":1}},"1":{"start":{"line":12,"column":29},"end":{"line":12,"column":36}},"2":{"start":{"line":13,"column":28},"end":{"line":13,"column":40}},"3":{"start":{"line":14,"column":26},"end":{"line":14,"column":38}},"4":{"start":{"line":15,"column":32},"end":{"line":15,"column":47}},"5":{"start":{"line":17,"column":25},"end":{"line":68,"column":3}},"6":{"start":{"line":18,"column":20},"end":{"line":18,"column":46}},"7":{"start":{"line":19,"column":21},"end":{"line":19,"column":42}},"8":{"start":{"line":21,"column":4},"end":{"line":24,"column":5}},"9":{"start":{"line":22,"column":6},"end":{"line":22,"column":60}},"10":{"start":{"line":23,"column":6},"end":{"line":23,"column":13}},"11":{"start":{"line":26,"column":21},"end":{"line":26,"column":36}},"12":{"start":{"line":28,"column":4},"end":{"line":43,"column":5}},"13":{"start":{"line":29,"column":25},"end":{"line":29,"column":67}},"14":{"start":{"line":30,"column":6},"end":{"line":42,"column":7}},"15":{"start":{"line":31,"column":29},"end":{"line":31,"column":53}},"16":{"start":{"line":32,"column":8},"end":{"line":36,"column":9}},"17":{"start":{"line":33,"column":10},"end":{"line":33,"column":77}},"18":{"start":{"line":33,"column":32},"end":{"line":33,"column":67}},"19":{"start":{"line":33,"column":68},"end":{"line":33,"column":75}},"20":{"start":{"line":34,"column":10},"end":{"line":34,"column":86}},"21":{"start":{"line":35,"column":10},"end":{"line":35,"column":17}},"22":{"start":{"line":37,"column":8},"end":{"line":41,"column":9}},"23":{"start":{"line":38,"column":10},"end":{"line":38,"column":75}},"24":{"start":{"line":38,"column":32},"end":{"line":38,"column":65}},"25":{"start":{"line":38,"column":66},"end":{"line":38,"column":73}},"26":{"start":{"line":39,"column":10},"end":{"line":39,"column":113}},"27":{"start":{"line":40,"column":10},"end":{"line":40,"column":17}},"28":{"start":{"line":45,"column":4},"end":{"line":60,"column":5}},"29":{"start":{"line":46,"column":24},"end":{"line":46,"column":65}},"30":{"start":{"line":47,"column":6},"end":{"line":59,"column":7}},"31":{"start":{"line":48,"column":28},"end":{"line":48,"column":51}},"32":{"start":{"line":49,"column":8},"end":{"line":53,"column":9}},"33":{"start":{"line":50,"column":10},"end":{"line":50,"column":76}},"34":{"start":{"line":50,"column":32},"end":{"line":50,"column":66}},"35":{"start":{"line":50,"column":67},"end":{"line":50,"column":74}},"36":{"start":{"line":51,"column":10},"end":{"line":51,"column":85}},"37":{"start":{"line":52,"column":10},"end":{"line":52,"column":17}},"38":{"start":{"line":54,"column":8},"end":{"line":58,"column":9}},"39":{"start":{"line":55,"column":10},"end":{"line":55,"column":74}},"40":{"start":{"line":55,"column":32},"end":{"line":55,"column":64}},"41":{"start":{"line":55,"column":65},"end":{"line":55,"column":72}},"42":{"start":{"line":56,"column":10},"end":{"line":56,"column":121}},"43":{"start":{"line":57,"column":10},"end":{"line":57,"column":17}},"44":{"start":{"line":62,"column":4},"end":{"line":65,"column":5}},"45":{"start":{"line":63,"column":6},"end":{"line":63,"column":27}},"46":{"start":{"line":64,"column":6},"end":{"line":64,"column":13}},"47":{"start":{"line":67,"column":4},"end":{"line":67,"column":74}},"48":{"start":{"line":70,"column":22},"end":{"line":92,"column":3}},"49":{"start":{"line":71,"column":4},"end":{"line":71,"column":17}},"50":{"start":{"line":72,"column":4},"end":{"line":72,"column":16}},"51":{"start":{"line":73,"column":4},"end":{"line":73,"column":21}},"52":{"start":{"line":74,"column":4},"end":{"line":91,"column":5}},"53":{"start":{"line":75,"column":21},"end":{"line":75,"column":76}},"54":{"start":{"line":76,"column":6},"end":{"line":76,"column":40}},"55":{"start":{"line":78,"column":6},"end":{"line":78,"column":41}},"56":{"start":{"line":79,"column":6},"end":{"line":88,"column":7}},"57":{"start":{"line":85,"column":8},"end":{"line":85,"column":47}},"58":{"start":{"line":87,"column":8},"end":{"line":87,"column":52}},"59":{"start":{"line":90,"column":6},"end":{"line":90,"column":24}},"60":{"start":{"line":94,"column":28},"end":{"line":128,"column":3}},"61":{"start":{"line":95,"column":4},"end":{"line":95,"column":17}},"62":{"start":{"line":96,"column":4},"end":{"line":96,"column":16}},"63":{"start":{"line":97,"column":4},"end":{"line":97,"column":21}},"64":{"start":{"line":98,"column":4},"end":{"line":127,"column":5}},"65":{"start":{"line":99,"column":23},"end":{"line":99,"column":47}},"66":{"start":{"line":100,"column":6},"end":{"line":100,"column":65}},"67":{"start":{"line":101,"column":21},"end":{"line":101,"column":58}},"68":{"start":{"line":103,"column":22},"end":{"line":103,"column":55}},"69":{"start":{"line":104,"column":23},"end":{"line":104,"column":44}},"70":{"start":{"line":106,"column":6},"end":{"line":109,"column":7}},"71":{"start":{"line":107,"column":8},"end":{"line":107,"column":61}},"72":{"start":{"line":108,"column":8},"end":{"line":108,"column":15}},"73":{"start":{"line":111,"column":6},"end":{"line":111,"column":40}},"74":{"start":{"line":113,"column":6},"end":{"line":113,"column":48}},"75":{"start":{"line":114,"column":6},"end":{"line":124,"column":7}},"76":{"start":{"line":115,"column":8},"end":{"line":115,"column":21}},"77":{"start":{"line":116,"column":13},"end":{"line":124,"column":7}},"78":{"start":{"line":117,"column":8},"end":{"line":117,"column":74}},"79":{"start":{"line":118,"column":13},"end":{"line":124,"column":7}},"80":{"start":{"line":119,"column":8},"end":{"line":119,"column":75}},"81":{"start":{"line":120,"column":13},"end":{"line":124,"column":7}},"82":{"start":{"line":121,"column":8},"end":{"line":121,"column":83}},"83":{"start":{"line":123,"column":8},"end":{"line":123,"column":43}},"84":{"start":{"line":126,"column":6},"end":{"line":126,"column":24}},"85":{"start":{"line":130,"column":30},"end":{"line":149,"column":3}},"86":{"start":{"line":131,"column":4},"end":{"line":131,"column":17}},"87":{"start":{"line":132,"column":4},"end":{"line":132,"column":16}},"88":{"start":{"line":133,"column":4},"end":{"line":136,"column":5}},"89":{"start":{"line":134,"column":6},"end":{"line":134,"column":51}},"90":{"start":{"line":135,"column":6},"end":{"line":135,"column":13}},"91":{"start":{"line":137,"column":4},"end":{"line":148,"column":5}},"92":{"start":{"line":138,"column":6},"end":{"line":138,"column":48}},"93":{"start":{"line":139,"column":6},"end":{"line":139,"column":69}},"94":{"start":{"line":141,"column":6},"end":{"line":147,"column":7}},"95":{"start":{"line":142,"column":8},"end":{"line":142,"column":51}},"96":{"start":{"line":143,"column":13},"end":{"line":147,"column":7}},"97":{"start":{"line":144,"column":8},"end":{"line":144,"column":56}},"98":{"start":{"line":146,"column":8},"end":{"line":146,"column":57}},"99":{"start":{"line":151,"column":2},"end":{"line":158,"column":4}}},"fnMap":{"0":{"name":"(anonymous_0)","decl":{"start":{"line":11,"column":24},"end":{"line":11,"column":25}},"loc":{"start":{"line":11,"column":42},"end":{"line":159,"column":1}},"line":11},"1":{"name":"(anonymous_1)","decl":{"start":{"line":17,"column":25},"end":{"line":17,"column":26}},"loc":{"start":{"line":17,"column":41},"end":{"line":68,"column":3}},"line":17},"2":{"name":"(anonymous_2)","decl":{"start":{"line":70,"column":22},"end":{"line":70,"column":23}},"loc":{"start":{"line":70,"column":49},"end":{"line":92,"column":3}},"line":70},"3":{"name":"(anonymous_3)","decl":{"start":{"line":94,"column":28},"end":{"line":94,"column":29}},"loc":{"start":{"line":94,"column":40},"end":{"line":128,"column":3}},"line":94},"4":{"name":"(anonymous_4)","decl":{"start":{"line":130,"column":30},"end":{"line":130,"column":31}},"loc":{"start":{"line":130,"column":47},"end":{"line":149,"column":3}},"line":130}},"branchMap":{"0":{"loc":{"start":{"line":11,"column":25},"end":{"line":11,"column":37}},"type":"default-arg","locations":[{"start":{"line":11,"column":35},"end":{"line":11,"column":37}}],"line":11},"1":{"loc":{"start":{"line":21,"column":4},"end":{"line":24,"column":5}},"type":"if","locations":[{"start":{"line":21,"column":4},"end":{"line":24,"column":5}},{"start":{},"end":{}}],"line":21},"2":{"loc":{"start":{"line":28,"column":4},"end":{"line":43,"column":5}},"type":"if","locations":[{"start":{"line":28,"column":4},"end":{"line":43,"column":5}},{"start":{},"end":{}}],"line":28},"3":{"loc":{"start":{"line":30,"column":6},"end":{"line":42,"column":7}},"type":"if","locations":[{"start":{"line":30,"column":6},"end":{"line":42,"column":7}},{"start":{},"end":{}}],"line":30},"4":{"loc":{"start":{"line":32,"column":8},"end":{"line":36,"column":9}},"type":"if","locations":[{"start":{"line":32,"column":8},"end":{"line":36,"column":9}},{"start":{},"end":{}}],"line":32},"5":{"loc":{"start":{"line":33,"column":10},"end":{"line":33,"column":77}},"type":"if","locations":[{"start":{"line":33,"column":10},"end":{"line":33,"column":77}},{"start":{},"end":{}}],"line":33},"6":{"loc":{"start":{"line":37,"column":8},"end":{"line":41,"column":9}},"type":"if","locations":[{"start":{"line":37,"column":8},"end":{"line":41,"column":9}},{"start":{},"end":{}}],"line":37},"7":{"loc":{"start":{"line":38,"column":10},"end":{"line":38,"column":75}},"type":"if","locations":[{"start":{"line":38,"column":10},"end":{"line":38,"column":75}},{"start":{},"end":{}}],"line":38},"8":{"loc":{"start":{"line":45,"column":4},"end":{"line":60,"column":5}},"type":"if","locations":[{"start":{"line":45,"column":4},"end":{"line":60,"column":5}},{"start":{},"end":{}}],"line":45},"9":{"loc":{"start":{"line":47,"column":6},"end":{"line":59,"column":7}},"type":"if","locations":[{"start":{"line":47,"column":6},"end":{"line":59,"column":7}},{"start":{},"end":{}}],"line":47},"10":{"loc":{"start":{"line":49,"column":8},"end":{"line":53,"column":9}},"type":"if","locations":[{"start":{"line":49,"column":8},"end":{"line":53,"column":9}},{"start":{},"end":{}}],"line":49},"11":{"loc":{"start":{"line":50,"column":10},"end":{"line":50,"column":76}},"type":"if","locations":[{"start":{"line":50,"column":10},"end":{"line":50,"column":76}},{"start":{},"end":{}}],"line":50},"12":{"loc":{"start":{"line":54,"column":8},"end":{"line":58,"column":9}},"type":"if","locations":[{"start":{"line":54,"column":8},"end":{"line":58,"column":9}},{"start":{},"end":{}}],"line":54},"13":{"loc":{"start":{"line":55,"column":10},"end":{"line":55,"column":74}},"type":"if","locations":[{"start":{"line":55,"column":10},"end":{"line":55,"column":74}},{"start":{},"end":{}}],"line":55},"14":{"loc":{"start":{"line":62,"column":4},"end":{"line":65,"column":5}},"type":"if","locations":[{"start":{"line":62,"column":4},"end":{"line":65,"column":5}},{"start":{},"end":{}}],"line":62},"15":{"loc":{"start":{"line":79,"column":6},"end":{"line":88,"column":7}},"type":"if","locations":[{"start":{"line":79,"column":6},"end":{"line":88,"column":7}},{"start":{"line":86,"column":13},"end":{"line":88,"column":7}}],"line":79},"16":{"loc":{"start":{"line":80,"column":8},"end":{"line":83,"column":41}},"type":"binary-expr","locations":[{"start":{"line":80,"column":8},"end":{"line":80,"column":46}},{"start":{"line":81,"column":8},"end":{"line":81,"column":42}},{"start":{"line":82,"column":8},"end":{"line":82,"column":42}},{"start":{"line":83,"column":8},"end":{"line":83,"column":41}}],"line":80},"17":{"loc":{"start":{"line":106,"column":6},"end":{"line":109,"column":7}},"type":"if","locations":[{"start":{"line":106,"column":6},"end":{"line":109,"column":7}},{"start":{},"end":{}}],"line":106},"18":{"loc":{"start":{"line":114,"column":6},"end":{"line":124,"column":7}},"type":"if","locations":[{"start":{"line":114,"column":6},"end":{"line":124,"column":7}},{"start":{"line":116,"column":13},"end":{"line":124,"column":7}}],"line":114},"19":{"loc":{"start":{"line":116,"column":13},"end":{"line":124,"column":7}},"type":"if","locations":[{"start":{"line":116,"column":13},"end":{"line":124,"column":7}},{"start":{"line":118,"column":13},"end":{"line":124,"column":7}}],"line":116},"20":{"loc":{"start":{"line":118,"column":13},"end":{"line":124,"column":7}},"type":"if","locations":[{"start":{"line":118,"column":13},"end":{"line":124,"column":7}},{"start":{"line":120,"column":13},"end":{"line":124,"column":7}}],"line":118},"21":{"loc":{"start":{"line":120,"column":13},"end":{"line":124,"column":7}},"type":"if","locations":[{"start":{"line":120,"column":13},"end":{"line":124,"column":7}},{"start":{"line":122,"column":13},"end":{"line":124,"column":7}}],"line":120},"22":{"loc":{"start":{"line":133,"column":4},"end":{"line":136,"column":5}},"type":"if","locations":[{"start":{"line":133,"column":4},"end":{"line":136,"column":5}},{"start":{},"end":{}}],"line":133},"23":{"loc":{"start":{"line":141,"column":6},"end":{"line":147,"column":7}},"type":"if","locations":[{"start":{"line":141,"column":6},"end":{"line":147,"column":7}},{"start":{"line":143,"column":13},"end":{"line":147,"column":7}}],"line":141},"24":{"loc":{"start":{"line":143,"column":13},"end":{"line":147,"column":7}},"type":"if","locations":[{"start":{"line":143,"column":13},"end":{"line":147,"column":7}},{"start":{"line":145,"column":13},"end":{"line":147,"column":7}}],"line":143}},"s":{"0":0,"1":0,"2":0,"3":0,"4":0,"5":0,"6":0,"7":0,"8":0,"9":0,"10":0,"11":0,"12":0,"13":0,"14":0,"15":0,"16":0,"17":0,"18":0,"19":0,"20":0,"21":0,"22":0,"23":0,"24":0,"25":0,"26":0,"27":0,"28":0,"29":0,"30":0,"31":0,"32":0,"33":0,"34":0,"35":0,"36":0,"37":0,"38":0,"39":0,"40":0,"41":0,"42":0,"43":0,"44":0,"45":0,"46":0,"47":0,"48":0,"49":0,"50":0,"51":0,"52":0,"53":0,"54":0,"55":0,"56":0,"57":0,"58":0,"59":0,"60":0,"61":0,"62":0,"63":0,"64":0,"65":0,"66":0,"67":0,"68":0,"69":0,"70":0,"71":0,"72":0,"73":0,"74":0,"75":0,"76":0,"77":0,"78":0,"79":0,"80":0,"81":0,"82":0,"83":0,"84":0,"85":0,"86":0,"87":0,"88":0,"89":0,"90":0,"91":0,"92":0,"93":0,"94":0,"95":0,"96":0,"97":0,"98":0,"99":0},"f":{"0":0,"1":0,"2":0,"3":0,"4":0},"b":{"0":[0],"1":[0,0],"2":[0,0],"3":[0,0],"4":[0,0],"5":[0,0],"6":[0,0],"7":[0,0],"8":[0,0],"9":[0,0],"10":[0,0],"11":[0,0],"12":[0,0],"13":[0,0],"14":[0,0],"15":[0,0],"16":[0,0,0,0],"17":[0,0],"18":[0,0],"19":[0,0],"20":[0,0],"21":[0,0],"22":[0,0],"23":[0,0],"24":[0,0]}}
,"C:\\Users\\coura\\Downloads\\FOOD-ORDERING-PLATFORM\\src\\Services\\Register.jsx": {"path":"C:\\Users\\coura\\Downloads\\FOOD-ORDERING-PLATFORM\\src\\Services\\Register.jsx","statementMap":{"0":{"start":{"line":7,"column":20},"end":{"line":119,"column":1}},"1":{"start":{"line":8,"column":26},"end":{"line":8,"column":38}},"2":{"start":{"line":9,"column":34},"end":{"line":9,"column":46}},"3":{"start":{"line":10,"column":28},"end":{"line":10,"column":40}},"4":{"start":{"line":11,"column":42},"end":{"line":11,"column":54}},"5":{"start":{"line":12,"column":40},"end":{"line":12,"column":52}},"6":{"start":{"line":13,"column":44},"end":{"line":13,"column":56}},"7":{"start":{"line":14,"column":34},"end":{"line":14,"column":46}},"8":{"start":{"line":15,"column":40},"end":{"line":15,"column":52}},"9":{"start":{"line":16,"column":28},"end":{"line":16,"column":40}},"10":{"start":{"line":17,"column":19},"end":{"line":17,"column":32}},"11":{"start":{"line":19,"column":25},"end":{"line":105,"column":3}},"12":{"start":{"line":20,"column":4},"end":{"line":20,"column":23}},"13":{"start":{"line":21,"column":4},"end":{"line":21,"column":17}},"14":{"start":{"line":22,"column":25},"end":{"line":22,"column":36}},"15":{"start":{"line":25,"column":4},"end":{"line":28,"column":5}},"16":{"start":{"line":26,"column":6},"end":{"line":26,"column":73}},"17":{"start":{"line":27,"column":6},"end":{"line":27,"column":13}},"18":{"start":{"line":30,"column":4},"end":{"line":104,"column":5}},"19":{"start":{"line":31,"column":21},"end":{"line":31,"column":80}},"20":{"start":{"line":32,"column":19},"end":{"line":32,"column":30}},"21":{"start":{"line":34,"column":23},"end":{"line":42,"column":7}},"22":{"start":{"line":44,"column":6},"end":{"line":44,"column":77}},"23":{"start":{"line":44,"column":38},"end":{"line":44,"column":77}},"24":{"start":{"line":45,"column":6},"end":{"line":48,"column":7}},"25":{"start":{"line":46,"column":8},"end":{"line":46,"column":45}},"26":{"start":{"line":47,"column":8},"end":{"line":47,"column":43}},"27":{"start":{"line":50,"column":6},"end":{"line":50,"column":57}},"28":{"start":{"line":52,"column":6},"end":{"line":62,"column":7}},"29":{"start":{"line":53,"column":8},"end":{"line":61,"column":11}},"30":{"start":{"line":64,"column":6},"end":{"line":74,"column":7}},"31":{"start":{"line":65,"column":8},"end":{"line":73,"column":11}},"32":{"start":{"line":79,"column":6},"end":{"line":88,"column":7}},"33":{"start":{"line":80,"column":8},"end":{"line":80,"column":41}},"34":{"start":{"line":81,"column":13},"end":{"line":88,"column":7}},"35":{"start":{"line":83,"column":8},"end":{"line":83,"column":28}},"36":{"start":{"line":84,"column":8},"end":{"line":84,"column":61}},"37":{"start":{"line":87,"column":8},"end":{"line":87,"column":41}},"38":{"start":{"line":91,"column":6},"end":{"line":103,"column":7}},"39":{"start":{"line":93,"column":10},"end":{"line":93,"column":80}},"40":{"start":{"line":94,"column":10},"end":{"line":94,"column":16}},"41":{"start":{"line":96,"column":10},"end":{"line":96,"column":58}},"42":{"start":{"line":97,"column":10},"end":{"line":97,"column":16}},"43":{"start":{"line":99,"column":10},"end":{"line":99,"column":62}},"44":{"start":{"line":100,"column":10},"end":{"line":100,"column":16}},"45":{"start":{"line":102,"column":10},"end":{"line":102,"column":62}},"46":{"start":{"line":107,"column":2},"end":{"line":118,"column":4}}},"fnMap":{"0":{"name":"(anonymous_0)","decl":{"start":{"line":7,"column":20},"end":{"line":7,"column":21}},"loc":{"start":{"line":7,"column":37},"end":{"line":119,"column":1}},"line":7},"1":{"name":"(anonymous_1)","decl":{"start":{"line":19,"column":25},"end":{"line":19,"column":26}},"loc":{"start":{"line":19,"column":38},"end":{"line":105,"column":3}},"line":19}},"branchMap":{"0":{"loc":{"start":{"line":25,"column":4},"end":{"line":28,"column":5}},"type":"if","locations":[{"start":{"line":25,"column":4},"end":{"line":28,"column":5}},{"start":{},"end":{}}],"line":25},"1":{"loc":{"start":{"line":25,"column":8},"end":{"line":25,"column":55}},"type":"binary-expr","locations":[{"start":{"line":25,"column":8},"end":{"line":25,"column":32}},{"start":{"line":25,"column":36},"end":{"line":25,"column":55}}],"line":25},"2":{"loc":{"start":{"line":40,"column":16},"end":{"line":40,"column":67}},"type":"cond-expr","locations":[{"start":{"line":40,"column":45},"end":{"line":40,"column":55}},{"start":{"line":40,"column":58},"end":{"line":40,"column":67}}],"line":40},"3":{"loc":{"start":{"line":44,"column":6},"end":{"line":44,"column":77}},"type":"if","locations":[{"start":{"line":44,"column":6},"end":{"line":44,"column":77}},{"start":{},"end":{}}],"line":44},"4":{"loc":{"start":{"line":45,"column":6},"end":{"line":48,"column":7}},"type":"if","locations":[{"start":{"line":45,"column":6},"end":{"line":48,"column":7}},{"start":{},"end":{}}],"line":45},"5":{"loc":{"start":{"line":52,"column":6},"end":{"line":62,"column":7}},"type":"if","locations":[{"start":{"line":52,"column":6},"end":{"line":62,"column":7}},{"start":{},"end":{}}],"line":52},"6":{"loc":{"start":{"line":64,"column":6},"end":{"line":74,"column":7}},"type":"if","locations":[{"start":{"line":64,"column":6},"end":{"line":74,"column":7}},{"start":{},"end":{}}],"line":64},"7":{"loc":{"start":{"line":79,"column":6},"end":{"line":88,"column":7}},"type":"if","locations":[{"start":{"line":79,"column":6},"end":{"line":88,"column":7}},{"start":{"line":81,"column":13},"end":{"line":88,"column":7}}],"line":79},"8":{"loc":{"start":{"line":81,"column":13},"end":{"line":88,"column":7}},"type":"if","locations":[{"start":{"line":81,"column":13},"end":{"line":88,"column":7}},{"start":{"line":85,"column":13},"end":{"line":88,"column":7}}],"line":81},"9":{"loc":{"start":{"line":91,"column":6},"end":{"line":103,"column":7}},"type":"switch","locations":[{"start":{"line":92,"column":8},"end":{"line":94,"column":16}},{"start":{"line":95,"column":8},"end":{"line":97,"column":16}},{"start":{"line":98,"column":8},"end":{"line":100,"column":16}},{"start":{"line":101,"column":8},"end":{"line":102,"column":62}}],"line":91}},"s":{"0":0,"1":0,"2":0,"3":0,"4":0,"5":0,"6":0,"7":0,"8":0,"9":0,"10":0,"11":0,"12":0,"13":0,"14":0,"15":0,"16":0,"17":0,"18":0,"19":0,"20":0,"21":0,"22":0,"23":0,"24":0,"25":0,"26":0,"27":0,"28":0,"29":0,"30":0,"31":0,"32":0,"33":0,"34":0,"35":0,"36":0,"37":0,"38":0,"39":0,"40":0,"41":0,"42":0,"43":0,"44":0,"45":0,"46":0},"f":{"0":0,"1":0},"b":{"0":[0,0],"1":[0,0],"2":[0,0],"3":[0,0],"4":[0,0],"5":[0,0],"6":[0,0],"7":[0,0],"8":[0,0],"9":[0,0,0,0]}}
,"C:\\Users\\coura\\Downloads\\FOOD-ORDERING-PLATFORM\\src\\Services\\pickupReadyEmail.js": {"path":"C:\\Users\\coura\\Downloads\\FOOD-ORDERING-PLATFORM\\src\\Services\\pickupReadyEmail.js","statementMap":{"0":{"start":{"line":5,"column":21},"end":{"line":5,"column":61}},"1":{"start":{"line":6,"column":21},"end":{"line":6,"column":68}},"2":{"start":{"line":7,"column":21},"end":{"line":7,"column":61}},"3":{"start":{"line":10,"column":2},"end":{"line":20,"column":3}},"4":{"start":{"line":11,"column":4},"end":{"line":15,"column":7}},"5":{"start":{"line":16,"column":4},"end":{"line":19,"column":6}},"6":{"start":{"line":22,"column":2},"end":{"line":25,"column":3}},"7":{"start":{"line":23,"column":4},"end":{"line":23,"column":80}},"8":{"start":{"line":24,"column":4},"end":{"line":24,"column":65}},"9":{"start":{"line":27,"column":2},"end":{"line":30,"column":3}},"10":{"start":{"line":28,"column":4},"end":{"line":28,"column":78}},"11":{"start":{"line":29,"column":4},"end":{"line":29,"column":24}},"12":{"start":{"line":32,"column":23},"end":{"line":32,"column":50}},"13":{"start":{"line":33,"column":2},"end":{"line":33,"column":78}},"14":{"start":{"line":36,"column":2},"end":{"line":50,"column":3}},"15":{"start":{"line":37,"column":4},"end":{"line":37,"column":97}},"16":{"start":{"line":38,"column":4},"end":{"line":49,"column":5}},"17":{"start":{"line":39,"column":23},"end":{"line":39,"column":71}},"18":{"start":{"line":40,"column":6},"end":{"line":46,"column":7}},"19":{"start":{"line":41,"column":18},"end":{"line":41,"column":33}},"20":{"start":{"line":42,"column":8},"end":{"line":42,"column":56}},"21":{"start":{"line":43,"column":8},"end":{"line":43,"column":84}},"22":{"start":{"line":45,"column":8},"end":{"line":45,"column":93}},"23":{"start":{"line":48,"column":6},"end":{"line":48,"column":72}},"24":{"start":{"line":53,"column":2},"end":{"line":56,"column":3}},"25":{"start":{"line":54,"column":4},"end":{"line":54,"column":47}},"26":{"start":{"line":55,"column":4},"end":{"line":55,"column":83}},"27":{"start":{"line":58,"column":2},"end":{"line":64,"column":3}},"28":{"start":{"line":59,"column":4},"end":{"line":59,"column":76}},"29":{"start":{"line":60,"column":4},"end":{"line":63,"column":6}},"30":{"start":{"line":66,"column":2},"end":{"line":66,"column":94}},"31":{"start":{"line":68,"column":2},"end":{"line":99,"column":3}},"32":{"start":{"line":69,"column":21},"end":{"line":85,"column":6}},"33":{"start":{"line":87,"column":4},"end":{"line":91,"column":5}},"34":{"start":{"line":88,"column":19},"end":{"line":88,"column":40}},"35":{"start":{"line":89,"column":6},"end":{"line":89,"column":67}},"36":{"start":{"line":90,"column":6},"end":{"line":90,"column":69}},"37":{"start":{"line":93,"column":4},"end":{"line":93,"column":82}},"38":{"start":{"line":94,"column":4},"end":{"line":94,"column":24}},"39":{"start":{"line":97,"column":4},"end":{"line":97,"column":59}},"40":{"start":{"line":98,"column":4},"end":{"line":98,"column":45}}},"fnMap":{"0":{"name":"sendOrderReadyForPickupEmail","decl":{"start":{"line":4,"column":22},"end":{"line":4,"column":50}},"loc":{"start":{"line":4,"column":58},"end":{"line":100,"column":1}},"line":4}},"branchMap":{"0":{"loc":{"start":{"line":10,"column":2},"end":{"line":20,"column":3}},"type":"if","locations":[{"start":{"line":10,"column":2},"end":{"line":20,"column":3}},{"start":{},"end":{}}],"line":10},"1":{"loc":{"start":{"line":10,"column":6},"end":{"line":10,"column":45}},"type":"binary-expr","locations":[{"start":{"line":10,"column":6},"end":{"line":10,"column":16}},{"start":{"line":10,"column":20},"end":{"line":10,"column":31}},{"start":{"line":10,"column":35},"end":{"line":10,"column":45}}],"line":10},"2":{"loc":{"start":{"line":22,"column":2},"end":{"line":25,"column":3}},"type":"if","locations":[{"start":{"line":22,"column":2},"end":{"line":25,"column":3}},{"start":{},"end":{}}],"line":22},"3":{"loc":{"start":{"line":27,"column":2},"end":{"line":30,"column":3}},"type":"if","locations":[{"start":{"line":27,"column":2},"end":{"line":30,"column":3}},{"start":{},"end":{}}],"line":27},"4":{"loc":{"start":{"line":32,"column":23},"end":{"line":32,"column":50}},"type":"binary-expr","locations":[{"start":{"line":32,"column":23},"end":{"line":32,"column":42}},{"start":{"line":32,"column":46},"end":{"line":32,"column":50}}],"line":32},"5":{"loc":{"start":{"line":36,"column":2},"end":{"line":50,"column":3}},"type":"if","locations":[{"start":{"line":36,"column":2},"end":{"line":50,"column":3}},{"start":{},"end":{}}],"line":36},"6":{"loc":{"start":{"line":36,"column":6},"end":{"line":36,"column":41}},"type":"binary-expr","locations":[{"start":{"line":36,"column":6},"end":{"line":36,"column":21}},{"start":{"line":36,"column":25},"end":{"line":36,"column":41}}],"line":36},"7":{"loc":{"start":{"line":40,"column":6},"end":{"line":46,"column":7}},"type":"if","locations":[{"start":{"line":40,"column":6},"end":{"line":46,"column":7}},{"start":{"line":44,"column":13},"end":{"line":46,"column":7}}],"line":40},"8":{"loc":{"start":{"line":42,"column":25},"end":{"line":42,"column":55}},"type":"binary-expr","locations":[{"start":{"line":42,"column":25},"end":{"line":42,"column":32}},{"start":{"line":42,"column":36},"end":{"line":42,"column":47}},{"start":{"line":42,"column":51},"end":{"line":42,"column":55}}],"line":42},"9":{"loc":{"start":{"line":53,"column":2},"end":{"line":56,"column":3}},"type":"if","locations":[{"start":{"line":53,"column":2},"end":{"line":56,"column":3}},{"start":{},"end":{}}],"line":53},"10":{"loc":{"start":{"line":53,"column":6},"end":{"line":53,"column":99}},"type":"binary-expr","locations":[{"start":{"line":53,"column":6},"end":{"line":53,"column":21}},{"start":{"line":53,"column":25},"end":{"line":53,"column":63}},{"start":{"line":53,"column":67},"end":{"line":53,"column":99}}],"line":53},"11":{"loc":{"start":{"line":58,"column":2},"end":{"line":64,"column":3}},"type":"if","locations":[{"start":{"line":58,"column":2},"end":{"line":64,"column":3}},{"start":{},"end":{}}],"line":58},"12":{"loc":{"start":{"line":78,"column":25},"end":{"line":78,"column":57}},"type":"binary-expr","locations":[{"start":{"line":78,"column":25},"end":{"line":78,"column":43}},{"start":{"line":78,"column":47},"end":{"line":78,"column":57}}],"line":78},"13":{"loc":{"start":{"line":80,"column":25},"end":{"line":80,"column":93}},"type":"cond-expr","locations":[{"start":{"line":80,"column":59},"end":{"line":80,"column":88}},{"start":{"line":80,"column":91},"end":{"line":80,"column":93}}],"line":80},"14":{"loc":{"start":{"line":81,"column":25},"end":{"line":81,"column":60}},"type":"binary-expr","locations":[{"start":{"line":81,"column":25},"end":{"line":81,"column":35}},{"start":{"line":81,"column":39},"end":{"line":81,"column":60}}],"line":81},"15":{"loc":{"start":{"line":82,"column":25},"end":{"line":82,"column":60}},"type":"binary-expr","locations":[{"start":{"line":82,"column":25},"end":{"line":82,"column":41}},{"start":{"line":82,"column":45},"end":{"line":82,"column":60}}],"line":82},"16":{"loc":{"start":{"line":87,"column":4},"end":{"line":91,"column":5}},"type":"if","locations":[{"start":{"line":87,"column":4},"end":{"line":91,"column":5}},{"start":{},"end":{}}],"line":87},"17":{"loc":{"start":{"line":90,"column":33},"end":{"line":90,"column":66}},"type":"binary-expr","locations":[{"start":{"line":90,"column":33},"end":{"line":90,"column":37}},{"start":{"line":90,"column":41},"end":{"line":90,"column":66}}],"line":90}},"s":{"0":0,"1":0,"2":0,"3":0,"4":0,"5":0,"6":0,"7":0,"8":0,"9":0,"10":0,"11":0,"12":0,"13":0,"14":0,"15":0,"16":0,"17":0,"18":0,"19":0,"20":0,"21":0,"22":0,"23":0,"24":0,"25":0,"26":0,"27":0,"28":0,"29":0,"30":0,"31":0,"32":0,"33":0,"34":0,"35":0,"36":0,"37":0,"38":0,"39":0,"40":0},"f":{"0":0},"b":{"0":[0,0],"1":[0,0,0],"2":[0,0],"3":[0,0],"4":[0,0],"5":[0,0],"6":[0,0],"7":[0,0],"8":[0,0,0],"9":[0,0],"10":[0,0,0],"11":[0,0],"12":[0,0],"13":[0,0],"14":[0,0],"15":[0,0],"16":[0,0],"17":[0,0]}}
,"C:\\Users\\coura\\Downloads\\FOOD-ORDERING-PLATFORM\\src\\Services\\vendorService.js": {"path":"C:\\Users\\coura\\Downloads\\FOOD-ORDERING-PLATFORM\\src\\Services\\vendorService.js","statementMap":{"0":{"start":{"line":6,"column":31},"end":{"line":13,"column":1}},"1":{"start":{"line":7,"column":19},"end":{"line":7,"column":59}},"2":{"start":{"line":9,"column":2},"end":{"line":12,"column":6}},"3":{"start":{"line":9,"column":35},"end":{"line":12,"column":3}},"4":{"start":{"line":15,"column":34},"end":{"line":26,"column":1}},"5":{"start":{"line":18,"column":2},"end":{"line":20,"column":5}},"6":{"start":{"line":23,"column":2},"end":{"line":25,"column":5}},"7":{"start":{"line":28,"column":29},"end":{"line":29,"column":36}},"8":{"start":{"line":29,"column":2},"end":{"line":29,"column":36}},"9":{"start":{"line":31,"column":29},"end":{"line":32,"column":37}},"10":{"start":{"line":32,"column":2},"end":{"line":32,"column":37}},"11":{"start":{"line":36,"column":30},"end":{"line":43,"column":1}},"12":{"start":{"line":37,"column":19},"end":{"line":37,"column":58}},"13":{"start":{"line":39,"column":2},"end":{"line":42,"column":6}},"14":{"start":{"line":39,"column":35},"end":{"line":42,"column":3}},"15":{"start":{"line":45,"column":33},"end":{"line":58,"column":1}},"16":{"start":{"line":47,"column":19},"end":{"line":47,"column":45}},"17":{"start":{"line":50,"column":2},"end":{"line":52,"column":5}},"18":{"start":{"line":55,"column":2},"end":{"line":57,"column":5}},"19":{"start":{"line":60,"column":28},"end":{"line":61,"column":35}},"20":{"start":{"line":61,"column":2},"end":{"line":61,"column":35}},"21":{"start":{"line":63,"column":28},"end":{"line":64,"column":36}},"22":{"start":{"line":64,"column":2},"end":{"line":64,"column":36}}},"fnMap":{"0":{"name":"(anonymous_0)","decl":{"start":{"line":6,"column":31},"end":{"line":6,"column":32}},"loc":{"start":{"line":6,"column":43},"end":{"line":13,"column":1}},"line":6},"1":{"name":"(anonymous_1)","decl":{"start":{"line":9,"column":27},"end":{"line":9,"column":28}},"loc":{"start":{"line":9,"column":35},"end":{"line":12,"column":3}},"line":9},"2":{"name":"(anonymous_2)","decl":{"start":{"line":15,"column":34},"end":{"line":15,"column":35}},"loc":{"start":{"line":15,"column":65},"end":{"line":26,"column":1}},"line":15},"3":{"name":"(anonymous_3)","decl":{"start":{"line":28,"column":29},"end":{"line":28,"column":30}},"loc":{"start":{"line":29,"column":2},"end":{"line":29,"column":36}},"line":29},"4":{"name":"(anonymous_4)","decl":{"start":{"line":31,"column":29},"end":{"line":31,"column":30}},"loc":{"start":{"line":32,"column":2},"end":{"line":32,"column":37}},"line":32},"5":{"name":"(anonymous_5)","decl":{"start":{"line":36,"column":30},"end":{"line":36,"column":31}},"loc":{"start":{"line":36,"column":42},"end":{"line":43,"column":1}},"line":36},"6":{"name":"(anonymous_6)","decl":{"start":{"line":39,"column":27},"end":{"line":39,"column":28}},"loc":{"start":{"line":39,"column":35},"end":{"line":42,"column":3}},"line":39},"7":{"name":"(anonymous_7)","decl":{"start":{"line":45,"column":33},"end":{"line":45,"column":34}},"loc":{"start":{"line":45,"column":63},"end":{"line":58,"column":1}},"line":45},"8":{"name":"(anonymous_8)","decl":{"start":{"line":60,"column":28},"end":{"line":60,"column":29}},"loc":{"start":{"line":61,"column":2},"end":{"line":61,"column":35}},"line":61},"9":{"name":"(anonymous_9)","decl":{"start":{"line":63,"column":28},"end":{"line":63,"column":29}},"loc":{"start":{"line":64,"column":2},"end":{"line":64,"column":36}},"line":64}},"branchMap":{},"s":{"0":0,"1":0,"2":0,"3":0,"4":0,"5":0,"6":0,"7":0,"8":0,"9":0,"10":0,"11":0,"12":0,"13":0,"14":0,"15":0,"16":0,"17":0,"18":0,"19":0,"20":0,"21":0,"22":0},"f":{"0":0,"1":0,"2":0,"3":0,"4":0,"5":0,"6":0,"7":0,"8":0,"9":0},"b":{}}
,"C:\\Users\\coura\\Downloads\\FOOD-ORDERING-PLATFORM\\src\\components\\Admin\\AdminDashboard.jsx": {"path":"C:\\Users\\coura\\Downloads\\FOOD-ORDERING-PLATFORM\\src\\components\\Admin\\AdminDashboard.jsx","statementMap":{"0":{"start":{"line":9,"column":16},"end":{"line":9,"column":52}},"1":{"start":{"line":12,"column":14},"end":{"line":12,"column":24}},"2":{"start":{"line":13,"column":2},"end":{"line":13,"column":97}},"3":{"start":{"line":13,"column":31},"end":{"line":13,"column":97}},"4":{"start":{"line":14,"column":2},"end":{"line":14,"column":85}},"5":{"start":{"line":14,"column":31},"end":{"line":14,"column":85}},"6":{"start":{"line":15,"column":2},"end":{"line":19,"column":3}},"7":{"start":{"line":16,"column":17},"end":{"line":16,"column":29}},"8":{"start":{"line":17,"column":17},"end":{"line":17,"column":59}},"9":{"start":{"line":18,"column":4},"end":{"line":18,"column":61}},"10":{"start":{"line":20,"column":2},"end":{"line":20,"column":21}},"11":{"start":{"line":24,"column":2},"end":{"line":32,"column":3}},"12":{"start":{"line":25,"column":19},"end":{"line":25,"column":107}},"13":{"start":{"line":26,"column":19},"end":{"line":26,"column":51}},"14":{"start":{"line":27,"column":4},"end":{"line":30,"column":7}},"15":{"start":{"line":28,"column":16},"end":{"line":28,"column":58}},"16":{"start":{"line":29,"column":6},"end":{"line":29,"column":45}},"17":{"start":{"line":29,"column":29},"end":{"line":29,"column":45}},"18":{"start":{"line":31,"column":4},"end":{"line":31,"column":67}},"19":{"start":{"line":31,"column":37},"end":{"line":31,"column":64}},"20":{"start":{"line":33,"column":2},"end":{"line":41,"column":3}},"21":{"start":{"line":34,"column":19},"end":{"line":34,"column":62}},"22":{"start":{"line":35,"column":19},"end":{"line":35,"column":39}},"23":{"start":{"line":36,"column":4},"end":{"line":39,"column":7}},"24":{"start":{"line":37,"column":18},"end":{"line":37,"column":58}},"25":{"start":{"line":38,"column":6},"end":{"line":38,"column":40}},"26":{"start":{"line":40,"column":4},"end":{"line":40,"column":67}},"27":{"start":{"line":40,"column":37},"end":{"line":40,"column":64}},"28":{"start":{"line":42,"column":2},"end":{"line":50,"column":3}},"29":{"start":{"line":43,"column":19},"end":{"line":43,"column":48}},"30":{"start":{"line":44,"column":19},"end":{"line":44,"column":39}},"31":{"start":{"line":45,"column":4},"end":{"line":48,"column":7}},"32":{"start":{"line":46,"column":19},"end":{"line":46,"column":60}},"33":{"start":{"line":47,"column":6},"end":{"line":47,"column":56}},"34":{"start":{"line":49,"column":4},"end":{"line":49,"column":67}},"35":{"start":{"line":49,"column":37},"end":{"line":49,"column":64}},"36":{"start":{"line":51,"column":2},"end":{"line":51,"column":12}},"37":{"start":{"line":55,"column":14},"end":{"line":55,"column":16}},"38":{"start":{"line":56,"column":2},"end":{"line":61,"column":5}},"39":{"start":{"line":57,"column":23},"end":{"line":57,"column":55}},"40":{"start":{"line":58,"column":4},"end":{"line":58,"column":70}},"41":{"start":{"line":58,"column":26},"end":{"line":58,"column":70}},"42":{"start":{"line":59,"column":4},"end":{"line":59,"column":29}},"43":{"start":{"line":60,"column":4},"end":{"line":60,"column":46}},"44":{"start":{"line":62,"column":2},"end":{"line":64,"column":43}},"45":{"start":{"line":63,"column":28},"end":{"line":63,"column":45}},"46":{"start":{"line":64,"column":20},"end":{"line":64,"column":41}},"47":{"start":{"line":68,"column":14},"end":{"line":68,"column":16}},"48":{"start":{"line":69,"column":2},"end":{"line":75,"column":5}},"49":{"start":{"line":70,"column":4},"end":{"line":74,"column":7}},"50":{"start":{"line":71,"column":6},"end":{"line":71,"column":68}},"51":{"start":{"line":71,"column":27},"end":{"line":71,"column":68}},"52":{"start":{"line":72,"column":6},"end":{"line":72,"column":41}},"53":{"start":{"line":73,"column":6},"end":{"line":73,"column":54}},"54":{"start":{"line":76,"column":2},"end":{"line":79,"column":17}},"55":{"start":{"line":77,"column":28},"end":{"line":77,"column":45}},"56":{"start":{"line":78,"column":20},"end":{"line":78,"column":35}},"57":{"start":{"line":85,"column":14},"end":{"line":85,"column":25}},"58":{"start":{"line":86,"column":2},"end":{"line":88,"column":10}},"59":{"start":{"line":92,"column":25},"end":{"line":92,"column":86}},"60":{"start":{"line":93,"column":15},"end":{"line":93,"column":17}},"61":{"start":{"line":95,"column":2},"end":{"line":95,"column":48}},"62":{"start":{"line":96,"column":2},"end":{"line":96,"column":16}},"63":{"start":{"line":97,"column":2},"end":{"line":97,"column":25}},"64":{"start":{"line":98,"column":2},"end":{"line":98,"column":33}},"65":{"start":{"line":99,"column":2},"end":{"line":99,"column":54}},"66":{"start":{"line":100,"column":2},"end":{"line":100,"column":40}},"67":{"start":{"line":101,"column":2},"end":{"line":101,"column":40}},"68":{"start":{"line":102,"column":2},"end":{"line":102,"column":40}},"69":{"start":{"line":103,"column":2},"end":{"line":103,"column":61}},"70":{"start":{"line":104,"column":2},"end":{"line":104,"column":55}},"71":{"start":{"line":105,"column":2},"end":{"line":105,"column":47}},"72":{"start":{"line":106,"column":2},"end":{"line":106,"column":16}},"73":{"start":{"line":107,"column":2},"end":{"line":107,"column":33}},"74":{"start":{"line":108,"column":2},"end":{"line":108,"column":34}},"75":{"start":{"line":109,"column":2},"end":{"line":109,"column":55}},"76":{"start":{"line":109,"column":24},"end":{"line":109,"column":53}},"77":{"start":{"line":110,"column":2},"end":{"line":110,"column":16}},"78":{"start":{"line":111,"column":2},"end":{"line":111,"column":35}},"79":{"start":{"line":112,"column":2},"end":{"line":112,"column":59}},"80":{"start":{"line":113,"column":2},"end":{"line":115,"column":4}},"81":{"start":{"line":114,"column":4},"end":{"line":114,"column":75}},"82":{"start":{"line":116,"column":2},"end":{"line":116,"column":16}},"83":{"start":{"line":117,"column":2},"end":{"line":117,"column":34}},"84":{"start":{"line":118,"column":2},"end":{"line":118,"column":49}},"85":{"start":{"line":119,"column":2},"end":{"line":121,"column":4}},"86":{"start":{"line":120,"column":4},"end":{"line":120,"column":55}},"87":{"start":{"line":123,"column":2},"end":{"line":123,"column":64}},"88":{"start":{"line":123,"column":23},"end":{"line":123,"column":49}},"89":{"start":{"line":127,"column":14},"end":{"line":127,"column":33}},"90":{"start":{"line":128,"column":15},"end":{"line":128,"column":67}},"91":{"start":{"line":129,"column":14},"end":{"line":129,"column":39}},"92":{"start":{"line":130,"column":12},"end":{"line":130,"column":39}},"93":{"start":{"line":131,"column":2},"end":{"line":131,"column":15}},"94":{"start":{"line":132,"column":2},"end":{"line":132,"column":82}},"95":{"start":{"line":133,"column":2},"end":{"line":133,"column":12}},"96":{"start":{"line":134,"column":2},"end":{"line":134,"column":27}},"97":{"start":{"line":138,"column":20},"end":{"line":138,"column":41}},"98":{"start":{"line":139,"column":14},"end":{"line":139,"column":53}},"99":{"start":{"line":141,"column":25},"end":{"line":141,"column":86}},"100":{"start":{"line":142,"column":20},"end":{"line":142,"column":62}},"101":{"start":{"line":142,"column":50},"end":{"line":142,"column":57}},"102":{"start":{"line":143,"column":20},"end":{"line":143,"column":44}},"103":{"start":{"line":144,"column":16},"end":{"line":144,"column":48}},"104":{"start":{"line":145,"column":17},"end":{"line":145,"column":19}},"105":{"start":{"line":146,"column":19},"end":{"line":146,"column":37}},"106":{"start":{"line":147,"column":10},"end":{"line":147,"column":12}},"107":{"start":{"line":149,"column":17},"end":{"line":149,"column":29}},"108":{"start":{"line":150,"column":17},"end":{"line":150,"column":31}},"109":{"start":{"line":151,"column":17},"end":{"line":151,"column":32}},"110":{"start":{"line":152,"column":17},"end":{"line":152,"column":32}},"111":{"start":{"line":154,"column":20},"end":{"line":159,"column":3}},"112":{"start":{"line":155,"column":4},"end":{"line":158,"column":5}},"113":{"start":{"line":156,"column":6},"end":{"line":156,"column":20}},"114":{"start":{"line":157,"column":6},"end":{"line":157,"column":13}},"115":{"start":{"line":161,"column":23},"end":{"line":174,"column":3}},"116":{"start":{"line":162,"column":4},"end":{"line":162,"column":18}},"117":{"start":{"line":163,"column":4},"end":{"line":163,"column":12}},"118":{"start":{"line":164,"column":4},"end":{"line":164,"column":23}},"119":{"start":{"line":165,"column":4},"end":{"line":165,"column":37}},"120":{"start":{"line":166,"column":4},"end":{"line":166,"column":32}},"121":{"start":{"line":167,"column":4},"end":{"line":167,"column":44}},"122":{"start":{"line":168,"column":4},"end":{"line":168,"column":11}},"123":{"start":{"line":169,"column":4},"end":{"line":169,"column":32}},"124":{"start":{"line":170,"column":4},"end":{"line":170,"column":26}},"125":{"start":{"line":171,"column":4},"end":{"line":171,"column":46}},"126":{"start":{"line":172,"column":4},"end":{"line":172,"column":12}},"127":{"start":{"line":173,"column":4},"end":{"line":173,"column":30}},"128":{"start":{"line":176,"column":20},"end":{"line":210,"column":3}},"129":{"start":{"line":177,"column":17},"end":{"line":177,"column":19}},"130":{"start":{"line":178,"column":19},"end":{"line":178,"column":55}},"131":{"start":{"line":178,"column":46},"end":{"line":178,"column":51}},"132":{"start":{"line":180,"column":4},"end":{"line":180,"column":24}},"133":{"start":{"line":181,"column":4},"end":{"line":181,"column":30}},"134":{"start":{"line":182,"column":4},"end":{"line":182,"column":43}},"135":{"start":{"line":183,"column":4},"end":{"line":183,"column":23}},"136":{"start":{"line":184,"column":4},"end":{"line":184,"column":37}},"137":{"start":{"line":185,"column":4},"end":{"line":185,"column":36}},"138":{"start":{"line":186,"column":13},"end":{"line":186,"column":19}},"139":{"start":{"line":187,"column":4},"end":{"line":190,"column":7}},"140":{"start":{"line":188,"column":6},"end":{"line":188,"column":34}},"141":{"start":{"line":189,"column":6},"end":{"line":189,"column":25}},"142":{"start":{"line":191,"column":4},"end":{"line":191,"column":14}},"143":{"start":{"line":193,"column":4},"end":{"line":193,"column":39}},"144":{"start":{"line":194,"column":4},"end":{"line":208,"column":7}},"145":{"start":{"line":195,"column":6},"end":{"line":195,"column":22}},"146":{"start":{"line":196,"column":6},"end":{"line":196,"column":101}},"147":{"start":{"line":197,"column":6},"end":{"line":197,"column":45}},"148":{"start":{"line":198,"column":6},"end":{"line":198,"column":32}},"149":{"start":{"line":199,"column":6},"end":{"line":199,"column":28}},"150":{"start":{"line":200,"column":6},"end":{"line":200,"column":60}},"151":{"start":{"line":201,"column":6},"end":{"line":201,"column":35}},"152":{"start":{"line":202,"column":6},"end":{"line":202,"column":18}},"153":{"start":{"line":203,"column":6},"end":{"line":206,"column":9}},"154":{"start":{"line":204,"column":8},"end":{"line":204,"column":47}},"155":{"start":{"line":205,"column":8},"end":{"line":205,"column":27}},"156":{"start":{"line":207,"column":6},"end":{"line":207,"column":16}},"157":{"start":{"line":209,"column":4},"end":{"line":209,"column":11}},"158":{"start":{"line":213,"column":2},"end":{"line":213,"column":28}},"159":{"start":{"line":214,"column":2},"end":{"line":214,"column":33}},"160":{"start":{"line":215,"column":2},"end":{"line":215,"column":22}},"161":{"start":{"line":216,"column":2},"end":{"line":216,"column":35}},"162":{"start":{"line":217,"column":2},"end":{"line":217,"column":34}},"163":{"start":{"line":218,"column":2},"end":{"line":218,"column":49}},"164":{"start":{"line":219,"column":2},"end":{"line":219,"column":21}},"165":{"start":{"line":220,"column":2},"end":{"line":220,"column":37}},"166":{"start":{"line":221,"column":2},"end":{"line":221,"column":34}},"16
[...]
},"9":{"name":"(anonymous_9)","decl":{"start":{"line":96,"column":19},"end":{"line":96,"column":20}},"loc":{"start":{"line":96,"column":25},"end":{"line":96,"column":53}},"line":96}},"branchMap":{"0":{"loc":{"start":{"line":27,"column":4},"end":{"line":27,"column":21}},"type":"if","locations":[{"start":{"line":27,"column":4},"end":{"line":27,"column":21}},{"start":{},"end":{}}],"line":27},"1":{"loc":{"start":{"line":29,"column":6},"end":{"line":29,"column":51}},"type":"if","locations":[{"start":{"line":29,"column":6},"end":{"line":29,"column":51}},{"start":{},"end":{}}],"line":29},"2":{"loc":{"start":{"line":39,"column":4},"end":{"line":46,"column":5}},"type":"switch","locations":[{"start":{"line":40,"column":6},"end":{"line":40,"column":71}},{"start":{"line":41,"column":6},"end":{"line":41,"column":50}},{"start":{"line":42,"column":6},"end":{"line":42,"column":42}},{"start":{"line":43,"column":6},"end":{"line":43,"column":45}},{"start":{"line":44,"column":6},"end":{"line":44,"column":133}},{"start":{"line":45,"column":6},"end":{"line":45,"column":43}}],"line":39},"3":{"loc":{"start":{"line":52,"column":42},"end":{"line":52,"column":73}},"type":"cond-expr","locations":[{"start":{"line":52,"column":56},"end":{"line":52,"column":62}},{"start":{"line":52,"column":65},"end":{"line":52,"column":73}}],"line":52},"4":{"loc":{"start":{"line":61,"column":24},"end":{"line":61,"column":75}},"type":"cond-expr","locations":[{"start":{"line":61,"column":38},"end":{"line":61,"column":56}},{"start":{"line":61,"column":59},"end":{"line":61,"column":75}}],"line":61},"5":{"loc":{"start":{"line":64,"column":31},"end":{"line":64,"column":115}},"type":"cond-expr","locations":[{"start":{"line":64,"column":45},"end":{"line":64,"column":78}},{"start":{"line":64,"column":81},"end":{"line":64,"column":115}}],"line":64},"6":{"loc":{"start":{"line":74,"column":17},"end":{"line":78,"column":17}},"type":"binary-expr","locations":[{"start":{"line":74,"column":17},"end":{"line":74,"column":29}},{"start":{"line":75,"column":18},"end":{"line":77,"column":23}}],"line":74},"7":{"loc":{"start":{"line":81,"column":55},"end":{"line":81,"column":97}},"type":"cond-expr","locations":[{"start":{"line":81,"column":84},"end":{"line":81,"column":92}},{"start":{"line":81,"column":95},"end":{"line":81,"column":97}}],"line":81},"8":{"loc":{"start":{"line":83,"column":34},"end":{"line":83,"column":81}},"type":"cond-expr","locations":[{"start":{"line":83,"column":63},"end":{"line":83,"column":69}},{"start":{"line":83,"column":72},"end":{"line":83,"column":81}}],"line":83}},"s":{"0":0,"1":0,"2":0,"3":0,"4":0,"5":0,"6":0,"7":0,"8":0,"9":0,"10":0,"11":0,"12":0,"13":0,"14":0,"15":0,"16":0,"17":0,"18":0,"19":0,"20":0,"21":0,"22":0,"23":0,"24":0,"25":0,"26":0},"f":{"0":0,"1":0,"2":0,"3":0,"4":0,"5":0,"6":0,"7":0,"8":0,"9":0},"b":{"0":[0,0],"1":[0,0],"2":[0,0,0,0,0,0],"3":[0,0],"4":[0,0],"5":[0,0],"6":[0,0],"7":[0,0],"8":[0,0]}}
,"C:\\Users\\coura\\Downloads\\FOOD-ORDERING-PLATFORM\\src\\components\\Vendor\\VenHome.js": {"path":"C:\\Users\\coura\\Downloads\\FOOD-ORDERING-PLATFORM\\src\\components\\Vendor\\VenHome.js","statementMap":{"0":{"start":{"line":5,"column":15},"end":{"line":5,"column":36}},"1":{"start":{"line":7,"column":4},"end":{"line":9,"column":30}},"2":{"start":{"line":11,"column":2},"end":{"line":61,"column":4}}},"fnMap":{"0":{"name":"VenHome","decl":{"start":{"line":4,"column":9},"end":{"line":4,"column":16}},"loc":{"start":{"line":4,"column":32},"end":{"line":62,"column":1}},"line":4}},"branchMap":{"0":{"loc":{"start":{"line":7,"column":4},"end":{"line":9,"column":30}},"type":"cond-expr","locations":[{"start":{"line":7,"column":16},"end":{"line":7,"column":30}},{"start":{"line":8,"column":4},"end":{"line":9,"column":30}}],"line":7},"1":{"loc":{"start":{"line":8,"column":4},"end":{"line":9,"column":30}},"type":"cond-expr","locations":[{"start":{"line":8,"column":16},"end":{"line":8,"column":32}},{"start":{"line":9,"column":16},"end":{"line":9,"column":30}}],"line":8},"2":{"loc":{"start":{"line":16,"column":56},"end":{"line":16,"column":75}},"type":"binary-expr","locations":[{"start":{"line":16,"column":56},"end":{"line":16,"column":65}},{"start":{"line":16,"column":69},"end":{"line":16,"column":75}}],"line":16}},"s":{"0":0,"1":0,"2":0},"f":{"0":0},"b":{"0":[0,0],"1":[0,0],"2":[0,0]}}
,"C:\\Users\\coura\\Downloads\\FOOD-ORDERING-PLATFORM\\src\\components\\Vendor\\VenSidebar.js": {"path":"C:\\Users\\coura\\Downloads\\FOOD-ORDERING-PLATFORM\\src\\components\\Vendor\\VenSidebar.js","statementMap":{"0":{"start":{"line":5,"column":16},"end":{"line":31,"column":1}},"1":{"start":{"line":6,"column":30},"end":{"line":6,"column":44}},"2":{"start":{"line":8,"column":24},"end":{"line":10,"column":3}},"3":{"start":{"line":9,"column":4},"end":{"line":9,"column":23}},"4":{"start":{"line":12,"column":2},"end":{"line":30,"column":4}}},"fnMap":{"0":{"name":"(anonymous_0)","decl":{"start":{"line":5,"column":16},"end":{"line":5,"column":17}},"loc":{"start":{"line":5,"column":22},"end":{"line":31,"column":1}},"line":5},"1":{"name":"(anonymous_1)","decl":{"start":{"line":8,"column":24},"end":{"line":8,"column":25}},"loc":{"start":{"line":8,"column":30},"end":{"line":10,"column":3}},"line":8}},"branchMap":{"0":{"loc":{"start":{"line":13,"column":33},"end":{"line":13,"column":59}},"type":"cond-expr","locations":[{"start":{"line":13,"column":42},"end":{"line":13,"column":48}},{"start":{"line":13,"column":51},"end":{"line":13,"column":59}}],"line":13},"1":{"loc":{"start":{"line":19,"column":7},"end":{"line":28,"column":7}},"type":"binary-expr","locations":[{"start":{"line":19,"column":7},"end":{"line":19,"column":13}},{"start":{"line":20,"column":8},"end":{"line":27,"column":14}}],"line":19}},"s":{"0":1,"1":24,"2":24,"3":9,"4":24},"f":{"0":24,"1":9},"b":{"0":[16,8],"1":[24,16]},"_coverageSchema":"1a1c01bbd47fc00a2c39e90264f33305004495a9","hash":"16744be88a8a6f1d8b3d57df82e8de2ab89d46ca"}
,"C:\\Users\\coura\\Downloads\\FOOD-ORDERING-PLATFORM\\src\\components\\Vendor\\create.js": {"path":"C:\\Users\\coura\\Downloads\\FOOD-ORDERING-PLATFORM\\src\\components\\Vendor\\create.js","statementMap":{},"fnMap":{},"branchMap":{},"s":{},"f":{},"b":{}}
,"C:\\Users\\coura\\Downloads\\FOOD-ORDERING-PLATFORM\\src\\components\\login-and-signup\\ForgotPassword.jsx": {"path":"C:\\Users\\coura\\Downloads\\FOOD-ORDERING-PLATFORM\\src\\components\\login-and-signup\\ForgotPassword.jsx","statementMap":{"0":{"start":{"line":8,"column":28},"end":{"line":8,"column":40}},"1":{"start":{"line":9,"column":32},"end":{"line":9,"column":44}},"2":{"start":{"line":10,"column":28},"end":{"line":10,"column":40}},"3":{"start":{"line":11,"column":32},"end":{"line":11,"column":47}},"4":{"start":{"line":13,"column":22},"end":{"line":26,"column":3}},"5":{"start":{"line":14,"column":4},"end":{"line":14,"column":23}},"6":{"start":{"line":15,"column":4},"end":{"line":15,"column":19}},"7":{"start":{"line":16,"column":4},"end":{"line":16,"column":17}},"8":{"start":{"line":17,"column":4},"end":{"line":17,"column":21}},"9":{"start":{"line":18,"column":4},"end":{"line":25,"column":5}},"10":{"start":{"line":19,"column":6},"end":{"line":19,"column":48}},"11":{"start":{"line":20,"column":6},"end":{"line":20,"column":72}},"12":{"start":{"line":22,"column":6},"end":{"line":22,"column":72}},"13":{"start":{"line":24,"column":6},"end":{"line":24,"column":24}},"14":{"start":{"line":28,"column":2},"end":{"line":73,"column":4}},"15":{"start":{"line":46,"column":31},"end":{"line":46,"column":55}}},"fnMap":{"0":{"name":"ForgotPassword","decl":{"start":{"line":7,"column":9},"end":{"line":7,"column":23}},"loc":{"start":{"line":7,"column":26},"end":{"line":74,"column":1}},"line":7},"1":{"name":"(anonymous_1)","decl":{"start":{"line":13,"column":22},"end":{"line":13,"column":23}},"loc":{"start":{"line":13,"column":35},"end":{"line":26,"column":3}},"line":13},"2":{"name":"(anonymous_2)","decl":{"start":{"line":46,"column":24},"end":{"line":46,"column":25}},"loc":{"start":{"line":46,"column":31},"end":{"line":46,"column":55}},"line":46}},"branchMap":{"0":{"loc":{"start":{"line":51,"column":15},"end":{"line":51,"column":58}},"type":"cond-expr","locations":[{"start":{"line":51,"column":25},"end":{"line":51,"column":37}},{"start":{"line":51,"column":40},"end":{"line":51,"column":58}}],"line":51},"1":{"loc":{"start":{"line":55,"column":11},"end":{"line":55,"column":64}},"type":"binary-expr","locations":[{"start":{"line":55,"column":11},"end":{"line":55,"column":18}},{"start":{"line":55,"column":22},"end":{"line":55,"column":64}}],"line":55},"2":{"loc":{"start":{"line":56,"column":11},"end":{"line":56,"column":58}},"type":"binary-expr","locations":[{"start":{"line":56,"column":11},"end":{"line":56,"column":16}},{"start":{"line":56,"column":20},"end":{"line":56,"column":58}}],"line":56}},"s":{"0":0,"1":0,"2":0,"3":0,"4":0,"5":0,"6":0,"7":0,"8":0,"9":0,"10":0,"11":0,"12":0,"13":0,"14":0,"15":0},"f":{"0":0,"1":0,"2":0},"b":{"0":[0,0],"1":[0,0],"2":[0,0]}}
,"C:\\Users\\coura\\Downloads\\FOOD-ORDERING-PLATFORM\\src\\components\\login-and-signup\\login.jsx": {"path":"C:\\Users\\coura\\Downloads\\FOOD-ORDERING-PLATFORM\\src\\components\\login-and-signup\\login.jsx","statementMap":{"0":{"start":{"line":7,"column":28},"end":{"line":7,"column":40}},"1":{"start":{"line":8,"column":34},"end":{"line":8,"column":46}},"2":{"start":{"line":17,"column":6},"end":{"line":19,"column":4}},"3":{"start":{"line":21,"column":19},"end":{"line":24,"column":3}},"4":{"start":{"line":22,"column":4},"end":{"line":22,"column":23}},"5":{"start":{"line":23,"column":4},"end":{"line":23,"column":33}},"6":{"start":{"line":26,"column":2},"end":{"line":130,"column":4}},"7":{"start":{"line":49,"column":31},"end":{"line":49,"column":55}},"8":{"start":{"line":59,"column":31},"end":{"line":59,"column":58}},"9":{"start":{"line":68,"column":31},"end":{"line":68,"column":57}}},"fnMap":{"0":{"name":"Login","decl":{"start":{"line":6,"column":9},"end":{"line":6,"column":14}},"loc":{"start":{"line":6,"column":35},"end":{"line":131,"column":1}},"line":6},"1":{"name":"(anonymous_1)","decl":{"start":{"line":21,"column":19},"end":{"line":21,"column":20}},"loc":{"start":{"line":21,"column":26},"end":{"line":24,"column":3}},"line":21},"2":{"name":"(anonymous_2)","decl":{"start":{"line":49,"column":24},"end":{"line":49,"column":25}},"loc":{"start":{"line":49,"column":31},"end":{"line":49,"column":55}},"line":49},"3":{"name":"(anonymous_3)","decl":{"start":{"line":59,"column":24},"end":{"line":59,"column":25}},"loc":{"start":{"line":59,"column":31},"end":{"line":59,"column":58}},"line":59},"4":{"name":"(anonymous_4)","decl":{"start":{"line":68,"column":25},"end":{"line":68,"column":26}},"loc":{"start":{"line":68,"column":31},"end":{"line":68,"column":57}},"line":68}},"branchMap":{"0":{"loc":{"start":{"line":76,"column":15},"end":{"line":76,"column":50}},"type":"cond-expr","locations":[{"start":{"line":76,"column":25},"end":{"line":76,"column":40}},{"start":{"line":76,"column":43},"end":{"line":76,"column":50}}],"line":76},"1":{"loc":{"start":{"line":80,"column":11},"end":{"line":80,"column":58}},"type":"binary-expr","locations":[{"start":{"line":80,"column":11},"end":{"line":80,"column":16}},{"start":{"line":80,"column":20},"end":{"line":80,"column":58}}],"line":80},"2":{"loc":{"start":{"line":81,"column":11},"end":{"line":81,"column":55}},"type":"binary-expr","locations":[{"start":{"line":81,"column":11},"end":{"line":81,"column":15}},{"start":{"line":81,"column":19},"end":{"line":81,"column":55}}],"line":81}},"s":{"0":0,"1":0,"2":0,"3":0,"4":0,"5":0,"6":0,"7":0,"8":0,"9":0},"f":{"0":0,"1":0,"2":0,"3":0,"4":0},"b":{"0":[0,0],"1":[0,0],"2":[0,0]}}
,"C:\\Users\\coura\\Downloads\\FOOD-ORDERING-PLATFORM\\src\\components\\login-and-signup\\signup-role.jsx": {"path":"C:\\Users\\coura\\Downloads\\FOOD-ORDERING-PLATFORM\\src\\components\\login-and-signup\\signup-role.jsx","statementMap":{"0":{"start":{"line":6,"column":2},"end":{"line":50,"column":4}}},"fnMap":{"0":{"name":"SignupRole","decl":{"start":{"line":5,"column":9},"end":{"line":5,"column":19}},"loc":{"start":{"line":5,"column":22},"end":{"line":51,"column":1}},"line":5}},"branchMap":{},"s":{"0":0},"f":{"0":0},"b":{}}
,"C:\\Users\\coura\\Downloads\\FOOD-ORDERING-PLATFORM\\src\\components\\login-and-signup\\signupAdmin.jsx": {"path":"C:\\Users\\coura\\Downloads\\FOOD-ORDERING-PLATFORM\\src\\components\\login-and-signup\\signupAdmin.jsx","statementMap":{"0":{"start":{"line":20,"column":6},"end":{"line":20,"column":23}},"1":{"start":{"line":22,"column":2},"end":{"line":140,"column":4}},"2":{"start":{"line":36,"column":14},"end":{"line":36,"column":33}},"3":{"start":{"line":37,"column":14},"end":{"line":37,"column":41}},"4":{"start":{"line":54,"column":33},"end":{"line":54,"column":56}},"5":{"start":{"line":64,"column":33},"end":{"line":64,"column":60}},"6":{"start":{"line":74,"column":33},"end":{"line":74,"column":57}},"7":{"start":{"line":85,"column":33},"end":{"line":85,"column":60}},"8":{"start":{"line":97,"column":33},"end":{"line":97,"column":63}}},"fnMap":{"0":{"name":"SignupAdmin","decl":{"start":{"line":6,"column":9},"end":{"line":6,"column":20}},"loc":{"start":{"line":6,"column":23},"end":{"line":141,"column":1}},"line":6},"1":{"name":"(anonymous_1)","decl":{"start":{"line":35,"column":22},"end":{"line":35,"column":23}},"loc":{"start":{"line":35,"column":29},"end":{"line":38,"column":13}},"line":35},"2":{"name":"(anonymous_2)","decl":{"start":{"line":54,"column":26},"end":{"line":54,"column":27}},"loc":{"start":{"line":54,"column":33},"end":{"line":54,"column":56}},"line":54},"3":{"name":"(anonymous_3)","decl":{"start":{"line":64,"column":26},"end":{"line":64,"column":27}},"loc":{"start":{"line":64,"column":33},"end":{"line":64,"column":60}},"line":64},"4":{"name":"(anonymous_4)","decl":{"start":{"line":74,"column":26},"end":{"line":74,"column":27}},"loc":{"start":{"line":74,"column":33},"end":{"line":74,"column":57}},"line":74},"5":{"name":"(anonymous_5)","decl":{"start":{"line":85,"column":26},"end":{"line":85,"column":27}},"loc":{"start":{"line":85,"column":33},"end":{"line":85,"column":60}},"line":85},"6":{"name":"(anonymous_6)","decl":{"start":{"line":97,"column":26},"end":{"line":97,"column":27}},"loc":{"start":{"line":97,"column":33},"end":{"line":97,"column":63}},"line":97}},"branchMap":{"0":{"loc":{"start":{"line":114,"column":13},"end":{"line":118,"column":13}},"type":"binary-expr","locations":[{"start":{"line":114,"column":13},"end":{"line":114,"column":18}},{"start":{"line":115,"column":14},"end":{"line":117,"column":18}}],"line":114}},"s":{"0":0,"1":0,"2":0,"3":0,"4":0,"5":0,"6":0,"7":0,"8":0},"f":{"0":0,"1":0,"2":0,"3":0,"4":0,"5":0,"6":0},"b":{"0":[0,0]}}
,"C:\\Users\\coura\\Downloads\\FOOD-ORDERING-PLATFORM\\src\\components\\login-and-signup\\signupCustomer.jsx": {"path":"C:\\Users\\coura\\Downloads\\FOOD-ORDERING-PLATFORM\\src\\components\\login-and-signup\\signupCustomer.jsx","statementMap":{"0":{"start":{"line":20,"column":6},"end":{"line":20,"column":25}},"1":{"start":{"line":22,"column":2},"end":{"line":130,"column":4}},"2":{"start":{"line":36,"column":14},"end":{"line":36,"column":33}},"3":{"start":{"line":37,"column":14},"end":{"line":37,"column":43}},"4":{"start":{"line":51,"column":33},"end":{"line":51,"column":56}},"5":{"start":{"line":61,"column":33},"end":{"line":61,"column":60}},"6":{"start":{"line":71,"column":33},"end":{"line":71,"column":65}},"7":{"start":{"line":81,"column":33},"end":{"line":81,"column":57}},"8":{"start":{"line":92,"column":33},"end":{"line":92,"column":60}}},"fnMap":{"0":{"name":"SignupCustomer","decl":{"start":{"line":6,"column":9},"end":{"line":6,"column":23}},"loc":{"start":{"line":6,"column":26},"end":{"line":131,"column":1}},"line":6},"1":{"name":"(anonymous_1)","decl":{"start":{"line":35,"column":22},"end":{"line":35,"column":23}},"loc":{"start":{"line":35,"column":29},"end":{"line":38,"column":13}},"line":35},"2":{"name":"(anonymous_2)","decl":{"start":{"line":51,"column":26},"end":{"line":51,"column":27}},"loc":{"start":{"line":51,"column":33},"end":{"line":51,"column":56}},"line":51},"3":{"name":"(anonymous_3)","decl":{"start":{"line":61,"column":26},"end":{"line":61,"column":27}},"loc":{"start":{"line":61,"column":33},"end":{"line":61,"column":60}},"line":61},"4":{"name":"(anonymous_4)","decl":{"start":{"line":71,"column":26},"end":{"line":71,"column":27}},"loc":{"start":{"line":71,"column":33},"end":{"line":71,"column":65}},"line":71},"5":{"name":"(anonymous_5)","decl":{"start":{"line":81,"column":26},"end":{"line":81,"column":27}},"loc":{"start":{"line":81,"column":33},"end":{"line":81,"column":57}},"line":81},"6":{"name":"(anonymous_6)","decl":{"start":{"line":92,"column":26},"end":{"line":92,"column":27}},"loc":{"start":{"line":92,"column":33},"end":{"line":92,"column":60}},"line":92}},"branchMap":{"0":{"loc":{"start":{"line":98,"column":13},"end":{"line":102,"column":13}},"type":"binary-expr","locations":[{"start":{"line":98,"column":13},"end":{"line":98,"column":18}},{"start":{"line":99,"column":14},"end":{"line":101,"column":18}}],"line":98}},"s":{"0":0,"1":0,"2":0,"3":0,"4":0,"5":0,"6":0,"7":0,"8":0},"f":{"0":0,"1":0,"2":0,"3":0,"4":0,"5":0,"6":0},"b":{"0":[0,0]}}
,"C:\\Users\\coura\\Downloads\\FOOD-ORDERING-PLATFORM\\src\\components\\login-and-signup\\signupVendor.jsx": {"path":"C:\\Users\\coura\\Downloads\\FOOD-ORDERING-PLATFORM\\src\\components\\login-and-signup\\signupVendor.jsx","statementMap":{"0":{"start":{"line":22,"column":6},"end":{"line":22,"column":24}},"1":{"start":{"line":24,"column":2},"end":{"line":142,"column":4}},"2":{"start":{"line":38,"column":14},"end":{"line":38,"column":33}},"3":{"start":{"line":39,"column":14},"end":{"line":39,"column":42}},"4":{"start":{"line":53,"column":33},"end":{"line":53,"column":56}},"5":{"start":{"line":63,"column":33},"end":{"line":63,"column":60}},"6":{"start":{"line":73,"column":33},"end":{"line":73,"column":63}},"7":{"start":{"line":83,"column":33},"end":{"line":83,"column":64}},"8":{"start":{"line":93,"column":33},"end":{"line":93,"column":57}},"9":{"start":{"line":104,"column":33},"end":{"line":104,"column":60}}},"fnMap":{"0":{"name":"SignupVendor","decl":{"start":{"line":6,"column":9},"end":{"line":6,"column":21}},"loc":{"start":{"line":6,"column":24},"end":{"line":143,"column":1}},"line":6},"1":{"name":"(anonymous_1)","decl":{"start":{"line":37,"column":22},"end":{"line":37,"column":23}},"loc":{"start":{"line":37,"column":29},"end":{"line":40,"column":13}},"line":37},"2":{"name":"(anonymous_2)","decl":{"start":{"line":53,"column":26},"end":{"line":53,"column":27}},"loc":{"start":{"line":53,"column":33},"end":{"line":53,"column":56}},"line":53},"3":{"name":"(anonymous_3)","decl":{"start":{"line":63,"column":26},"end":{"line":63,"column":27}},"loc":{"start":{"line":63,"column":33},"end":{"line":63,"column":60}},"line":63},"4":{"name":"(anonymous_4)","decl":{"start":{"line":73,"column":26},"end":{"line":73,"column":27}},"loc":{"start":{"line":73,"column":33},"end":{"line":73,"column":63}},"line":73},"5":{"name":"(anonymous_5)","decl":{"start":{"line":83,"column":26},"end":{"line":83,"column":27}},"loc":{"start":{"line":83,"column":33},"end":{"line":83,"column":64}},"line":83},"6":{"name":"(anonymous_6)","decl":{"start":{"line":93,"column":26},"end":{"line":93,"column":27}},"loc":{"start":{"line":93,"column":33},"end":{"line":93,"column":57}},"line":93},"7":{"name":"(anonymous_7)","decl":{"start":{"line":104,"column":26},"end":{"line":104,"column":27}},"loc":{"start":{"line":104,"column":33},"end":{"line":104,"column":60}},"line":104}},"branchMap":{"0":{"loc":{"start":{"line":110,"column":13},"end":{"line":114,"column":13}},"type":"binary-expr","locations":[{"start":{"line":110,"column":13},"end":{"line":110,"column":18}},{"start":{"line":111,"column":14},"end":{"line":113,"column":18}}],"line":110}},"s":{"0":0,"1":0,"2":0,"3":0,"4":0,"5":0,"6":0,"7":0,"8":0,"9":0},"f":{"0":0,"1":0,"2":0,"3":0,"4":0,"5":0,"6":0,"7":0},"b":{"0":[0,0]}}
}
